 ============ End Of Script ================== 

2025-04-09T07:23:43+02:00: request received => {"0":{"name":"category"}} 

2025-04-09T07:23:43+02:00 :: method inside the getCategory 

2025-04-09T07:23:43+02:00 allCategory query => SELECT GROUP_CONCAT(ticket_category.id,'@@',ticket_category.name) as `category` , Department.id as `department_id` , Department.department_name as `department_name` FROM `ticket_category` LEFT JOIN Department ON Department.id = ticket_category.department GROUP BY ticket_category.department 
2025-04-09T07:23:43+02:00 Response received from getCategory => <optgroup label = "Academic"><option value="5##11">Book</option><option value="6##11">Syllabus</option></optgroup><optgroup label = "Information Technology "><option value="1##12">New Development</option><option value="2##12">Bug</option><option value="3##12">Impliment</option><option value="4##12">Online Training</option></optgroup> 
 ============ End Of Script ================== 

 ============ End Of Script ================== 

2025-04-09T07:54:38+02:00: request received => {"0":{"name":"category"}} 

2025-04-09T07:54:38+02:00 :: method inside the getCategory 

2025-04-09T07:54:38+02:00 allCategory query => SELECT GROUP_CONCAT(ticket_category.id,'@@',ticket_category.name) as `category` , Department.id as `department_id` , Department.department_name as `department_name` FROM `ticket_category` LEFT JOIN Department ON Department.id = ticket_category.department GROUP BY ticket_category.department 
2025-04-09T07:54:38+02:00 Response received from getCategory => <optgroup label = "Academic"><option value="5##11">Book</option><option value="6##11">Syllabus</option></optgroup><optgroup label = "Information Technology "><option value="1##12">New Development</option><option value="2##12">Bug</option><option value="3##12">Impliment</option><option value="4##12">Online Training</option></optgroup> 
 ============ End Of Script ================== 

 ============ End Of Script ================== 

2025-04-09T11:37:49+02:00: request received => {"0":{"name":"category"}} 

2025-04-09T11:37:49+02:00 :: method inside the getCategory 

2025-04-09T11:37:49+02:00 allCategory query => SELECT GROUP_CONCAT(ticket_category.id,'@@',ticket_category.name) as `category` , Department.id as `department_id` , Department.department_name as `department_name` FROM `ticket_category` LEFT JOIN Department ON Department.id = ticket_category.department GROUP BY ticket_category.department 
2025-04-09T11:37:49+02:00 Response received from getCategory => <optgroup label = "Academic"><option value="5##11">Book</option><option value="6##11">Syllabus</option></optgroup><optgroup label = "Information Technology "><option value="1##12">New Development</option><option value="2##12">Bug</option><option value="3##12">Impliment</option><option value="4##12">Online Training</option></optgroup> 
 ============ End Of Script ================== 

 ============ End Of Script ================== 

2025-04-09T12:05:22+02:00: request received => {"0":{"name":"category"}} 

2025-04-09T12:05:22+02:00 :: method inside the getCategory 

2025-04-09T12:05:22+02:00 allCategory query => SELECT GROUP_CONCAT(ticket_category.id,'@@',ticket_category.name) as `category` , Department.id as `department_id` , Department.department_name as `department_name` FROM `ticket_category` LEFT JOIN Department ON Department.id = ticket_category.department GROUP BY ticket_category.department 
2025-04-09T12:05:22+02:00 Response received from getCategory => <optgroup label = "Academic"><option value="5##11">Book</option><option value="6##11">Syllabus</option></optgroup><optgroup label = "Information Technology "><option value="1##12">New Development</option><option value="2##12">Bug</option><option value="3##12">Impliment</option><option value="4##12">Online Training</option></optgroup> 
 ============ End Of Script ================== 

 ============ End Of Script ================== 

2025-04-09T12:18:38+02:00: request received => {"0":{"name":"category"}} 

2025-04-09T12:18:38+02:00 :: method inside the getCategory 

2025-04-09T12:18:38+02:00 allCategory query => SELECT GROUP_CONCAT(ticket_category.id,'@@',ticket_category.name) as `category` , Department.id as `department_id` , Department.department_name as `department_name` FROM `ticket_category` LEFT JOIN Department ON Department.id = ticket_category.department GROUP BY ticket_category.department 
2025-04-09T12:18:38+02:00 Response received from getCategory => <optgroup label = "Academic"><option value="5##11">Book</option><option value="6##11">Syllabus</option></optgroup><optgroup label = "Information Technology "><option value="1##12">New Development</option><option value="2##12">Bug</option><option value="3##12">Impliment</option><option value="4##12">Online Training</option></optgroup> 
 ============ End Of Script ================== 

 ============ End Of Script ================== 

2025-04-09T12:44:19+02:00: request received => {"0":{"name":"category"}} 

2025-04-09T12:44:19+02:00 :: method inside the getCategory 

2025-04-09T12:44:19+02:00 allCategory query => SELECT GROUP_CONCAT(ticket_category.id,'@@',ticket_category.name) as `category` , Department.id as `department_id` , Department.department_name as `department_name` FROM `ticket_category` LEFT JOIN Department ON Department.id = ticket_category.department GROUP BY ticket_category.department 
2025-04-09T12:44:19+02:00 Response received from getCategory => <optgroup label = "Academic"><option value="5##11">Book</option><option value="6##11">Syllabus</option></optgroup><optgroup label = "Information Technology "><option value="1##12">New Development</option><option value="2##12">Bug</option><option value="3##12">Impliment</option><option value="4##12">Online Training</option></optgroup> 
 ============ End Of Script ================== 

2025-04-09T12:44:22+02:00: request received => {"0":{"name":"category"}} 

2025-04-09T12:44:22+02:00 :: method inside the getCategory 

2025-04-09T12:44:22+02:00 allCategory query => SELECT GROUP_CONCAT(ticket_category.id,'@@',ticket_category.name) as `category` , Department.id as `department_id` , Department.department_name as `department_name` FROM `ticket_category` LEFT JOIN Department ON Department.id = ticket_category.department GROUP BY ticket_category.department 
2025-04-09T12:44:22+02:00 Response received from getCategory => <optgroup label = "Academic"><option value="5##11">Book</option><option value="6##11">Syllabus</option></optgroup><optgroup label = "Information Technology "><option value="1##12">New Development</option><option value="2##12">Bug</option><option value="3##12">Impliment</option><option value="4##12">Online Training</option></optgroup> 
 ============ End Of Script ================== 

