 ============ End Of Script ================== 

2025-04-21T08:17:10+02:00: request received => {"0":{"name":"category"}} 

2025-04-21T08:17:10+02:00 :: method inside the getCategory 

2025-04-21T08:17:10+02:00 allCategory query => SELECT GROUP_CONCAT(ticket_category.id,'@@',ticket_category.name) as `category` , Department.id as `department_id` , Department.department_name as `department_name` FROM `ticket_category` LEFT JOIN Department ON Department.id = ticket_category.department WHERE JSON_CONTAINS(ticket_category.erpRole, '[null]') GROUP BY ticket_category.department 
2025-04-21T08:17:10+02:00 Response received from getCategory =>  
 ============ End Of Script ================== 

 ============ End Of Script ================== 

2025-04-21T08:17:23+02:00: request received => {"0":{"name":"category"}} 

2025-04-21T08:17:23+02:00 :: method inside the getCategory 

2025-04-21T08:17:23+02:00 allCategory query => SELECT GROUP_CONCAT(ticket_category.id,'@@',ticket_category.name) as `category` , Department.id as `department_id` , Department.department_name as `department_name` FROM `ticket_category` LEFT JOIN Department ON Department.id = ticket_category.department WHERE JSON_CONTAINS(ticket_category.erpRole, '[null]') GROUP BY ticket_category.department 
2025-04-21T08:17:23+02:00 Response received from getCategory =>  
 ============ End Of Script ================== 

 ============ End Of Script ================== 

2025-04-21T08:17:56+02:00: request received => {"0":{"name":"category"}} 

2025-04-21T08:17:56+02:00 :: method inside the getCategory 

2025-04-21T08:17:56+02:00 allCategory query => SELECT GROUP_CONCAT(ticket_category.id,'@@',ticket_category.name) as `category` , Department.id as `department_id` , Department.department_name as `department_name` FROM `ticket_category` LEFT JOIN Department ON Department.id = ticket_category.department WHERE JSON_CONTAINS(ticket_category.erpRole, '[null]') GROUP BY ticket_category.department 
2025-04-21T08:17:56+02:00 Response received from getCategory =>  
 ============ End Of Script ================== 

 ============ End Of Script ================== 

2025-04-21T08:24:21+02:00: request received => {"0":{"name":"category","role":"Administrator"}} 

2025-04-21T08:24:21+02:00 :: method inside the getCategory 

2025-04-21T08:24:21+02:00 allCategory query => SELECT GROUP_CONCAT(ticket_category.id,'@@',ticket_category.name) as `category` , Department.id as `department_id` , Department.department_name as `department_name` FROM `ticket_category` LEFT JOIN Department ON Department.id = ticket_category.department  GROUP BY ticket_category.department 
2025-04-21T08:24:21+02:00 Response received from getCategory => <optgroup label = "Academic"><option value ="5##11">Book</option><option value ="6##11">Syllabus</option></optgroup><optgroup label = "Information Technology "><option value ="1##12">New Development</option><option value ="2##12">Bug</option><option value ="3##12">Impliment</option><option value ="4##12">Online Training</option><option value ="7##12">Exam Releted</option></optgroup> 
 ============ End Of Script ================== 

 ============ End Of Script ================== 

2025-04-21T08:29:59+02:00: request received => {"0":{"name":"category","role":"Administrator"}} 

2025-04-21T08:29:59+02:00 :: method inside the getCategory 

2025-04-21T08:29:59+02:00 allCategory query => SELECT GROUP_CONCAT(ticket_category.id,'@@',ticket_category.name) as `category` , Department.id as `department_id` , Department.department_name as `department_name` FROM `ticket_category` LEFT JOIN Department ON Department.id = ticket_category.department  GROUP BY ticket_category.department 
2025-04-21T08:29:59+02:00 Response received from getCategory => <optgroup label = "Academic"><option value ="5##11">Book</option><option value ="6##11">Syllabus</option></optgroup><optgroup label = "Information Technology "><option value ="1##12">New Development</option><option value ="2##12">Bug</option><option value ="3##12">Impliment</option><option value ="4##12">Online Training</option><option value ="7##12">Exam Releted</option></optgroup> 
 ============ End Of Script ================== 

