2025-04-01T07:21:04+02:00 :: StoreAndupdateTicket Script Start 

2025-04-01T07:21:04+02:00 :: method inside the insertNotification 

2025-04-01T07:21:04+02:00 :: requested data : assign_to => 13 

2025-04-01T07:21:04+02:00 :: respose => {"status":200,"message":"Notification already added successfully!"}

 ============ End Of Script ================== 

2025-04-01T07:22:09+02:00 :: StoreAndupdateTicket Script Start 

2025-04-01T07:22:09+02:00 :: method inside the insertNotification 

2025-04-01T07:22:09+02:00 :: requested data : assign_to => 13 

2025-04-01T07:22:09+02:00 :: respose => {"status":200,"message":"Notification already added successfully!"}

 ============ End Of Script ================== 

2025-04-01T07:47:46+02:00 :: StoreAndupdateTicket Script Start 

2025-04-01T07:47:46+02:00 :: method inside the insertNotification 

2025-04-01T07:47:46+02:00 :: requested data : assign_to => 13 

2025-04-01T07:47:46+02:00 :: respose => {"status":200,"message":"Notification already added successfully!"}

 ============ End Of Script ================== 

2025-04-01T07:48:05+02:00 :: StoreAndupdateTicket Script Start 

2025-04-01T07:48:05+02:00 :: method inside the insertNotification 

2025-04-01T07:48:05+02:00 :: requested data : assign_to => 13 

2025-04-01T07:48:05+02:00 :: respose => {"status":200,"message":"Notification already added successfully!"}

 ============ End Of Script ================== 

2025-04-01T07:48:37+02:00 :: StoreAndupdateTicket Script Start 

2025-04-01T07:48:37+02:00 :: method inside the insertNotification 

2025-04-01T07:48:37+02:00 :: requested data : assign_to => 13 

2025-04-01T07:48:37+02:00 :: respose => {"status":200,"message":"Notification already added successfully!"}

 ============ End Of Script ================== 

2025-04-01T07:52:43+02:00 :: StoreAndupdateTicket Script Start 

2025-04-01T07:52:43+02:00 :: method inside the insertNotification 

2025-04-01T07:52:43+02:00 :: requested data : assign_to => 13 

2025-04-01T07:52:43+02:00 :: respose => {"status":200,"message":"Notification already added successfully!"}

 ============ End Of Script ================== 

2025-04-01T07:53:02+02:00 :: StoreAndupdateTicket Script Start 

2025-04-01T07:53:02+02:00 :: method inside the insertNotification 

2025-04-01T07:53:02+02:00 :: requested data : assign_to => 13 

2025-04-01T07:53:02+02:00 :: respose => {"status":200,"message":"Notification already added successfully!"}

 ============ End Of Script ================== 

2025-04-01T07:53:06+02:00 :: StoreAndupdateTicket Script Start 

2025-04-01T07:53:06+02:00 :: method inside the insertNotification 

2025-04-01T07:53:06+02:00 :: requested data : assign_to => 13 

2025-04-01T07:53:06+02:00 :: respose => {"status":200,"message":"Notification already added successfully!"}

 ============ End Of Script ================== 

2025-04-01T08:02:01+02:00 :: StoreAndupdateTicket Script Start 

2025-04-01T08:02:01+02:00 :: method inside the insertNotification 

2025-04-01T08:02:01+02:00 :: requested data : assign_to => 13 

2025-04-01T08:02:01+02:00 :: respose => {"status":200,"message":"Notification already added successfully!"}

 ============ End Of Script ================== 

2025-04-01T08:02:21+02:00 :: StoreAndupdateTicket Script Start 

2025-04-01T08:02:21+02:00 :: method inside the insertNotification 

2025-04-01T08:02:21+02:00 :: requested data : assign_to => 13 

2025-04-01T08:02:21+02:00 :: respose => {"status":200,"message":"Notification already added successfully!"}

 ============ End Of Script ================== 

2025-04-01T08:02:29+02:00 :: StoreAndupdateTicket Script Start 

2025-04-01T08:02:29+02:00 :: method inside the insertNotification 

2025-04-01T08:02:29+02:00 :: requested data : assign_to => 13 

2025-04-01T08:02:29+02:00 :: respose => {"status":200,"message":"Notification already added successfully!"}

 ============ End Of Script ================== 

2025-04-01T08:03:04+02:00 :: StoreAndupdateTicket Script Start 

2025-04-01T08:03:04+02:00 :: method inside the insertNotification 

2025-04-01T08:03:04+02:00 :: requested data : assign_to => 13 

2025-04-01T08:03:04+02:00 :: respose => {"status":200,"message":"Notification already added successfully!"}

 ============ End Of Script ================== 

2025-04-01T08:03:11+02:00 :: StoreAndupdateTicket Script Start 

2025-04-01T08:03:11+02:00 :: method inside the insertNotification 

2025-04-01T08:03:11+02:00 :: requested data : assign_to => 7 

2025-04-01T08:03:11+02:00 :: respose => {"status":200,"message":"Notification added successfully!"}

 ============ End Of Script ================== 

2025-04-01T08:05:07+02:00 :: StoreAndupdateTicket Script Start 

2025-04-01T08:05:07+02:00 :: method inside the insertNotification 

2025-04-01T08:05:07+02:00 :: requested data : assign_to => 13 

2025-04-01T08:05:07+02:00 :: respose => {"status":200,"message":"Notification already added successfully!"}

 ============ End Of Script ================== 

2025-04-01T12:45:30+02:00 :: StoreAndupdateTicket Script Start 

2025-04-01T12:45:30+02:00 :: method inside the insertNotification 

2025-04-01T12:45:30+02:00 :: requested data : assign_to => 13 

2025-04-01T12:45:30+02:00 :: respose => {"status":200,"message":"Notification already added successfully!"}

 ============ End Of Script ================== 

2025-04-01T12:46:09+02:00 :: StoreAndupdateTicket Script Start 

2025-04-01T12:46:09+02:00 :: method inside the insertNotification 

2025-04-01T12:46:09+02:00 :: requested data : assign_to => 13 

2025-04-01T12:46:09+02:00 :: respose => {"status":200,"message":"Notification already added successfully!"}

 ============ End Of Script ================== 

