2025-03-17T07:51:34+01:00 :: StoreAndupdateTicket Script Start 

2025-03-17T07:51:34+01:00 :: method inside the InsertComment 

2025-03-17T07:51:34+01:00 :: requested data : comment => This ticket is hold for testing purpose  <br> Hold By : Sumit Kumar and attachment => []

2025-03-17T07:51:34+01:00 :: store_attachement => [] 

2025-03-17T07:51:34+01:00 :: insert comment query =>  INSERT INTO `ticket_comment`(`ticket_id`, `user_id`, `user_name`, `user_image`, `comment`, `attachment`) VALUES ('7','1','Super Admin','/../../assets/images/sample_user.jpeg','This ticket is hold for testing purpose  <br> Hold By : Sumit Kumar','[]') 

2025-03-17T07:51:34+01:00 :: respose => {"status":200,"message":"Comment send successfully!"}

 ============ End Of Script ================== 

2025-03-17T07:51:34+01:00 :: StoreAndupdateTicket Script Start 

2025-03-17T07:51:34+01:00 :: method inside the updateStatus 

2025-03-17T07:51:34+01:00 :: requested data : ticket_id => 7 and status => 6 

2025-03-17T07:51:34+01:00 :: updateTicketRecord_query => UPDATE ticket_record SET status = '6'  WHERE id = '7' 

2025-03-17T07:51:34+01:00 :: method inside the insertTicketHistory 

2025-03-17T07:51:34+01:00 :: requested data : ticket_id => 7 

2025-03-17T07:51:34+01:00 :: getUpdatedData_query => SELECT assign_by , assign_to , status , priority , category , department ,deadline_date,timer_stop FROM `ticket_record` WHERE id = '7' 

2025-03-17T07:51:34+01:00 :: insertTicketHistory_query => INSERT INTO `ticket_history`(`ticket_id`, `updated_by`,`assign_by`,`assign_to`,`status`,`priority`, `category`, `department`,`deadline_date`,`timer_stop`) VALUES ('7','1','19','25','6','2','3','12','2025-03-14','2025-03-11') 

2025-03-17T07:51:34+01:00 :: respose => {"status":200,"message":"Status Updated successfully!"}

 ============ End Of Script ================== 

2025-03-17T07:51:57+01:00 :: StoreAndupdateTicket Script Start 

2025-03-17T07:51:57+01:00 :: method inside the updateStatus 

2025-03-17T07:51:57+01:00 :: requested data : ticket_id => 7 and status => 3 

2025-03-17T07:51:57+01:00 :: updateTicketRecord_query => UPDATE ticket_record SET status = '3'  WHERE id = '7' 

2025-03-17T07:51:57+01:00 :: method inside the insertTicketHistory 

2025-03-17T07:51:57+01:00 :: requested data : ticket_id => 7 

2025-03-17T07:51:57+01:00 :: getUpdatedData_query => SELECT assign_by , assign_to , status , priority , category , department ,deadline_date,timer_stop FROM `ticket_record` WHERE id = '7' 

2025-03-17T07:51:57+01:00 :: insertTicketHistory_query => INSERT INTO `ticket_history`(`ticket_id`, `updated_by`,`assign_by`,`assign_to`,`status`,`priority`, `category`, `department`,`deadline_date`,`timer_stop`) VALUES ('7','1','19','25','3','2','3','12','2025-03-14','2025-03-11') 

2025-03-17T07:51:57+01:00 :: respose => {"status":200,"message":"Status Updated successfully!"}

 ============ End Of Script ================== 

2025-03-17T07:52:08+01:00 :: StoreAndupdateTicket Script Start 

2025-03-17T07:52:08+01:00 :: method inside the InsertComment 

2025-03-17T07:52:08+01:00 :: requested data : comment => gjrvnjfnjvfevf bvfehbjbfecjbhcef  <br> Hold By : Sumit Kumar and attachment => []

2025-03-17T07:52:08+01:00 :: store_attachement => [] 

2025-03-17T07:52:08+01:00 :: insert comment query =>  INSERT INTO `ticket_comment`(`ticket_id`, `user_id`, `user_name`, `user_image`, `comment`, `attachment`) VALUES ('7','1','Super Admin','/../../assets/images/sample_user.jpeg','gjrvnjfnjvfevf bvfehbjbfecjbhcef  <br> Hold By : Sumit Kumar','[]') 

2025-03-17T07:52:08+01:00 :: respose => {"status":200,"message":"Comment send successfully!"}

 ============ End Of Script ================== 

2025-03-17T07:52:08+01:00 :: StoreAndupdateTicket Script Start 

2025-03-17T07:52:08+01:00 :: method inside the updateStatus 

2025-03-17T07:52:08+01:00 :: requested data : ticket_id => 7 and status => 6 

2025-03-17T07:52:08+01:00 :: updateTicketRecord_query => UPDATE ticket_record SET status = '6'  WHERE id = '7' 

2025-03-17T07:52:08+01:00 :: method inside the insertTicketHistory 

2025-03-17T07:52:08+01:00 :: requested data : ticket_id => 7 

2025-03-17T07:52:08+01:00 :: getUpdatedData_query => SELECT assign_by , assign_to , status , priority , category , department ,deadline_date,timer_stop FROM `ticket_record` WHERE id = '7' 

2025-03-17T07:52:08+01:00 :: insertTicketHistory_query => INSERT INTO `ticket_history`(`ticket_id`, `updated_by`,`assign_by`,`assign_to`,`status`,`priority`, `category`, `department`,`deadline_date`,`timer_stop`) VALUES ('7','1','19','25','6','2','3','12','2025-03-14','2025-03-11') 

2025-03-17T07:52:08+01:00 :: respose => {"status":200,"message":"Status Updated successfully!"}

 ============ End Of Script ================== 

2025-03-17T07:58:28+01:00 :: StoreAndupdateTicket Script Start 

2025-03-17T07:58:28+01:00 :: method inside the updateStatus 

2025-03-17T07:58:28+01:00 :: requested data : ticket_id => 7 and status => 3 

2025-03-17T07:58:28+01:00 :: updateTicketRecord_query => UPDATE ticket_record SET status = '3'  WHERE id = '7' 

2025-03-17T07:58:28+01:00 :: method inside the insertTicketHistory 

2025-03-17T07:58:28+01:00 :: requested data : ticket_id => 7 

2025-03-17T07:58:28+01:00 :: getUpdatedData_query => SELECT assign_by , assign_to , status , priority , category , department ,deadline_date,timer_stop FROM `ticket_record` WHERE id = '7' 

2025-03-17T07:58:28+01:00 :: insertTicketHistory_query => INSERT INTO `ticket_history`(`ticket_id`, `updated_by`,`assign_by`,`assign_to`,`status`,`priority`, `category`, `department`,`deadline_date`,`timer_stop`) VALUES ('7','1','19','25','3','2','3','12','2025-03-14','2025-03-11') 

2025-03-17T07:58:28+01:00 :: respose => {"status":200,"message":"Status Updated successfully!"}

 ============ End Of Script ================== 

2025-03-17T07:58:43+01:00 :: StoreAndupdateTicket Script Start 

2025-03-17T07:58:43+01:00 :: method inside the InsertComment 

2025-03-17T07:58:43+01:00 :: requested data : comment => dsahbhdbh d dbh hdc h cdh  bcdbjdc \nHold By : Sumit Kumar and attachment => []

2025-03-17T07:58:43+01:00 :: store_attachement => [] 

2025-03-17T07:58:43+01:00 :: insert comment query =>  INSERT INTO `ticket_comment`(`ticket_id`, `user_id`, `user_name`, `user_image`, `comment`, `attachment`) VALUES ('7','1','Super Admin','/../../assets/images/sample_user.jpeg','dsahbhdbh d dbh hdc h cdh  bcdbjdc \nHold By : Sumit Kumar','[]') 

2025-03-17T07:58:43+01:00 :: respose => {"status":200,"message":"Comment send successfully!"}

 ============ End Of Script ================== 

2025-03-17T07:58:43+01:00 :: StoreAndupdateTicket Script Start 

2025-03-17T07:58:43+01:00 :: method inside the updateStatus 

2025-03-17T07:58:43+01:00 :: requested data : ticket_id => 7 and status => 6 

2025-03-17T07:58:43+01:00 :: updateTicketRecord_query => UPDATE ticket_record SET status = '6'  WHERE id = '7' 

2025-03-17T07:58:43+01:00 :: method inside the insertTicketHistory 

2025-03-17T07:58:43+01:00 :: requested data : ticket_id => 7 

2025-03-17T07:58:43+01:00 :: getUpdatedData_query => SELECT assign_by , assign_to , status , priority , category , department ,deadline_date,timer_stop FROM `ticket_record` WHERE id = '7' 

2025-03-17T07:58:43+01:00 :: insertTicketHistory_query => INSERT INTO `ticket_history`(`ticket_id`, `updated_by`,`assign_by`,`assign_to`,`status`,`priority`, `category`, `department`,`deadline_date`,`timer_stop`) VALUES ('7','1','19','25','6','2','3','12','2025-03-14','2025-03-11') 

2025-03-17T07:58:43+01:00 :: respose => {"status":200,"message":"Status Updated successfully!"}

 ============ End Of Script ================== 

2025-03-17T08:55:39+01:00 :: StoreAndupdateTicket Script Start 

2025-03-17T08:55:39+01:00 :: method inside the updateStatus 

2025-03-17T08:55:39+01:00 :: requested data : ticket_id => 7 and status => 3 

2025-03-17T08:55:39+01:00 :: updateTicketRecord_query => UPDATE ticket_record SET status = '3'  WHERE id = '7' 

2025-03-17T08:55:39+01:00 :: method inside the insertTicketHistory 

2025-03-17T08:55:39+01:00 :: requested data : ticket_id => 7 

2025-03-17T08:55:39+01:00 :: getUpdatedData_query => SELECT assign_by , assign_to , status , priority , category , department ,deadline_date,timer_stop FROM `ticket_record` WHERE id = '7' 

2025-03-17T08:55:39+01:00 :: insertTicketHistory_query => INSERT INTO `ticket_history`(`ticket_id`, `updated_by`,`assign_by`,`assign_to`,`status`,`priority`, `category`, `department`,`deadline_date`,`timer_stop`) VALUES ('7','1','19','25','3','2','3','12','2025-03-14','2025-03-11') 

2025-03-17T08:55:39+01:00 :: respose => {"status":200,"message":"Status Updated successfully!"}

 ============ End Of Script ================== 

2025-03-17T08:56:00+01:00 :: StoreAndupdateTicket Script Start 

2025-03-17T08:56:00+01:00 :: method inside the InsertComment 

2025-03-17T08:56:00+01:00 :: requested data : comment => Required for testing  \nHold By : <strong>Sumit Kumar</strong> and attachment => []

2025-03-17T08:56:00+01:00 :: store_attachement => [] 

2025-03-17T08:56:00+01:00 :: insert comment query =>  INSERT INTO `ticket_comment`(`ticket_id`, `user_id`, `user_name`, `user_image`, `comment`, `attachment`) VALUES ('7','1','Super Admin','/../../assets/images/sample_user.jpeg','Required for testing  \nHold By : <strong>Sumit Kumar</strong>','[]') 

2025-03-17T08:56:00+01:00 :: respose => {"status":200,"message":"Comment send successfully!"}

 ============ End Of Script ================== 

2025-03-17T08:56:00+01:00 :: StoreAndupdateTicket Script Start 

2025-03-17T08:56:00+01:00 :: method inside the updateStatus 

2025-03-17T08:56:00+01:00 :: requested data : ticket_id => 7 and status => 6 

2025-03-17T08:56:00+01:00 :: updateTicketRecord_query => UPDATE ticket_record SET status = '6'  WHERE id = '7' 

2025-03-17T08:56:00+01:00 :: method inside the insertTicketHistory 

2025-03-17T08:56:00+01:00 :: requested data : ticket_id => 7 

2025-03-17T08:56:00+01:00 :: getUpdatedData_query => SELECT assign_by , assign_to , status , priority , category , department ,deadline_date,timer_stop FROM `ticket_record` WHERE id = '7' 

2025-03-17T08:56:00+01:00 :: insertTicketHistory_query => INSERT INTO `ticket_history`(`ticket_id`, `updated_by`,`assign_by`,`assign_to`,`status`,`priority`, `category`, `department`,`deadline_date`,`timer_stop`) VALUES ('7','1','19','25','6','2','3','12','2025-03-14','2025-03-11') 

2025-03-17T08:56:00+01:00 :: respose => {"status":200,"message":"Status Updated successfully!"}

 ============ End Of Script ================== 

2025-03-17T10:28:37+01:00 :: StoreAndupdateTicket Script Start 

2025-03-17T10:28:37+01:00 :: method inside the insertAndUpdateDeadLine 

2025-03-17T10:28:37+01:00 :: requested data : ticket_id => 7 and deadline_date => 2025-03-19 

2025-03-17T10:28:37+01:00 :: updateTicketRecord_query => UPDATE ticket_record SET deadline_date = '2025-03-19' WHERE id = '7' 

2025-03-17T10:28:37+01:00 :: method inside the insertTicketHistory 

2025-03-17T10:28:37+01:00 :: requested data : ticket_id => 7 

2025-03-17T10:28:37+01:00 :: getUpdatedData_query => SELECT assign_by , assign_to , status , priority , category , department ,deadline_date,timer_stop FROM `ticket_record` WHERE id = '7' 

2025-03-17T10:28:37+01:00 :: insertTicketHistory_query => INSERT INTO `ticket_history`(`ticket_id`, `updated_by`,`assign_by`,`assign_to`,`status`,`priority`, `category`, `department`,`deadline_date`,`timer_stop`) VALUES ('7','1','19','25','6','2','3','12','2025-03-19','2025-03-11') 

2025-03-17T10:28:37+01:00 :: respose => {"status":200,"message":"DeadLine Updated successfully!"}

 ============ End Of Script ================== 

2025-03-17T10:28:37+01:00 :: StoreAndupdateTicket Script Start 

2025-03-17T10:28:37+01:00 :: method inside the updateStatus 

2025-03-17T10:28:37+01:00 :: requested data : ticket_id => 7 and status => 3 

2025-03-17T10:28:37+01:00 :: updateTicketRecord_query => UPDATE ticket_record SET status = '3'  WHERE id = '7' 

2025-03-17T10:28:37+01:00 :: method inside the insertTicketHistory 

2025-03-17T10:28:37+01:00 :: requested data : ticket_id => 7 

2025-03-17T10:28:37+01:00 :: getUpdatedData_query => SELECT assign_by , assign_to , status , priority , category , department ,deadline_date,timer_stop FROM `ticket_record` WHERE id = '7' 

2025-03-17T10:28:37+01:00 :: insertTicketHistory_query => INSERT INTO `ticket_history`(`ticket_id`, `updated_by`,`assign_by`,`assign_to`,`status`,`priority`, `category`, `department`,`deadline_date`,`timer_stop`) VALUES ('7','1','19','25','3','2','3','12','2025-03-19','2025-03-11') 

2025-03-17T10:28:37+01:00 :: respose => {"status":200,"message":"Status Updated successfully!"}

 ============ End Of Script ================== 

2025-03-17T10:30:05+01:00 :: StoreAndupdateTicket Script Start 

2025-03-17T10:30:05+01:00 :: method inside the insertAndUpdateDeadLine 

2025-03-17T10:30:05+01:00 :: requested data : ticket_id => 7 and deadline_date => 2025-03-20 

2025-03-17T10:30:05+01:00 :: updateTicketRecord_query => UPDATE ticket_record SET deadline_date = '2025-03-20' WHERE id = '7' 

2025-03-17T10:30:05+01:00 :: method inside the insertTicketHistory 

2025-03-17T10:30:05+01:00 :: requested data : ticket_id => 7 

2025-03-17T10:30:05+01:00 :: getUpdatedData_query => SELECT assign_by , assign_to , status , priority , category , department ,deadline_date,timer_stop FROM `ticket_record` WHERE id = '7' 

2025-03-17T10:30:05+01:00 :: insertTicketHistory_query => INSERT INTO `ticket_history`(`ticket_id`, `updated_by`,`assign_by`,`assign_to`,`status`,`priority`, `category`, `department`,`deadline_date`,`timer_stop`) VALUES ('7','1','19','25','3','2','3','12','2025-03-20','2025-03-11') 

2025-03-17T10:30:05+01:00 :: respose => {"status":200,"message":"DeadLine Updated successfully!"}

 ============ End Of Script ================== 

2025-03-17T10:30:05+01:00 :: StoreAndupdateTicket Script Start 

2025-03-17T10:30:05+01:00 :: method inside the updateStatus 

2025-03-17T10:30:05+01:00 :: requested data : ticket_id => 7 and status => 8 

2025-03-17T10:30:05+01:00 :: updateTicketRecord_query => UPDATE ticket_record SET status = '8'  WHERE id = '7' 

2025-03-17T10:30:05+01:00 :: method inside the insertTicketHistory 

2025-03-17T10:30:05+01:00 :: requested data : ticket_id => 7 

2025-03-17T10:30:05+01:00 :: getUpdatedData_query => SELECT assign_by , assign_to , status , priority , category , department ,deadline_date,timer_stop FROM `ticket_record` WHERE id = '7' 

2025-03-17T10:30:05+01:00 :: insertTicketHistory_query => INSERT INTO `ticket_history`(`ticket_id`, `updated_by`,`assign_by`,`assign_to`,`status`,`priority`, `category`, `department`,`deadline_date`,`timer_stop`) VALUES ('7','1','19','25','8','2','3','12','2025-03-20','2025-03-11') 

2025-03-17T10:30:05+01:00 :: respose => {"status":200,"message":"Status Updated successfully!"}

 ============ End Of Script ================== 

2025-03-17T11:31:04+01:00 :: StoreAndupdateTicket Script Start 

2025-03-17T11:31:04+01:00 :: method inside the checkUserStatusAsDevelopment 

2025-03-17T11:31:04+01:00 :: requested data : assign_to => 27 

2025-03-17T11:31:04+01:00 :: checkUserStatus_query => SELECT COUNT(id) FROM `ticket_record` WHERE assign_to = '27' AND status = '2' 

2025-03-17T11:31:04+01:00 :: checkUserStatus fetch Data => 1 

2025-03-17T11:31:04+01:00 :: respose => {"status":400,"message":"User Already Assign On New Development"}

 ============ End Of Script ================== 

