2025-04-14T09:33:23+02:00 :: StoreAndupdateTicket Script Start 

2025-04-14T09:33:23+02:00 :: method inside the insertNotification 

2025-04-14T09:33:23+02:00 :: requested data : assign_to => 21 

2025-04-14T09:33:23+02:00 :: respose => {"status":200,"message":"Notification added successfully!"}

 ============ End Of Script ================== 

2025-04-14T20:16:41+02:00 :: StoreAndupdateTicket Script Start 

2025-04-14T20:16:41+02:00 :: method inside the insertNotification 

2025-04-14T20:16:41+02:00 :: requested data : assign_to => 21 

2025-04-14T20:16:41+02:00 :: respose => {"status":200,"message":"Notification already added successfully!"}

 ============ End Of Script ================== 

2025-04-14T20:16:48+02:00 :: StoreAndupdateTicket Script Start 

2025-04-14T20:16:48+02:00 :: method inside the insertNotification 

2025-04-14T20:16:48+02:00 :: requested data : assign_to => 18 

2025-04-14T20:16:48+02:00 :: respose => {"status":200,"message":"Notification already added successfully!"}

 ============ End Of Script ================== 

2025-04-14T20:19:27+02:00 :: StoreAndupdateTicket Script Start 

2025-04-14T20:19:27+02:00 :: method inside the insertNotification 

2025-04-14T20:19:27+02:00 :: requested data : assign_to => 21 

2025-04-14T20:19:27+02:00 :: respose => {"status":200,"message":"Notification added successfully!"}

 ============ End Of Script ================== 

2025-04-14T20:20:38+02:00 :: StoreAndupdateTicket Script Start 

2025-04-14T20:20:38+02:00 :: method inside the insertNotification 

2025-04-14T20:20:38+02:00 :: requested data : assign_to => 21 

2025-04-14T20:20:38+02:00 :: respose => {"status":200,"message":"Notification already added successfully!"}

 ============ End Of Script ================== 

2025-04-14T20:21:09+02:00 :: StoreAndupdateTicket Script Start 

2025-04-14T20:21:09+02:00 :: method inside the insertNotification 

2025-04-14T20:21:09+02:00 :: requested data : assign_to => 21 

2025-04-14T20:21:09+02:00 :: respose => {"status":200,"message":"Notification already added successfully!"}

 ============ End Of Script ================== 

2025-04-14T20:21:26+02:00 :: StoreAndupdateTicket Script Start 

2025-04-14T20:21:26+02:00 :: method inside the insertNotification 

2025-04-14T20:21:26+02:00 :: requested data : assign_to => 21 

2025-04-14T20:21:26+02:00 :: respose => {"status":200,"message":"Notification already added successfully!"}

 ============ End Of Script ================== 

2025-04-14T20:21:31+02:00 :: StoreAndupdateTicket Script Start 

2025-04-14T20:21:31+02:00 :: method inside the insertNotification 

2025-04-14T20:21:31+02:00 :: requested data : assign_to => 18 

2025-04-14T20:21:31+02:00 :: respose => {"status":200,"message":"Notification added successfully!"}

 ============ End Of Script ================== 

2025-04-14T20:21:41+02:00 :: StoreAndupdateTicket Script Start 

2025-04-14T20:21:41+02:00 :: method inside the insertAndUpdateDeadLine 

2025-04-14T20:21:41+02:00 :: requested data : ticket_id => 18 and deadline_date => 2025-04-17 23:51:38 

2025-04-14T20:21:41+02:00 :: updateTicketRecord_query => UPDATE ticket_record SET deadline_date = '2025-04-17 23:51:38' WHERE id = '18' 

2025-04-14T20:21:41+02:00 :: method inside the insertTicketHistory 

2025-04-14T20:21:41+02:00 :: requested data : ticket_id => 18 

2025-04-14T20:21:41+02:00 :: getUpdatedData_query => SELECT assign_by , assign_to , status , priority , category , department ,deadline_date,timer_stop FROM `ticket_record` WHERE id = '18' 

2025-04-14T20:21:41+02:00 :: Insert into ticket_history successful 

2025-04-14T20:21:41+02:00 :: respose => {"status":200,"message":"DeadLine Updated successfully!"}

 ============ End Of Script ================== 

2025-04-14T20:21:41+02:00 :: StoreAndupdateTicket Script Start 

2025-04-14T20:21:41+02:00 :: method inside the updateStatus 

2025-04-14T20:21:41+02:00 :: requested data : ticket_id => 18 and status => 7 

2025-04-14T20:21:41+02:00 :: updateTicketRecord_query => UPDATE ticket_record SET status = '7'  WHERE id = '18' 

2025-04-14T20:21:41+02:00 :: method inside the insertTicketHistory 

2025-04-14T20:21:41+02:00 :: requested data : ticket_id => 18 

2025-04-14T20:21:41+02:00 :: getUpdatedData_query => SELECT assign_by , assign_to , status , priority , category , department ,deadline_date,timer_stop FROM `ticket_record` WHERE id = '18' 

2025-04-14T20:21:41+02:00 :: Insert into ticket_history successful 

2025-04-14T20:21:41+02:00 :: respose => {"status":200,"message":"Status Updated successfully!"}

 ============ End Of Script ================== 

2025-04-14T20:21:41+02:00 :: StoreAndupdateTicket Script Start 

2025-04-14T20:21:41+02:00 :: method inside the updateAssignToUser 

2025-04-14T20:21:41+02:00 :: requested data : ticket_id => 18 and assignBy_user => 19 , assignTo_user => 23 

2025-04-14T20:21:41+02:00 :: updateTicketRecord_query => UPDATE ticket_record SET assign_by = '19' , assign_to = '23' WHERE id = '18' 

2025-04-14T20:21:41+02:00 :: method inside the insertTicketHistory 

2025-04-14T20:21:41+02:00 :: requested data : ticket_id => 18 

2025-04-14T20:21:41+02:00 :: getUpdatedData_query => SELECT assign_by , assign_to , status , priority , category , department ,deadline_date,timer_stop FROM `ticket_record` WHERE id = '18' 

2025-04-14T20:21:41+02:00 :: Insert into ticket_history successful 

2025-04-14T20:21:41+02:00 :: method inside the getTicketAllInformation 

2025-04-14T20:21:41+02:00 :: requested data : ticket_id => 18 

2025-04-14T20:21:41+02:00 :: fetch ticket info Query => SELECT ticket_record.id , ticket_record.unique_id , ticket_record.task_name , ticket_record.task_description , CASE WHEN ticket_record.priority = '1' THEN 'Low' WHEN ticket_record.priority = '2' THEN 'Medium' WHEN ticket_record.priority = '3' THEN 'High' END as `ticketPriority` , DATE_FORMAT(ticket_record.updated_at,'%d-%b-%Y %h:%i:%s') as `assignDate` , ticket_record.create_person_name as `createdPersonName` , assign_to_user.Name as `assignToUser` , assign_by_user.Name as `assignByUser` , ticket_record.create_person_email as `createPersonEmail` , assign_to_user.Email as `assignToUserEmail` FROM ticket_record LEFT JOIN users as `assign_to_user` ON ticket_record.assign_to = assign_to_user.ID LEFT JOIN users AS `assign_by_user` ON ticket_record.assign_by = assign_by_user.ID  WHERE ticket_record.id = '18' 

2025-04-14T20:21:41+02:00 :: method inside the createEmailData 

2025-04-14T20:21:41+02:00 :: requested ticket_info_data => {"ticketQniqueId":"GLOCAL-4","ticketSubject":"Exam Form Not Show","ticketPriority":"High","assignDate":"14-Apr-2025 11:51:41","createdPersonName":"GUNISHA SHARMA ","assignToUser":"Deepak Singh Rawat","assignByUser":"Mahinder Nautiyal","createPersonEmail":"sharmagunisha2@gmail.com","assignToUserEmail":"deepak@edtechinnovate.com"} email_function => {"messageTicketAssignUser":{"email":"deepak@edtechinnovate.com"},"messageToCreateUserForTicketAssignedDetails":{"email":"sharmagunisha2@gmail.com"}} 

2025-04-14T20:21:41+02:00 :: Resposne received from => messageTicketAssignUser 

2025-04-14T20:21:41+02:00 :: TO => deepak@edtechinnovate.com 

 cc =>  

 subject => New Ticket Assigned: [Ticket GLOCAL-4] 

 body => 
        <p>Dear Deepak Singh Rawat,<p>
        <p>A new support ticket has been assigned to you. Please review the details below:</p>
        <p>Ticket Details:</p>
        <div><b>- Ticket ID: </b>GLOCAL-4</div>
        <div><b>- Subject: </b>Exam Form Not Show</div>
        <div><b>Priority: </b> High</div>
        <div><b>Assigned By: </b> Mahinder Nautiyal</div>
        <div><b>Date Assigned: </b>14-Apr-2025 11:51:41</div>
        <br>
        <div>Best Regards</div>
        <div>EDTECH Innovate Pvt. Ltd.</div>
     

2025-04-14T20:21:41+02:00 :: Resposne received from => messageToCreateUserForTicketAssignedDetails 

2025-04-14T20:21:41+02:00 :: TO => sharmagunisha2@gmail.com 

 cc =>  

 subject => Ticket Has Been Assigned - GLOCAL-4 

 body => 
        <p>Dear GUNISHA SHARMA ,<p>
        <p>Your ticket has been successfully assigned. Please find the ticket details below</p>
        <p>Ticket Details:</p>
        <div><b>- Ticket ID: </b>GLOCAL-4</div>
        <div><b>- Subject: </b>Exam Form Not Show</div>
        <div><b>Priority: </b> High</div>
        <div><b>Assigned To: </b> Deepak Singh Rawat</div>
        <div><b>Date Assigned: </b>14-Apr-2025 11:51:41</div>
        <br>
        <div>Best Regards</div>
        <div>EDTECH Innovate Pvt. Ltd.</div>
     

2025-04-14T20:21:41+02:00 :: mail_queue Data => [{"to":"deepak@edtechinnovate.com","cc":null,"subject":"New Ticket Assigned: [Ticket GLOCAL-4]","body":"\r\n        <p>Dear Deepak Singh Rawat,<p>\r\n        <p>A new support ticket has been assigned to you. Please review the details below:<\/p>\r\n        <p>Ticket Details:<\/p>\r\n        <div><b>- Ticket ID: <\/b>GLOCAL-4<\/div>\r\n        <div><b>- Subject: <\/b>Exam Form Not Show<\/div>\r\n        <div><b>Priority: <\/b> High<\/div>\r\n        <div><b>Assigned By: <\/b> Mahinder Nautiyal<\/div>\r\n        <div><b>Date Assigned: <\/b>14-Apr-2025 11:51:41<\/div>\r\n        <br>\r\n        <div>Best Regards<\/div>\r\n        <div>EDTECH Innovate Pvt. Ltd.<\/div>\r\n    "},{"to":"sharmagunisha2@gmail.com","cc":null,"subject":"Ticket Has Been Assigned - GLOCAL-4","body":"\r\n        <p>Dear GUNISHA SHARMA ,<p>\r\n        <p>Your ticket has been successfully assigned. Please find the ticket details below<\/p>\r\n        <p>Ticket Details:<\/p>\r\n        <div><b>- Ticket ID: <\/b>GLOCAL-4<\/div>\r\n        <div><b>- Subject: <\/b>Exam Form Not Show<\/div>\r\n        <div><b>Priority: <\/b> High<\/div>\r\n        <div><b>Assigned To: <\/b> Deepak Singh Rawat<\/div>\r\n        <div><b>Date Assigned: <\/b>14-Apr-2025 11:51:41<\/div>\r\n        <br>\r\n        <div>Best Regards<\/div>\r\n        <div>EDTECH Innovate Pvt. Ltd.<\/div>\r\n    "}]

2025-04-14T20:21:41+02:00 :: url => http://edtechstrucure.local/app/mailSystem/CreateMailQueue , request => {"data":[{"to":"deepak@edtechinnovate.com","cc":null,"subject":"New Ticket Assigned: [Ticket GLOCAL-4]","body":"\r\n        <p>Dear Deepak Singh Rawat,<p>\r\n        <p>A new support ticket has been assigned to you. Please review the details below:<\/p>\r\n        <p>Ticket Details:<\/p>\r\n        <div><b>- Ticket ID: <\/b>GLOCAL-4<\/div>\r\n        <div><b>- Subject: <\/b>Exam Form Not Show<\/div>\r\n        <div><b>Priority: <\/b> High<\/div>\r\n        <div><b>Assigned By: <\/b> Mahinder Nautiyal<\/div>\r\n        <div><b>Date Assigned: <\/b>14-Apr-2025 11:51:41<\/div>\r\n        <br>\r\n        <div>Best Regards<\/div>\r\n        <div>EDTECH Innovate Pvt. Ltd.<\/div>\r\n    "},{"to":"sharmagunisha2@gmail.com","cc":null,"subject":"Ticket Has Been Assigned - GLOCAL-4","body":"\r\n        <p>Dear GUNISHA SHARMA ,<p>\r\n        <p>Your ticket has been successfully assigned. Please find the ticket details below<\/p>\r\n        <p>Ticket Details:<\/p>\r\n        <div><b>- Ticket ID: <\/b>GLOCAL-4<\/div>\r\n        <div><b>- Subject: <\/b>Exam Form Not Show<\/div>\r\n        <div><b>Priority: <\/b> High<\/div>\r\n        <div><b>Assigned To: <\/b> Deepak Singh Rawat<\/div>\r\n        <div><b>Date Assigned: <\/b>14-Apr-2025 11:51:41<\/div>\r\n        <br>\r\n        <div>Best Regards<\/div>\r\n        <div>EDTECH Innovate Pvt. Ltd.<\/div>\r\n    "}]} 

2025-04-14T20:21:42+02:00 :: response => {"status":200,"message":"Worker Start successfully!"} 

2025-04-14T20:21:42+02:00 :: respose => {"status":200,"message":"User Assign successfully!"}

 ============ End Of Script ================== 

2025-04-14T20:21:42+02:00 :: StoreAndupdateTicket Script Start 

2025-04-14T20:21:42+02:00 :: method inside the insertNotification 

2025-04-14T20:21:42+02:00 :: requested data : assign_to => 18 

2025-04-14T20:21:42+02:00 :: respose => {"status":200,"message":"Notification already added successfully!"}

 ============ End Of Script ================== 

