2025-02-20T13:47:08+01:00 :: StoreAndupdateTicket Script Start 

2025-02-20T13:47:08+01:00 :: method inside the InsertTicket 

2025-02-20T13:47:08+01:00 :: requested data => {"task_name":"Exam System","status":"1","category":"1","person_name":"Rohit Raj","priority":"3","department":"12","task_discription":"Create a exam system for Glocal Vocational ","person_email":"rohit@gmail.com","person_contact":"7004855388","attachment":"..\/..\/uploads\/ticket_attachment\/Admisssion.png"}

2025-02-20T13:47:08+01:00 insert query => INSERT INTO `ticket_record`(`unique_id`, `task_name`, `task_description`, `raised_by`, `status`, `priority`, `category`, `department`, `person_name`, `person_contact`, `person_email`, `attachment`) VALUES ('','Exam System','','1','1','3','1','12','Rohit Raj','7004855388','rohit@gmail.com','../../uploads/ticket_attachment/Admisssion.png') 

 ============ End Of Script ================== 

2025-02-20T13:47:21+01:00 :: StoreAndupdateTicket Script Start 

2025-02-20T13:47:21+01:00 :: method inside the InsertTicket 

2025-02-20T13:47:21+01:00 :: requested data => {"task_name":"Exam System","status":"1","category":"1","person_name":"Rohit Raj","priority":"3","department":"12","task_discription":"Create a exam system for Glocal Vocational ","person_email":"rohit@gmail.com","person_contact":"7004855388","attachment":"..\/..\/uploads\/ticket_attachment\/Admisssion.png"}

2025-02-20T13:47:21+01:00 insert query => INSERT INTO `ticket_record`(`unique_id`, `task_name`, `task_description`, `raised_by`, `status`, `priority`, `category`, `department`, `person_name`, `person_contact`, `person_email`, `attachment`) VALUES ('','Exam System','','1','1','3','1','12','Rohit Raj','7004855388','rohit@gmail.com','../../uploads/ticket_attachment/Admisssion.png') 

 ============ End Of Script ================== 

2025-02-20T13:51:34+01:00 :: StoreAndupdateTicket Script Start 

2025-02-20T13:51:34+01:00 :: method inside the InsertTicket 

2025-02-20T13:51:34+01:00 :: requested data => {"task_name":"Exam System","status":"1","category":"1","person_name":"Rohit Raj","priority":"3","department":"12","task_description":"","person_email":"rohit@gmail.com","person_contact":"7004855388","attachment":"..\/..\/uploads\/ticket_attachment\/Admisssion.png"}

2025-02-20T13:51:34+01:00 insert query => INSERT INTO `ticket_record`(`unique_id`, `task_name`, `task_description`, `raised_by`, `status`, `priority`, `category`, `department`, `person_name`, `person_contact`, `person_email`, `attachment`) VALUES ('','Exam System','','1','1','3','1','12','Rohit Raj','7004855388','rohit@gmail.com','../../uploads/ticket_attachment/Admisssion.png') 

 ============ End Of Script ================== 

2025-02-20T13:52:54+01:00 :: StoreAndupdateTicket Script Start 

2025-02-20T13:52:54+01:00 :: All required keys are not present 

 ============ End Of Script ================== 

2025-02-20T13:57:52+01:00 :: StoreAndupdateTicket Script Start 

2025-02-20T13:57:52+01:00 :: All required keys are not present 

 ============ End Of Script ================== 

