2025-03-12T03:13:44+01:00 :: StoreAndupdateTicket Script Start 

2025-03-12T03:13:44+01:00 :: method inside the checkUserIsAssignByUserOrNot 

2025-03-12T03:13:44+01:00 :: requested data : ticket_id => 10 

2025-03-12T03:13:44+01:00 :: respose => {"status":200,"message":"User allowed to close the Ticket successfully!"}

 ============ End Of Script ================== 

2025-03-12T03:13:46+01:00 :: StoreAndupdateTicket Script Start 

2025-03-12T03:13:46+01:00 :: method inside the updateStatus 

2025-03-12T03:13:46+01:00 :: requested data : ticket_id => 10 and status => 5 

2025-03-12T03:13:46+01:00 :: updateTicketRecord_query => UPDATE ticket_record SET status = '5'  WHERE id = '10' 

2025-03-12T03:13:46+01:00 :: method inside the insertTicketHistory 

2025-03-12T03:13:46+01:00 :: requested data : ticket_id => 10 

2025-03-12T03:13:46+01:00 :: getUpdatedData_query => SELECT assign_by , assign_to , status , priority , category , department ,deadline_date,timer_stop FROM `ticket_record` WHERE id = '10' 

2025-03-12T03:13:46+01:00 :: insertTicketHistory_query => INSERT INTO `ticket_history`(`ticket_id`, `updated_by`,`assign_by`,`assign_to`,`status`,`priority`, `category`, `department`,`deadline_date`,`timer_stop`) VALUES ('10','25','25','27','5','2','1','12','','') 

2025-03-12T03:13:46+01:00 :: respose => {"status":200,"message":"Status Updated successfully!"}

 ============ End Of Script ================== 

2025-03-12T04:34:27+01:00 :: StoreAndupdateTicket Script Start 

2025-03-12T04:34:27+01:00 :: method inside the updateStatus 

2025-03-12T04:34:27+01:00 :: requested data : ticket_id => 1 and status => 6 

2025-03-12T04:34:27+01:00 :: updateTicketRecord_query => UPDATE ticket_record SET status = '6'  WHERE id = '1' 

2025-03-12T04:34:27+01:00 :: method inside the insertTicketHistory 

2025-03-12T04:34:27+01:00 :: requested data : ticket_id => 1 

2025-03-12T04:34:27+01:00 :: getUpdatedData_query => SELECT assign_by , assign_to , status , priority , category , department ,deadline_date,timer_stop FROM `ticket_record` WHERE id = '1' 

2025-03-12T04:34:27+01:00 :: insertTicketHistory_query => INSERT INTO `ticket_history`(`ticket_id`, `updated_by`,`assign_by`,`assign_to`,`status`,`priority`, `category`, `department`,`deadline_date`,`timer_stop`) VALUES ('1','1','19','28','6','3','1','12','','') 

2025-03-12T04:34:27+01:00 :: respose => {"status":200,"message":"Status Updated successfully!"}

 ============ End Of Script ================== 

2025-03-12T04:34:54+01:00 :: StoreAndupdateTicket Script Start 

2025-03-12T04:34:54+01:00 :: method inside the updateStatus 

2025-03-12T04:34:54+01:00 :: requested data : ticket_id => 1 and status => 3 

2025-03-12T04:34:54+01:00 :: updateTicketRecord_query => UPDATE ticket_record SET status = '3'  WHERE id = '1' 

2025-03-12T04:34:54+01:00 :: method inside the insertTicketHistory 

2025-03-12T04:34:54+01:00 :: requested data : ticket_id => 1 

2025-03-12T04:34:54+01:00 :: getUpdatedData_query => SELECT assign_by , assign_to , status , priority , category , department ,deadline_date,timer_stop FROM `ticket_record` WHERE id = '1' 

2025-03-12T04:34:54+01:00 :: insertTicketHistory_query => INSERT INTO `ticket_history`(`ticket_id`, `updated_by`,`assign_by`,`assign_to`,`status`,`priority`, `category`, `department`,`deadline_date`,`timer_stop`) VALUES ('1','1','19','28','3','3','1','12','','') 

2025-03-12T04:34:54+01:00 :: respose => {"status":200,"message":"Status Updated successfully!"}

 ============ End Of Script ================== 

2025-03-12T04:35:08+01:00 :: StoreAndupdateTicket Script Start 

2025-03-12T04:35:08+01:00 :: method inside the updateStatus 

2025-03-12T04:35:08+01:00 :: requested data : ticket_id => 1 and status => 6 

2025-03-12T04:35:08+01:00 :: updateTicketRecord_query => UPDATE ticket_record SET status = '6'  WHERE id = '1' 

2025-03-12T04:35:08+01:00 :: method inside the insertTicketHistory 

2025-03-12T04:35:08+01:00 :: requested data : ticket_id => 1 

2025-03-12T04:35:08+01:00 :: getUpdatedData_query => SELECT assign_by , assign_to , status , priority , category , department ,deadline_date,timer_stop FROM `ticket_record` WHERE id = '1' 

2025-03-12T04:35:08+01:00 :: insertTicketHistory_query => INSERT INTO `ticket_history`(`ticket_id`, `updated_by`,`assign_by`,`assign_to`,`status`,`priority`, `category`, `department`,`deadline_date`,`timer_stop`) VALUES ('1','1','19','28','6','3','1','12','','') 

2025-03-12T04:35:08+01:00 :: respose => {"status":200,"message":"Status Updated successfully!"}

 ============ End Of Script ================== 

2025-03-12T04:35:38+01:00 :: StoreAndupdateTicket Script Start 

2025-03-12T04:35:38+01:00 :: method inside the updateStatus 

2025-03-12T04:35:38+01:00 :: requested data : ticket_id => 1 and status => 3 

2025-03-12T04:35:38+01:00 :: updateTicketRecord_query => UPDATE ticket_record SET status = '3'  WHERE id = '1' 

2025-03-12T04:35:38+01:00 :: method inside the insertTicketHistory 

2025-03-12T04:35:38+01:00 :: requested data : ticket_id => 1 

2025-03-12T04:35:38+01:00 :: getUpdatedData_query => SELECT assign_by , assign_to , status , priority , category , department ,deadline_date,timer_stop FROM `ticket_record` WHERE id = '1' 

2025-03-12T04:35:38+01:00 :: insertTicketHistory_query => INSERT INTO `ticket_history`(`ticket_id`, `updated_by`,`assign_by`,`assign_to`,`status`,`priority`, `category`, `department`,`deadline_date`,`timer_stop`) VALUES ('1','1','19','28','3','3','1','12','','') 

2025-03-12T04:35:38+01:00 :: respose => {"status":200,"message":"Status Updated successfully!"}

 ============ End Of Script ================== 

2025-03-12T04:36:39+01:00 :: StoreAndupdateTicket Script Start 

2025-03-12T04:36:39+01:00 :: method inside the updateStatus 

2025-03-12T04:36:39+01:00 :: requested data : ticket_id => 1 and status => 6 

2025-03-12T04:36:39+01:00 :: updateTicketRecord_query => UPDATE ticket_record SET status = '6'  WHERE id = '1' 

2025-03-12T04:36:39+01:00 :: method inside the insertTicketHistory 

2025-03-12T04:36:39+01:00 :: requested data : ticket_id => 1 

2025-03-12T04:36:39+01:00 :: getUpdatedData_query => SELECT assign_by , assign_to , status , priority , category , department ,deadline_date,timer_stop FROM `ticket_record` WHERE id = '1' 

2025-03-12T04:36:39+01:00 :: insertTicketHistory_query => INSERT INTO `ticket_history`(`ticket_id`, `updated_by`,`assign_by`,`assign_to`,`status`,`priority`, `category`, `department`,`deadline_date`,`timer_stop`) VALUES ('1','1','19','28','6','3','1','12','','') 

2025-03-12T04:36:39+01:00 :: respose => {"status":200,"message":"Status Updated successfully!"}

 ============ End Of Script ================== 

2025-03-12T04:39:00+01:00 :: StoreAndupdateTicket Script Start 

2025-03-12T04:39:00+01:00 :: method inside the updateStatus 

2025-03-12T04:39:00+01:00 :: requested data : ticket_id => 1 and status => 3 

2025-03-12T04:39:00+01:00 :: updateTicketRecord_query => UPDATE ticket_record SET status = '3'  WHERE id = '1' 

2025-03-12T04:39:00+01:00 :: method inside the insertTicketHistory 

2025-03-12T04:39:00+01:00 :: requested data : ticket_id => 1 

2025-03-12T04:39:00+01:00 :: getUpdatedData_query => SELECT assign_by , assign_to , status , priority , category , department ,deadline_date,timer_stop FROM `ticket_record` WHERE id = '1' 

2025-03-12T04:39:00+01:00 :: insertTicketHistory_query => INSERT INTO `ticket_history`(`ticket_id`, `updated_by`,`assign_by`,`assign_to`,`status`,`priority`, `category`, `department`,`deadline_date`,`timer_stop`) VALUES ('1','1','19','28','3','3','1','12','','') 

2025-03-12T04:39:00+01:00 :: respose => {"status":200,"message":"Status Updated successfully!"}

 ============ End Of Script ================== 

2025-03-12T04:39:02+01:00 :: StoreAndupdateTicket Script Start 

2025-03-12T04:39:02+01:00 :: method inside the updateStatus 

2025-03-12T04:39:02+01:00 :: requested data : ticket_id => 1 and status => 6 

2025-03-12T04:39:02+01:00 :: updateTicketRecord_query => UPDATE ticket_record SET status = '6'  WHERE id = '1' 

2025-03-12T04:39:02+01:00 :: method inside the insertTicketHistory 

2025-03-12T04:39:02+01:00 :: requested data : ticket_id => 1 

2025-03-12T04:39:02+01:00 :: getUpdatedData_query => SELECT assign_by , assign_to , status , priority , category , department ,deadline_date,timer_stop FROM `ticket_record` WHERE id = '1' 

2025-03-12T04:39:02+01:00 :: insertTicketHistory_query => INSERT INTO `ticket_history`(`ticket_id`, `updated_by`,`assign_by`,`assign_to`,`status`,`priority`, `category`, `department`,`deadline_date`,`timer_stop`) VALUES ('1','1','19','28','6','3','1','12','','') 

2025-03-12T04:39:02+01:00 :: respose => {"status":200,"message":"Status Updated successfully!"}

 ============ End Of Script ================== 

2025-03-12T04:45:46+01:00 :: StoreAndupdateTicket Script Start 

2025-03-12T04:45:46+01:00 :: method inside the updateStatus 

2025-03-12T04:45:46+01:00 :: requested data : ticket_id => 1 and status => 3 

2025-03-12T04:45:46+01:00 :: updateTicketRecord_query => UPDATE ticket_record SET status = '3'  WHERE id = '1' 

2025-03-12T04:45:46+01:00 :: method inside the insertTicketHistory 

2025-03-12T04:45:46+01:00 :: requested data : ticket_id => 1 

2025-03-12T04:45:46+01:00 :: getUpdatedData_query => SELECT assign_by , assign_to , status , priority , category , department ,deadline_date,timer_stop FROM `ticket_record` WHERE id = '1' 

2025-03-12T04:45:46+01:00 :: insertTicketHistory_query => INSERT INTO `ticket_history`(`ticket_id`, `updated_by`,`assign_by`,`assign_to`,`status`,`priority`, `category`, `department`,`deadline_date`,`timer_stop`) VALUES ('1','1','19','28','3','3','1','12','','') 

2025-03-12T04:45:46+01:00 :: respose => {"status":200,"message":"Status Updated successfully!"}

 ============ End Of Script ================== 

2025-03-12T04:45:50+01:00 :: StoreAndupdateTicket Script Start 

2025-03-12T04:45:50+01:00 :: method inside the updateStatus 

2025-03-12T04:45:50+01:00 :: requested data : ticket_id => 1 and status => 6 

2025-03-12T04:45:50+01:00 :: updateTicketRecord_query => UPDATE ticket_record SET status = '6'  WHERE id = '1' 

2025-03-12T04:45:50+01:00 :: method inside the insertTicketHistory 

2025-03-12T04:45:50+01:00 :: requested data : ticket_id => 1 

2025-03-12T04:45:50+01:00 :: getUpdatedData_query => SELECT assign_by , assign_to , status , priority , category , department ,deadline_date,timer_stop FROM `ticket_record` WHERE id = '1' 

2025-03-12T04:45:50+01:00 :: insertTicketHistory_query => INSERT INTO `ticket_history`(`ticket_id`, `updated_by`,`assign_by`,`assign_to`,`status`,`priority`, `category`, `department`,`deadline_date`,`timer_stop`) VALUES ('1','1','19','28','6','3','1','12','','') 

2025-03-12T04:45:50+01:00 :: respose => {"status":200,"message":"Status Updated successfully!"}

 ============ End Of Script ================== 

2025-03-12T04:46:44+01:00 :: StoreAndupdateTicket Script Start 

2025-03-12T04:46:44+01:00 :: method inside the updateStatus 

2025-03-12T04:46:44+01:00 :: requested data : ticket_id => 1 and status => 3 

2025-03-12T04:46:44+01:00 :: updateTicketRecord_query => UPDATE ticket_record SET status = '3'  WHERE id = '1' 

2025-03-12T04:46:44+01:00 :: method inside the insertTicketHistory 

2025-03-12T04:46:44+01:00 :: requested data : ticket_id => 1 

2025-03-12T04:46:44+01:00 :: getUpdatedData_query => SELECT assign_by , assign_to , status , priority , category , department ,deadline_date,timer_stop FROM `ticket_record` WHERE id = '1' 

2025-03-12T04:46:44+01:00 :: insertTicketHistory_query => INSERT INTO `ticket_history`(`ticket_id`, `updated_by`,`assign_by`,`assign_to`,`status`,`priority`, `category`, `department`,`deadline_date`,`timer_stop`) VALUES ('1','1','19','28','3','3','1','12','','') 

2025-03-12T04:46:44+01:00 :: respose => {"status":200,"message":"Status Updated successfully!"}

 ============ End Of Script ================== 

2025-03-12T04:46:47+01:00 :: StoreAndupdateTicket Script Start 

2025-03-12T04:46:47+01:00 :: method inside the updateStatus 

2025-03-12T04:46:47+01:00 :: requested data : ticket_id => 1 and status => 6 

2025-03-12T04:46:47+01:00 :: updateTicketRecord_query => UPDATE ticket_record SET status = '6'  WHERE id = '1' 

2025-03-12T04:46:47+01:00 :: method inside the insertTicketHistory 

2025-03-12T04:46:47+01:00 :: requested data : ticket_id => 1 

2025-03-12T04:46:47+01:00 :: getUpdatedData_query => SELECT assign_by , assign_to , status , priority , category , department ,deadline_date,timer_stop FROM `ticket_record` WHERE id = '1' 

2025-03-12T04:46:47+01:00 :: insertTicketHistory_query => INSERT INTO `ticket_history`(`ticket_id`, `updated_by`,`assign_by`,`assign_to`,`status`,`priority`, `category`, `department`,`deadline_date`,`timer_stop`) VALUES ('1','1','19','28','6','3','1','12','','') 

2025-03-12T04:46:47+01:00 :: respose => {"status":200,"message":"Status Updated successfully!"}

 ============ End Of Script ================== 

2025-03-12T04:47:19+01:00 :: StoreAndupdateTicket Script Start 

2025-03-12T04:47:19+01:00 :: method inside the updateStatus 

2025-03-12T04:47:19+01:00 :: requested data : ticket_id => 1 and status => 3 

2025-03-12T04:47:19+01:00 :: updateTicketRecord_query => UPDATE ticket_record SET status = '3'  WHERE id = '1' 

2025-03-12T04:47:19+01:00 :: method inside the insertTicketHistory 

2025-03-12T04:47:19+01:00 :: requested data : ticket_id => 1 

2025-03-12T04:47:19+01:00 :: getUpdatedData_query => SELECT assign_by , assign_to , status , priority , category , department ,deadline_date,timer_stop FROM `ticket_record` WHERE id = '1' 

2025-03-12T04:47:19+01:00 :: insertTicketHistory_query => INSERT INTO `ticket_history`(`ticket_id`, `updated_by`,`assign_by`,`assign_to`,`status`,`priority`, `category`, `department`,`deadline_date`,`timer_stop`) VALUES ('1','1','19','28','3','3','1','12','','') 

2025-03-12T04:47:19+01:00 :: respose => {"status":200,"message":"Status Updated successfully!"}

 ============ End Of Script ================== 

2025-03-12T04:47:22+01:00 :: StoreAndupdateTicket Script Start 

2025-03-12T04:47:22+01:00 :: method inside the updateStatus 

2025-03-12T04:47:22+01:00 :: requested data : ticket_id => 1 and status => 6 

2025-03-12T04:47:22+01:00 :: updateTicketRecord_query => UPDATE ticket_record SET status = '6'  WHERE id = '1' 

2025-03-12T04:47:22+01:00 :: method inside the insertTicketHistory 

2025-03-12T04:47:22+01:00 :: requested data : ticket_id => 1 

2025-03-12T04:47:22+01:00 :: getUpdatedData_query => SELECT assign_by , assign_to , status , priority , category , department ,deadline_date,timer_stop FROM `ticket_record` WHERE id = '1' 

2025-03-12T04:47:22+01:00 :: insertTicketHistory_query => INSERT INTO `ticket_history`(`ticket_id`, `updated_by`,`assign_by`,`assign_to`,`status`,`priority`, `category`, `department`,`deadline_date`,`timer_stop`) VALUES ('1','1','19','28','6','3','1','12','','') 

2025-03-12T04:47:22+01:00 :: respose => {"status":200,"message":"Status Updated successfully!"}

 ============ End Of Script ================== 

2025-03-12T04:47:40+01:00 :: StoreAndupdateTicket Script Start 

2025-03-12T04:47:40+01:00 :: method inside the updateStatus 

2025-03-12T04:47:40+01:00 :: requested data : ticket_id => 1 and status => 3 

2025-03-12T04:47:40+01:00 :: updateTicketRecord_query => UPDATE ticket_record SET status = '3'  WHERE id = '1' 

2025-03-12T04:47:40+01:00 :: method inside the insertTicketHistory 

2025-03-12T04:47:40+01:00 :: requested data : ticket_id => 1 

2025-03-12T04:47:40+01:00 :: getUpdatedData_query => SELECT assign_by , assign_to , status , priority , category , department ,deadline_date,timer_stop FROM `ticket_record` WHERE id = '1' 

2025-03-12T04:47:40+01:00 :: insertTicketHistory_query => INSERT INTO `ticket_history`(`ticket_id`, `updated_by`,`assign_by`,`assign_to`,`status`,`priority`, `category`, `department`,`deadline_date`,`timer_stop`) VALUES ('1','1','19','28','3','3','1','12','','') 

2025-03-12T04:47:40+01:00 :: respose => {"status":200,"message":"Status Updated successfully!"}

 ============ End Of Script ================== 

2025-03-12T04:47:43+01:00 :: StoreAndupdateTicket Script Start 

2025-03-12T04:47:43+01:00 :: method inside the updateStatus 

2025-03-12T04:47:43+01:00 :: requested data : ticket_id => 1 and status => 6 

2025-03-12T04:47:43+01:00 :: updateTicketRecord_query => UPDATE ticket_record SET status = '6'  WHERE id = '1' 

2025-03-12T04:47:43+01:00 :: method inside the insertTicketHistory 

2025-03-12T04:47:43+01:00 :: requested data : ticket_id => 1 

2025-03-12T04:47:43+01:00 :: getUpdatedData_query => SELECT assign_by , assign_to , status , priority , category , department ,deadline_date,timer_stop FROM `ticket_record` WHERE id = '1' 

2025-03-12T04:47:43+01:00 :: insertTicketHistory_query => INSERT INTO `ticket_history`(`ticket_id`, `updated_by`,`assign_by`,`assign_to`,`status`,`priority`, `category`, `department`,`deadline_date`,`timer_stop`) VALUES ('1','1','19','28','6','3','1','12','','') 

2025-03-12T04:47:43+01:00 :: respose => {"status":200,"message":"Status Updated successfully!"}

 ============ End Of Script ================== 

2025-03-12T05:12:57+01:00 :: StoreAndupdateTicket Script Start 

2025-03-12T05:12:57+01:00 :: method inside the updateStatus 

2025-03-12T05:12:57+01:00 :: requested data : ticket_id => 1 and status => 3 

2025-03-12T05:12:57+01:00 :: updateTicketRecord_query => UPDATE ticket_record SET status = '3'  WHERE id = '1' 

2025-03-12T05:12:57+01:00 :: method inside the insertTicketHistory 

2025-03-12T05:12:57+01:00 :: requested data : ticket_id => 1 

2025-03-12T05:12:57+01:00 :: getUpdatedData_query => SELECT assign_by , assign_to , status , priority , category , department ,deadline_date,timer_stop FROM `ticket_record` WHERE id = '1' 

2025-03-12T05:12:57+01:00 :: insertTicketHistory_query => INSERT INTO `ticket_history`(`ticket_id`, `updated_by`,`assign_by`,`assign_to`,`status`,`priority`, `category`, `department`,`deadline_date`,`timer_stop`) VALUES ('1','1','19','28','3','3','1','12','','') 

2025-03-12T05:12:57+01:00 :: respose => {"status":200,"message":"Status Updated successfully!"}

 ============ End Of Script ================== 

2025-03-12T05:13:40+01:00 :: StoreAndupdateTicket Script Start 

2025-03-12T05:13:40+01:00 :: All required keys are not present 

2025-03-12T05:13:40+01:00 :: respose => {"status":400,"message":"All required keys are not present"}

 ============ End Of Script ================== 

2025-03-12T05:14:22+01:00 :: StoreAndupdateTicket Script Start 

2025-03-12T05:14:22+01:00 :: All required keys are not present 

2025-03-12T05:14:22+01:00 :: respose => {"status":400,"message":"All required keys are not present"}

 ============ End Of Script ================== 

2025-03-12T05:17:41+01:00 :: StoreAndupdateTicket Script Start 

2025-03-12T05:17:41+01:00 :: All required keys are not present 

2025-03-12T05:17:41+01:00 :: respose => {"status":400,"message":"All required keys are not present"}

 ============ End Of Script ================== 

2025-03-12T05:18:14+01:00 :: StoreAndupdateTicket Script Start 

2025-03-12T05:18:14+01:00 :: method inside the InsertComment 

2025-03-12T05:18:14+01:00 :: requested data : comment =>  \n\n Instructed Person Name : Sumit Kumar  and attachment => []

2025-03-12T05:18:14+01:00 :: store_attachement => [] 

2025-03-12T05:18:14+01:00 :: insert comment query =>  INSERT INTO `ticket_comment`(`ticket_id`, `user_id`, `user_name`, `user_image`, `comment`, `attachment`) VALUES ('1','1','Super Admin','/../../assets/images/sample_user.jpeg',' \n\n Instructed Person Name : Sumit Kumar ','[]') 

2025-03-12T05:18:14+01:00 :: respose => {"status":200,"message":"Comment send successfully!"}

 ============ End Of Script ================== 

2025-03-12T05:22:05+01:00 :: StoreAndupdateTicket Script Start 

2025-03-12T05:22:05+01:00 :: method inside the InsertComment 

2025-03-12T05:22:05+01:00 :: requested data : comment =>  \n\n Instructed Person Name : Sumit Kumar  and attachment => []

2025-03-12T05:22:05+01:00 :: store_attachement => [] 

2025-03-12T05:22:05+01:00 :: insert comment query =>  INSERT INTO `ticket_comment`(`ticket_id`, `user_id`, `user_name`, `user_image`, `comment`, `attachment`) VALUES ('1','1','Super Admin','/../../assets/images/sample_user.jpeg',' \n\n Instructed Person Name : Sumit Kumar ','[]') 

2025-03-12T05:22:05+01:00 :: respose => {"status":200,"message":"Comment send successfully!"}

 ============ End Of Script ================== 

2025-03-12T05:22:05+01:00 :: StoreAndupdateTicket Script Start 

2025-03-12T05:22:05+01:00 :: method inside the updateStatus 

2025-03-12T05:22:05+01:00 :: requested data : ticket_id => 1 and status => 6 

2025-03-12T05:22:05+01:00 :: updateTicketRecord_query => UPDATE ticket_record SET status = '6'  WHERE id = '1' 

2025-03-12T05:22:05+01:00 :: method inside the insertTicketHistory 

2025-03-12T05:22:05+01:00 :: requested data : ticket_id => 1 

2025-03-12T05:22:05+01:00 :: getUpdatedData_query => SELECT assign_by , assign_to , status , priority , category , department ,deadline_date,timer_stop FROM `ticket_record` WHERE id = '1' 

2025-03-12T05:22:05+01:00 :: insertTicketHistory_query => INSERT INTO `ticket_history`(`ticket_id`, `updated_by`,`assign_by`,`assign_to`,`status`,`priority`, `category`, `department`,`deadline_date`,`timer_stop`) VALUES ('1','1','19','28','6','3','1','12','','') 

2025-03-12T05:22:05+01:00 :: respose => {"status":200,"message":"Status Updated successfully!"}

 ============ End Of Script ================== 

2025-03-12T05:23:28+01:00 :: StoreAndupdateTicket Script Start 

2025-03-12T05:23:28+01:00 :: method inside the updateStatus 

2025-03-12T05:23:28+01:00 :: requested data : ticket_id => 1 and status => 3 

2025-03-12T05:23:28+01:00 :: updateTicketRecord_query => UPDATE ticket_record SET status = '3'  WHERE id = '1' 

2025-03-12T05:23:28+01:00 :: method inside the insertTicketHistory 

2025-03-12T05:23:28+01:00 :: requested data : ticket_id => 1 

2025-03-12T05:23:28+01:00 :: getUpdatedData_query => SELECT assign_by , assign_to , status , priority , category , department ,deadline_date,timer_stop FROM `ticket_record` WHERE id = '1' 

2025-03-12T05:23:28+01:00 :: insertTicketHistory_query => INSERT INTO `ticket_history`(`ticket_id`, `updated_by`,`assign_by`,`assign_to`,`status`,`priority`, `category`, `department`,`deadline_date`,`timer_stop`) VALUES ('1','1','19','28','3','3','1','12','','') 

2025-03-12T05:23:28+01:00 :: respose => {"status":200,"message":"Status Updated successfully!"}

 ============ End Of Script ================== 

2025-03-12T05:24:30+01:00 :: StoreAndupdateTicket Script Start 

2025-03-12T05:24:30+01:00 :: method inside the InsertComment 

2025-03-12T05:24:30+01:00 :: requested data : comment =>  \n\n Instructed Person Name : Amit Kumar and attachment => []

2025-03-12T05:24:30+01:00 :: store_attachement => [] 

2025-03-12T05:24:30+01:00 :: insert comment query =>  INSERT INTO `ticket_comment`(`ticket_id`, `user_id`, `user_name`, `user_image`, `comment`, `attachment`) VALUES ('1','1','Super Admin','/../../assets/images/sample_user.jpeg',' \n\n Instructed Person Name : Amit Kumar','[]') 

2025-03-12T05:24:30+01:00 :: respose => {"status":200,"message":"Comment send successfully!"}

 ============ End Of Script ================== 

2025-03-12T05:24:30+01:00 :: StoreAndupdateTicket Script Start 

2025-03-12T05:24:30+01:00 :: method inside the updateStatus 

2025-03-12T05:24:30+01:00 :: requested data : ticket_id => 1 and status => 6 

2025-03-12T05:24:30+01:00 :: updateTicketRecord_query => UPDATE ticket_record SET status = '6'  WHERE id = '1' 

2025-03-12T05:24:30+01:00 :: method inside the insertTicketHistory 

2025-03-12T05:24:30+01:00 :: requested data : ticket_id => 1 

2025-03-12T05:24:30+01:00 :: getUpdatedData_query => SELECT assign_by , assign_to , status , priority , category , department ,deadline_date,timer_stop FROM `ticket_record` WHERE id = '1' 

2025-03-12T05:24:30+01:00 :: insertTicketHistory_query => INSERT INTO `ticket_history`(`ticket_id`, `updated_by`,`assign_by`,`assign_to`,`status`,`priority`, `category`, `department`,`deadline_date`,`timer_stop`) VALUES ('1','1','19','28','6','3','1','12','','') 

2025-03-12T05:24:30+01:00 :: respose => {"status":200,"message":"Status Updated successfully!"}

 ============ End Of Script ================== 

2025-03-12T05:24:55+01:00 :: StoreAndupdateTicket Script Start 

2025-03-12T05:24:55+01:00 :: method inside the updateStatus 

2025-03-12T05:24:55+01:00 :: requested data : ticket_id => 1 and status => 3 

2025-03-12T05:24:55+01:00 :: updateTicketRecord_query => UPDATE ticket_record SET status = '3'  WHERE id = '1' 

2025-03-12T05:24:55+01:00 :: method inside the insertTicketHistory 

2025-03-12T05:24:55+01:00 :: requested data : ticket_id => 1 

2025-03-12T05:24:55+01:00 :: getUpdatedData_query => SELECT assign_by , assign_to , status , priority , category , department ,deadline_date,timer_stop FROM `ticket_record` WHERE id = '1' 

2025-03-12T05:24:55+01:00 :: insertTicketHistory_query => INSERT INTO `ticket_history`(`ticket_id`, `updated_by`,`assign_by`,`assign_to`,`status`,`priority`, `category`, `department`,`deadline_date`,`timer_stop`) VALUES ('1','1','19','28','3','3','1','12','','') 

2025-03-12T05:24:55+01:00 :: respose => {"status":200,"message":"Status Updated successfully!"}

 ============ End Of Script ================== 

2025-03-12T05:25:17+01:00 :: StoreAndupdateTicket Script Start 

2025-03-12T05:25:17+01:00 :: method inside the InsertComment 

2025-03-12T05:25:17+01:00 :: requested data : comment =>  <br> Instructed Person Name : Amit Kumar and attachment => []

2025-03-12T05:25:17+01:00 :: store_attachement => [] 

2025-03-12T05:25:17+01:00 :: insert comment query =>  INSERT INTO `ticket_comment`(`ticket_id`, `user_id`, `user_name`, `user_image`, `comment`, `attachment`) VALUES ('1','1','Super Admin','/../../assets/images/sample_user.jpeg',' <br> Instructed Person Name : Amit Kumar','[]') 

2025-03-12T05:25:17+01:00 :: respose => {"status":200,"message":"Comment send successfully!"}

 ============ End Of Script ================== 

2025-03-12T05:25:17+01:00 :: StoreAndupdateTicket Script Start 

2025-03-12T05:25:17+01:00 :: method inside the updateStatus 

2025-03-12T05:25:17+01:00 :: requested data : ticket_id => 1 and status => 6 

2025-03-12T05:25:17+01:00 :: updateTicketRecord_query => UPDATE ticket_record SET status = '6'  WHERE id = '1' 

2025-03-12T05:25:17+01:00 :: method inside the insertTicketHistory 

2025-03-12T05:25:17+01:00 :: requested data : ticket_id => 1 

2025-03-12T05:25:17+01:00 :: getUpdatedData_query => SELECT assign_by , assign_to , status , priority , category , department ,deadline_date,timer_stop FROM `ticket_record` WHERE id = '1' 

2025-03-12T05:25:17+01:00 :: insertTicketHistory_query => INSERT INTO `ticket_history`(`ticket_id`, `updated_by`,`assign_by`,`assign_to`,`status`,`priority`, `category`, `department`,`deadline_date`,`timer_stop`) VALUES ('1','1','19','28','6','3','1','12','','') 

2025-03-12T05:25:17+01:00 :: respose => {"status":200,"message":"Status Updated successfully!"}

 ============ End Of Script ================== 

2025-03-12T05:26:19+01:00 :: StoreAndupdateTicket Script Start 

2025-03-12T05:26:19+01:00 :: method inside the updateStatus 

2025-03-12T05:26:19+01:00 :: requested data : ticket_id => 1 and status => 3 

2025-03-12T05:26:19+01:00 :: updateTicketRecord_query => UPDATE ticket_record SET status = '3'  WHERE id = '1' 

2025-03-12T05:26:19+01:00 :: method inside the insertTicketHistory 

2025-03-12T05:26:19+01:00 :: requested data : ticket_id => 1 

2025-03-12T05:26:19+01:00 :: getUpdatedData_query => SELECT assign_by , assign_to , status , priority , category , department ,deadline_date,timer_stop FROM `ticket_record` WHERE id = '1' 

2025-03-12T05:26:19+01:00 :: insertTicketHistory_query => INSERT INTO `ticket_history`(`ticket_id`, `updated_by`,`assign_by`,`assign_to`,`status`,`priority`, `category`, `department`,`deadline_date`,`timer_stop`) VALUES ('1','1','19','28','3','3','1','12','','') 

2025-03-12T05:26:19+01:00 :: respose => {"status":200,"message":"Status Updated successfully!"}

 ============ End Of Script ================== 

2025-03-12T05:26:34+01:00 :: StoreAndupdateTicket Script Start 

2025-03-12T05:26:34+01:00 :: method inside the InsertComment 

2025-03-12T05:26:34+01:00 :: requested data : comment => ${comment} <br> Instructed Person Name : ${user_name} and attachment => []

2025-03-12T05:26:34+01:00 :: store_attachement => [] 

2025-03-12T05:26:34+01:00 :: insert comment query =>  INSERT INTO `ticket_comment`(`ticket_id`, `user_id`, `user_name`, `user_image`, `comment`, `attachment`) VALUES ('1','1','Super Admin','/../../assets/images/sample_user.jpeg','${comment} <br> Instructed Person Name : ${user_name}','[]') 

2025-03-12T05:26:34+01:00 :: respose => {"status":200,"message":"Comment send successfully!"}

 ============ End Of Script ================== 

2025-03-12T05:26:34+01:00 :: StoreAndupdateTicket Script Start 

2025-03-12T05:26:34+01:00 :: method inside the updateStatus 

2025-03-12T05:26:34+01:00 :: requested data : ticket_id => 1 and status => 6 

2025-03-12T05:26:34+01:00 :: updateTicketRecord_query => UPDATE ticket_record SET status = '6'  WHERE id = '1' 

2025-03-12T05:26:34+01:00 :: method inside the insertTicketHistory 

2025-03-12T05:26:34+01:00 :: requested data : ticket_id => 1 

2025-03-12T05:26:34+01:00 :: getUpdatedData_query => SELECT assign_by , assign_to , status , priority , category , department ,deadline_date,timer_stop FROM `ticket_record` WHERE id = '1' 

2025-03-12T05:26:34+01:00 :: insertTicketHistory_query => INSERT INTO `ticket_history`(`ticket_id`, `updated_by`,`assign_by`,`assign_to`,`status`,`priority`, `category`, `department`,`deadline_date`,`timer_stop`) VALUES ('1','1','19','28','6','3','1','12','','') 

2025-03-12T05:26:34+01:00 :: respose => {"status":200,"message":"Status Updated successfully!"}

 ============ End Of Script ================== 

2025-03-12T05:29:19+01:00 :: StoreAndupdateTicket Script Start 

2025-03-12T05:29:19+01:00 :: method inside the updateStatus 

2025-03-12T05:29:19+01:00 :: requested data : ticket_id => 1 and status => 3 

2025-03-12T05:29:19+01:00 :: updateTicketRecord_query => UPDATE ticket_record SET status = '3'  WHERE id = '1' 

2025-03-12T05:29:19+01:00 :: method inside the insertTicketHistory 

2025-03-12T05:29:19+01:00 :: requested data : ticket_id => 1 

2025-03-12T05:29:19+01:00 :: getUpdatedData_query => SELECT assign_by , assign_to , status , priority , category , department ,deadline_date,timer_stop FROM `ticket_record` WHERE id = '1' 

2025-03-12T05:29:19+01:00 :: insertTicketHistory_query => INSERT INTO `ticket_history`(`ticket_id`, `updated_by`,`assign_by`,`assign_to`,`status`,`priority`, `category`, `department`,`deadline_date`,`timer_stop`) VALUES ('1','1','19','28','3','3','1','12','','') 

2025-03-12T05:29:19+01:00 :: respose => {"status":200,"message":"Status Updated successfully!"}

 ============ End Of Script ================== 

2025-03-12T05:29:49+01:00 :: StoreAndupdateTicket Script Start 

2025-03-12T05:29:49+01:00 :: method inside the InsertComment 

2025-03-12T05:29:49+01:00 :: requested data : comment =>  <br> Instructed Person Name : Sumit Kumar  and attachment => []

2025-03-12T05:29:49+01:00 :: store_attachement => [] 

2025-03-12T05:29:49+01:00 :: insert comment query =>  INSERT INTO `ticket_comment`(`ticket_id`, `user_id`, `user_name`, `user_image`, `comment`, `attachment`) VALUES ('1','1','Super Admin','/../../assets/images/sample_user.jpeg',' <br> Instructed Person Name : Sumit Kumar ','[]') 

2025-03-12T05:29:49+01:00 :: respose => {"status":200,"message":"Comment send successfully!"}

 ============ End Of Script ================== 

2025-03-12T05:29:49+01:00 :: StoreAndupdateTicket Script Start 

2025-03-12T05:29:49+01:00 :: method inside the updateStatus 

2025-03-12T05:29:49+01:00 :: requested data : ticket_id => 1 and status => 6 

2025-03-12T05:29:49+01:00 :: updateTicketRecord_query => UPDATE ticket_record SET status = '6'  WHERE id = '1' 

2025-03-12T05:29:49+01:00 :: method inside the insertTicketHistory 

2025-03-12T05:29:49+01:00 :: requested data : ticket_id => 1 

2025-03-12T05:29:49+01:00 :: getUpdatedData_query => SELECT assign_by , assign_to , status , priority , category , department ,deadline_date,timer_stop FROM `ticket_record` WHERE id = '1' 

2025-03-12T05:29:49+01:00 :: insertTicketHistory_query => INSERT INTO `ticket_history`(`ticket_id`, `updated_by`,`assign_by`,`assign_to`,`status`,`priority`, `category`, `department`,`deadline_date`,`timer_stop`) VALUES ('1','1','19','28','6','3','1','12','','') 

2025-03-12T05:29:49+01:00 :: respose => {"status":200,"message":"Status Updated successfully!"}

 ============ End Of Script ================== 

2025-03-12T05:30:52+01:00 :: StoreAndupdateTicket Script Start 

2025-03-12T05:30:52+01:00 :: method inside the updateStatus 

2025-03-12T05:30:52+01:00 :: requested data : ticket_id => 1 and status => 3 

2025-03-12T05:30:52+01:00 :: updateTicketRecord_query => UPDATE ticket_record SET status = '3'  WHERE id = '1' 

2025-03-12T05:30:52+01:00 :: method inside the insertTicketHistory 

2025-03-12T05:30:52+01:00 :: requested data : ticket_id => 1 

2025-03-12T05:30:52+01:00 :: getUpdatedData_query => SELECT assign_by , assign_to , status , priority , category , department ,deadline_date,timer_stop FROM `ticket_record` WHERE id = '1' 

2025-03-12T05:30:52+01:00 :: insertTicketHistory_query => INSERT INTO `ticket_history`(`ticket_id`, `updated_by`,`assign_by`,`assign_to`,`status`,`priority`, `category`, `department`,`deadline_date`,`timer_stop`) VALUES ('1','1','19','28','3','3','1','12','','') 

2025-03-12T05:30:52+01:00 :: respose => {"status":200,"message":"Status Updated successfully!"}

 ============ End Of Script ================== 

