2025-03-31T11:12:19+02:00 :: StoreAndupdateTicket Script Start 

2025-03-31T11:12:19+02:00 :: method inside the insertNotification 

2025-03-31T11:12:19+02:00 :: requested data : assign_to => 13 

2025-03-31T11:12:19+02:00 :: respose => {"status":200,"message":"Notification already added successfully!"}

 ============ End Of Script ================== 

2025-03-31T11:12:22+02:00 :: StoreAndupdateTicket Script Start 

2025-03-31T11:12:22+02:00 :: method inside the insertNotification 

2025-03-31T11:12:22+02:00 :: requested data : assign_to => 8 

2025-03-31T11:12:22+02:00 :: respose => {"status":200,"message":"Notification added successfully!"}

 ============ End Of Script ================== 

2025-03-31T11:12:25+02:00 :: StoreAndupdateTicket Script Start 

2025-03-31T11:12:25+02:00 :: method inside the insertNotification 

2025-03-31T11:12:25+02:00 :: requested data : assign_to => 7 

2025-03-31T11:12:25+02:00 :: respose => {"status":200,"message":"Notification added successfully!"}

 ============ End Of Script ================== 

2025-03-31T11:12:27+02:00 :: StoreAndupdateTicket Script Start 

2025-03-31T11:12:27+02:00 :: method inside the insertNotification 

2025-03-31T11:12:27+02:00 :: requested data : assign_to => 5 

2025-03-31T11:12:27+02:00 :: respose => {"status":200,"message":"Notification added successfully!"}

 ============ End Of Script ================== 

2025-03-31T11:12:29+02:00 :: StoreAndupdateTicket Script Start 

2025-03-31T11:12:29+02:00 :: method inside the insertNotification 

2025-03-31T11:12:29+02:00 :: requested data : assign_to => 4 

2025-03-31T11:12:29+02:00 :: respose => {"status":200,"message":"Notification added successfully!"}

 ============ End Of Script ================== 

2025-03-31T11:12:31+02:00 :: StoreAndupdateTicket Script Start 

2025-03-31T11:12:31+02:00 :: method inside the insertNotification 

2025-03-31T11:12:31+02:00 :: requested data : assign_to => 3 

2025-03-31T11:12:31+02:00 :: respose => {"status":200,"message":"Notification added successfully!"}

 ============ End Of Script ================== 

2025-03-31T11:12:36+02:00 :: StoreAndupdateTicket Script Start 

2025-03-31T11:12:36+02:00 :: method inside the insertNotification 

2025-03-31T11:12:36+02:00 :: requested data : assign_to => 2 

2025-03-31T11:12:36+02:00 :: respose => {"status":200,"message":"Notification added successfully!"}

 ============ End Of Script ================== 

2025-03-31T11:15:16+02:00 :: StoreAndupdateTicket Script Start 

2025-03-31T11:15:16+02:00 :: method inside the insertNotification 

2025-03-31T11:15:16+02:00 :: requested data : assign_to => 13 

2025-03-31T11:15:16+02:00 :: respose => {"status":200,"message":"Notification already added successfully!"}

 ============ End Of Script ================== 

2025-03-31T11:24:57+02:00 :: StoreAndupdateTicket Script Start 

2025-03-31T11:24:57+02:00 :: method inside the insertNotification 

2025-03-31T11:24:57+02:00 :: requested data : assign_to => 13 

2025-03-31T11:24:57+02:00 :: respose => {"status":200,"message":"Notification already added successfully!"}

 ============ End Of Script ================== 

