2025-04-07T09:07:51+02:00: got error => Call to undefined function insertTicket() in file => C:\xampp\htdocs\edtech_organizational_structure\api\ticket\StoreAndUpdateTicketApi.php on line => 202025-04-07T09:07:51+02:00 :: respose => {"status":400,"message":"Error : Call to undefined function insertTicket()"}

 ============ End Of Script ================== 

2025-04-07T09:09:47+02:00: request received => {"ticket_heading":"Test Ticket","ticket_category":"2##12","ticket_description":" Test for ticking system from the Glocal Panel ","requestMethod":"insertTicket","requestfrom":"glocal","priority":"3","status":"1","raised_by":"1","create_person_name":"Admin","create_person_email":"admin@osgu.com","create_person_number":"8851920153"} 

2025-04-07T09:09:47+02:00 :: respose => {"status":400,"message":"File must be image"}

 ============ End Of Script ================== 

2025-04-07T09:10:27+02:00: got error => explode(): Argument #1 ($separator) cannot be empty in file => C:\xampp\htdocs\edtech_organizational_structure\api\ticket\StoreAndUpdateTicketApi.php on line => 652025-04-07T09:10:27+02:00 :: respose => {"status":400,"message":"Error : explode(): Argument #1 ($separator) cannot be empty"}

 ============ End Of Script ================== 

2025-04-07T09:15:11+02:00: request received => {"ticket_heading":"Test Ticket","ticket_category":"2##12","ticket_description":" Test for ticking system from the Glocal Panel ","requestMethod":"insertTicket","requestfrom":"glocal","priority":"3","status":"1","raised_by":"1","create_person_name":"Admin","create_person_email":"admin@osgu.com","create_person_number":"8851920153"} 

2025-04-07T09:15:11+02:00 :: INSERT query => INSERT INTO `ticket_record`(`unique_id`, `task_name`, `task_description`, `requestfrom`, `raised_by`, `status`, `priority`, `category`, `department`, `create_person_name`, `create_person_number`, `create_person_email`, `attachment`) VALUES (?,?,?,?,?,?,?,?,?,?,?,?,?) 

2025-04-07T09:15:11+02:00 :: Insert into ticket successful 

2025-04-07T09:15:11+02:00 :: insertTicketHistory_query => INSERT INTO `ticket_history` (`ticket_id`, `updated_by`, `status`, `priority`, `category`, `department`) VALUES (?,?,?,?,?,?) 

2025-04-07T09:15:11+02:00 :: Ticket history is inserted successful 

2025-04-07T09:15:11+02:00 :: respose => {"status":200,"message":"Ticket create successfully!"}

 ============ End Of Script ================== 

2025-04-07T09:34:40+02:00: request received => {"ticket_heading":"Test Ticket for Bind ","ticket_category":"1##12","ticket_description":" Bind Param check ","requestMethod":"insertTicket","requestfrom":"glocal","priority":"3","status":"1","raised_by":"1","create_person_name":"Admin","create_person_email":"admin@osgu.com","create_person_number":"8851920153"} 

2025-04-07T09:34:40+02:00 :: INSERT query => INSERT INTO `ticket_record`(`unique_id`, `task_name`, `task_description`, `requestfrom`, `raised_by`, `status`, `priority`, `category`, `department`, `create_person_name`, `create_person_number`, `create_person_email`, `attachment`) VALUES (?,?,?,?,?,?,?,?,?,?,?,?,?) 

2025-04-07T09:34:40+02:00 :: INSERT param => ["GLOCAL-1","Test Ticket for Bind "," Bind Param check ","glocal","1","1","3","1","12","Admin","8851920153","admin@osgu.com","..\/..\/uploads\/ticket_attachment\/Admission.pdf"] 

2025-04-07T09:34:40+02:00 :: Insert into ticket successful 

2025-04-07T09:34:40+02:00 :: insertTicketHistory_query => INSERT INTO `ticket_history` (`ticket_id`, `updated_by`, `status`, `priority`, `category`, `department`) VALUES (?,?,?,?,?,?) 

2025-04-07T09:34:40+02:00 :: Ticket history is inserted successful 

2025-04-07T09:34:40+02:00 :: respose => {"status":200,"message":"Ticket create successfully!"}

 ============ End Of Script ================== 

2025-04-07T14:57:14+02:00: request received => {"comment":"zxvdsvfvefvfvffc","requestMethod":"insertComment","ticket_id":"15","user_id":"1","user_name":"Admin","user_image":"\/assets\/img\/default-user.png"} 

2025-04-07T14:57:14+02:00 :: method inside the InsertComment 

2025-04-07T14:57:14+02:00 :: store_attachement => [] 

2025-04-07T14:57:14+02:00 :: INSERT comment query => INSERT INTO `ticket_comment`(`ticket_id`, `user_id`, `user_name`, `user_image`, `comment`, `attachment`) VALUES (?,?,?,?,?,?) 

2025-04-07T14:57:14+02:00 :: insert comment param =>  ["15","1","Admin","\/assets\/img\/default-user.png","zxvdsvfvefvfvffc","[]"] 

2025-04-07T14:57:14+02:00 :: Comment inserted successful 

2025-04-07T14:57:14+02:00 :: respose => {"status":200,"message":"Comment send successfully!"}

 ============ End Of Script ================== 

