2025-03-11T07:31:24+01:00 :: StoreAndupdateTicket Script Start 

2025-03-11T07:31:24+01:00 :: method inside the updateStatus 

2025-03-11T07:31:24+01:00 :: requested data : ticket_id => 7 and status => 4 

2025-03-11T07:31:25+01:00 :: updateTicketRecord_query => UPDATE ticket_record SET status = '4'  , timer_stop = '2025-03-11' WHERE id = '7' 

2025-03-11T07:31:25+01:00 :: method inside the insertTicketHistory 

2025-03-11T07:31:25+01:00 :: requested data : ticket_id => 7 

2025-03-11T07:31:25+01:00 :: getUpdatedData_query => SELECT assign_by , assign_to , status , priority , category , department ,deadline_date FROM `ticket_record` WHERE id = '7' 

2025-03-11T07:31:25+01:00 :: insertTicketHistory_query => INSERT INTO `ticket_history`(`ticket_id`, `updated_by`,`assign_by`,`assign_to`,`status`,`priority`, `category`, `department`,`deadline_date`) VALUES ('7','1','19','25','4','2','3','12','2025-03-14') 

2025-03-11T07:31:25+01:00 :: respose => {"status":200,"message":"Status Updated successfully!"}

 ============ End Of Script ================== 

2025-03-11T10:49:13+01:00 :: StoreAndupdateTicket Script Start 

2025-03-11T10:49:13+01:00 :: method inside the updateAssignToUser 

2025-03-11T10:49:13+01:00 :: requested data : ticket_id => 8 and assignBy_user => 1 , assignTo_user => 28 

2025-03-11T10:49:13+01:00 :: updateTicketRecord_query => UPDATE ticket_record SET assign_by = '1' , assign_to = '28' WHERE id = '8' 

2025-03-11T10:49:13+01:00 :: method inside the insertTicketHistory 

2025-03-11T10:49:13+01:00 :: requested data : ticket_id => 8 

2025-03-11T10:49:13+01:00 :: getUpdatedData_query => SELECT assign_by , assign_to , status , priority , category , department ,deadline_date,timer_stop FROM `ticket_record` WHERE id = '8' 

2025-03-11T10:49:13+01:00 :: insertTicketHistory_query => INSERT INTO `ticket_history`(`ticket_id`, `updated_by`,`assign_by`,`assign_to`,`status`,`priority`, `category`, `department`,`deadline_date`) VALUES ('8','1','1','28','2','3','1','12','','') 

2025-03-11T10:49:13+01:00 :: respose => {"status":400,"message":"Error : Column count doesn't match value count at row 1"}

 ============ End Of Script ================== 

2025-03-11T10:54:29+01:00 :: StoreAndupdateTicket Script Start 

2025-03-11T10:54:29+01:00 :: method inside the updateAssignToUser 

2025-03-11T10:54:29+01:00 :: requested data : ticket_id => 8 and assignBy_user => 1 , assignTo_user => 27 

2025-03-11T10:54:29+01:00 :: updateTicketRecord_query => UPDATE ticket_record SET assign_by = '1' , assign_to = '27' WHERE id = '8' 

2025-03-11T10:54:29+01:00 :: method inside the insertTicketHistory 

2025-03-11T10:54:29+01:00 :: requested data : ticket_id => 8 

2025-03-11T10:54:29+01:00 :: getUpdatedData_query => SELECT assign_by , assign_to , status , priority , category , department ,deadline_date,timer_stop FROM `ticket_record` WHERE id = '8' 

2025-03-11T10:54:29+01:00 :: insertTicketHistory_query => INSERT INTO `ticket_history`(`ticket_id`, `updated_by`,`assign_by`,`assign_to`,`status`,`priority`, `category`, `department`,`deadline_date`,`timer_stop`) VALUES ('8','1','1','27','2','3','1','12','','') 

2025-03-11T10:54:29+01:00 :: respose => {"status":200,"message":"User Assign successfully!"}

 ============ End Of Script ================== 

