2025-03-05T07:16:08+01:00 :: StoreAndupdateTicket Script Start 

2025-03-05T07:16:08+01:00 :: method inside the updateCategory 

2025-03-05T07:16:08+01:00 :: requested data : ticket_id => 1 and priority => 2 

2025-03-05T07:16:08+01:00 :: updateTicketRecord_query => UPDATE ticket_record SET priority = '2' WHERE id = '1' 

2025-03-05T07:16:08+01:00 :: method inside the insertTicketHistory 

2025-03-05T07:16:08+01:00 :: requested data : ticket_id => 1 

2025-03-05T07:16:08+01:00 :: getUpdatedData_query => SELECT assign_by , assign_to , status , priority , category , department FROM `ticket_record` WHERE id = '1' 

2025-03-05T07:16:08+01:00 :: insertTicketHistory_query => INSERT INTO `ticket_history`(`ticket_id`, `updated_by`,`assign_by`,`assign_to`,`status`,`priority`, `category`, `department`) VALUES ('1','1','19','28','1','2','1','12') 

 ============ End Of Script ================== 

2025-03-05T07:25:22+01:00 :: StoreAndupdateTicket Script Start 

2025-03-05T07:25:22+01:00 :: method inside the updateStatus 

2025-03-05T07:25:22+01:00 :: requested data : ticket_id => 1 and status => 2 

2025-03-05T07:25:22+01:00 :: updateTicketRecord_query => UPDATE ticket_record SET status = '2' WHERE id = '1' 

2025-03-05T07:25:22+01:00 :: method inside the insertTicketHistory 

2025-03-05T07:25:22+01:00 :: requested data : ticket_id => 1 

2025-03-05T07:25:22+01:00 :: getUpdatedData_query => SELECT assign_by , assign_to , status , priority , category , department FROM `ticket_record` WHERE id = '1' 

2025-03-05T07:25:22+01:00 :: insertTicketHistory_query => INSERT INTO `ticket_history`(`ticket_id`, `updated_by`,`assign_by`,`assign_to`,`status`,`priority`, `category`, `department`) VALUES ('1','19','19','28','2','2','1','12') 

 ============ End Of Script ================== 

2025-03-05T10:29:25+01:00 :: StoreAndupdateTicket Script Start 

2025-03-05T10:29:25+01:00 :: method inside the updateStatus 

2025-03-05T10:29:25+01:00 :: requested data : ticket_id => 1 and status => 3 

2025-03-05T10:29:25+01:00 :: updateTicketRecord_query => UPDATE ticket_record SET status = '3' WHERE id = '1' 

2025-03-05T10:29:25+01:00 :: method inside the insertTicketHistory 

2025-03-05T10:29:25+01:00 :: requested data : ticket_id => 1 

2025-03-05T10:29:25+01:00 :: getUpdatedData_query => SELECT assign_by , assign_to , status , priority , category , department FROM `ticket_record` WHERE id = '1' 

2025-03-05T10:29:25+01:00 :: insertTicketHistory_query => INSERT INTO `ticket_history`(`ticket_id`, `updated_by`,`assign_by`,`assign_to`,`status`,`priority`, `category`, `department`) VALUES ('1','1','19','28','3','2','1','12') 

 ============ End Of Script ================== 

2025-03-05T10:31:27+01:00 :: StoreAndupdateTicket Script Start 

2025-03-05T10:31:27+01:00 :: method inside the updateCategory 

2025-03-05T10:31:27+01:00 :: requested data : ticket_id => 1 and priority => 3 

2025-03-05T10:31:27+01:00 :: updateTicketRecord_query => UPDATE ticket_record SET priority = '3' WHERE id = '1' 

2025-03-05T10:31:27+01:00 :: method inside the insertTicketHistory 

2025-03-05T10:31:27+01:00 :: requested data : ticket_id => 1 

2025-03-05T10:31:27+01:00 :: getUpdatedData_query => SELECT assign_by , assign_to , status , priority , category , department FROM `ticket_record` WHERE id = '1' 

2025-03-05T10:31:27+01:00 :: insertTicketHistory_query => INSERT INTO `ticket_history`(`ticket_id`, `updated_by`,`assign_by`,`assign_to`,`status`,`priority`, `category`, `department`) VALUES ('1','1','19','28','3','3','1','12') 

 ============ End Of Script ================== 

2025-03-05T11:47:35+01:00 :: StoreAndupdateTicket Script Start 

2025-03-05T11:47:35+01:00 :: method inside the updateCategory 

2025-03-05T11:47:35+01:00 :: requested data : ticket_id => 5 and priority => 3 

2025-03-05T11:47:35+01:00 :: updateTicketRecord_query => UPDATE ticket_record SET priority = '3' WHERE id = '5' 

2025-03-05T11:47:35+01:00 :: method inside the insertTicketHistory 

2025-03-05T11:47:35+01:00 :: requested data : ticket_id => 5 

2025-03-05T11:47:35+01:00 :: getUpdatedData_query => SELECT assign_by , assign_to , status , priority , category , department FROM `ticket_record` WHERE id = '5' 

2025-03-05T11:47:35+01:00 :: insertTicketHistory_query => INSERT INTO `ticket_history`(`ticket_id`, `updated_by`,`assign_by`,`assign_to`,`status`,`priority`, `category`, `department`) VALUES ('5','1','','','1','3','2','12') 

 ============ End Of Script ================== 

2025-03-05T12:13:30+01:00 :: StoreAndupdateTicket Script Start 

2025-03-05T12:13:30+01:00 :: method inside the InsertTicket 

2025-03-05T12:13:30+01:00 :: requested data => {"task_name":"Devine Dev","status":"1","category":"2","priority":"3","department":"12","task_description":"Modify the Website \\r\\n1) Add the register form on the load of home page \\r\\n2) Redback form  add country and state option \\r\\n3) Update the Price on the website ","attachment":null}

2025-03-05T12:13:30+01:00 insert query => INSERT INTO `ticket_record`(`unique_id`, `task_name`, `task_description`,`requestfrom`, `raised_by`, `status`, `priority`, `category`, `department`, `create_person_name`, `create_person_number`, `create_person_email`, `attachment`) VALUES ('ED-5','Devine Dev','Modify the Website \r\n1) Add the register form on the load of home page \r\n2) Redback form  add country and state option \r\n3) Update the Price on the website ','edtech','','1','3','2','12','','','','') 

2025-03-05T12:13:30+01:00 insert history query => INSERT INTO `ticket_history`(`ticket_id`, `updated_by`,`status`,`priority`, `category`, `department`) VALUES ('6','','1','3','2','12') 

 ============ End Of Script ================== 

2025-03-05T12:16:56+01:00 :: StoreAndupdateTicket Script Start 

2025-03-05T12:16:56+01:00 :: method inside the InsertTicket 

2025-03-05T12:16:56+01:00 :: requested data => {"task_name":"Devine Dev","status":"1","category":"3","priority":"2","department":"12","task_description":"Modify the Website\\r\\n1) Add the register form on the load of home page\\r\\n2) Redback form add country and state option\\r\\n3) Update the Price on the website","attachment":null}

2025-03-05T12:16:56+01:00 insert query => INSERT INTO `ticket_record`(`unique_id`, `task_name`, `task_description`,`requestfrom`, `raised_by`, `status`, `priority`, `category`, `department`, `create_person_name`, `create_person_number`, `create_person_email`, `attachment`) VALUES ('ED-5','Devine Dev','Modify the Website\r\n1) Add the register form on the load of home page\r\n2) Redback form add country and state option\r\n3) Update the Price on the website','edtech','1','1','2','3','12','Super Admin','','superadmin@edtechinnovate.com','') 

2025-03-05T12:16:56+01:00 insert history query => INSERT INTO `ticket_history`(`ticket_id`, `updated_by`,`status`,`priority`, `category`, `department`) VALUES ('7','1','1','2','3','12') 

 ============ End Of Script ================== 

2025-03-05T12:23:05+01:00 :: StoreAndupdateTicket Script Start 

2025-03-05T12:23:05+01:00 :: method inside the InsertTicket 

2025-03-05T12:23:05+01:00 :: requested data => {"task_name":"erp glocal UI update","status":"1","category":"1","priority":"3","department":"12","task_description":"change dashboards , front-end design of datatable and modal ","attachment":"..\/..\/uploads\/ticket_attachment\/Admisssion.png"}

2025-03-05T12:23:05+01:00 insert query => INSERT INTO `ticket_record`(`unique_id`, `task_name`, `task_description`,`requestfrom`, `raised_by`, `status`, `priority`, `category`, `department`, `create_person_name`, `create_person_number`, `create_person_email`, `attachment`) VALUES ('ED-7','erp glocal UI update','change dashboards , front-end design of datatable and modal ','edtech','1','1','3','1','12','Super Admin','','superadmin@edtechinnovate.com','../../uploads/ticket_attachment/Admisssion.png') 

2025-03-05T12:23:05+01:00 insert history query => INSERT INTO `ticket_history`(`ticket_id`, `updated_by`,`status`,`priority`, `category`, `department`) VALUES ('8','1','1','3','1','12') 

 ============ End Of Script ================== 

2025-03-05T12:23:45+01:00 :: StoreAndupdateTicket Script Start 

2025-03-05T12:23:45+01:00 :: method inside the updateAssignToUser 

2025-03-05T12:23:45+01:00 :: requested data : ticket_id => 8 and assignBy_user => 19 , assignTo_user => 23 

2025-03-05T12:23:45+01:00 :: updateTicketRecord_query => UPDATE ticket_record SET assign_by = '19' , assign_to = '23' WHERE id = '8' 

2025-03-05T12:23:45+01:00 :: method inside the insertTicketHistory 

2025-03-05T12:23:45+01:00 :: requested data : ticket_id => 8 

2025-03-05T12:23:45+01:00 :: getUpdatedData_query => SELECT assign_by , assign_to , status , priority , category , department FROM `ticket_record` WHERE id = '8' 

2025-03-05T12:23:45+01:00 :: insertTicketHistory_query => INSERT INTO `ticket_history`(`ticket_id`, `updated_by`,`assign_by`,`assign_to`,`status`,`priority`, `category`, `department`) VALUES ('8','19','19','23','1','3','1','12') 

 ============ End Of Script ================== 

2025-03-05T12:23:54+01:00 :: StoreAndupdateTicket Script Start 

2025-03-05T12:23:54+01:00 :: method inside the updateStatus 

2025-03-05T12:23:54+01:00 :: requested data : ticket_id => 8 and status => 2 

2025-03-05T12:23:54+01:00 :: updateTicketRecord_query => UPDATE ticket_record SET status = '2' WHERE id = '8' 

2025-03-05T12:23:54+01:00 :: method inside the insertTicketHistory 

2025-03-05T12:23:54+01:00 :: requested data : ticket_id => 8 

2025-03-05T12:23:54+01:00 :: getUpdatedData_query => SELECT assign_by , assign_to , status , priority , category , department FROM `ticket_record` WHERE id = '8' 

2025-03-05T12:23:54+01:00 :: insertTicketHistory_query => INSERT INTO `ticket_history`(`ticket_id`, `updated_by`,`assign_by`,`assign_to`,`status`,`priority`, `category`, `department`) VALUES ('8','19','19','23','2','3','1','12') 

 ============ End Of Script ================== 

2025-03-05T12:27:44+01:00 :: StoreAndupdateTicket Script Start 

2025-03-05T12:27:44+01:00 :: method inside the InsertTicket 

2025-03-05T12:27:44+01:00 :: requested data => {"task_name":"Primus vidya Updation","status":"1","category":"1","priority":"3","department":"12","task_description":"website setup, creating the new and different Home page with creativity.\\r\\nmodify the new theme according to requirements\\r\\n","attachment":"..\/..\/uploads\/ticket_attachment\/WhatsApp Image 2025-01-27 at 5.41.07 PM.jpeg"}

2025-03-05T12:27:44+01:00 insert query => INSERT INTO `ticket_record`(`unique_id`, `task_name`, `task_description`,`requestfrom`, `raised_by`, `status`, `priority`, `category`, `department`, `create_person_name`, `create_person_number`, `create_person_email`, `attachment`) VALUES ('ED-8','Primus vidya Updation','website setup, creating the new and different Home page with creativity.\r\nmodify the new theme according to requirements\r\n','edtech','19','1','3','1','12','Mahinder Nautiyal','88519 20153','mahinder@edtechinnovate.com','../../uploads/ticket_attachment/WhatsApp Image 2025-01-27 at 5.41.07 PM.jpeg') 

2025-03-05T12:27:44+01:00 insert history query => INSERT INTO `ticket_history`(`ticket_id`, `updated_by`,`status`,`priority`, `category`, `department`) VALUES ('9','19','1','3','1','12') 

 ============ End Of Script ================== 

2025-03-05T12:28:00+01:00 :: StoreAndupdateTicket Script Start 

2025-03-05T12:28:00+01:00 :: method inside the updateAssignToUser 

2025-03-05T12:28:00+01:00 :: requested data : ticket_id => 9 and assignBy_user => 19 , assignTo_user => 25 

2025-03-05T12:28:00+01:00 :: updateTicketRecord_query => UPDATE ticket_record SET assign_by = '19' , assign_to = '25' WHERE id = '9' 

2025-03-05T12:28:00+01:00 :: method inside the insertTicketHistory 

2025-03-05T12:28:00+01:00 :: requested data : ticket_id => 9 

2025-03-05T12:28:00+01:00 :: getUpdatedData_query => SELECT assign_by , assign_to , status , priority , category , department FROM `ticket_record` WHERE id = '9' 

2025-03-05T12:28:00+01:00 :: insertTicketHistory_query => INSERT INTO `ticket_history`(`ticket_id`, `updated_by`,`assign_by`,`assign_to`,`status`,`priority`, `category`, `department`) VALUES ('9','19','19','25','1','3','1','12') 

 ============ End Of Script ================== 

2025-03-05T12:30:07+01:00 :: StoreAndupdateTicket Script Start 

2025-03-05T12:30:07+01:00 :: method inside the InsertComment 

2025-03-05T12:30:07+01:00 :: requested data : comment => Good evening, Sir\r\nI need latest content and the new images regarding the PrimusVidya. and attachment => []

2025-03-05T12:30:07+01:00 :: store_attachement => [] 

2025-03-05T12:30:07+01:00 :: insert comment query =>  INSERT INTO `ticket_comment`(`ticket_id`, `user_id`, `user_name`, `user_image`, `comment`, `attachment`) VALUES ('9','19','Mahinder Nautiyal','../../uploads/usersImage/Mahendar.jpg','Good evening, Sir\r\nI need latest content and the new images regarding the PrimusVidya.','[]') 

 ============ End Of Script ================== 

2025-03-05T12:38:16+01:00 :: StoreAndupdateTicket Script Start 

2025-03-05T12:38:16+01:00 :: method inside the InsertComment 

2025-03-05T12:38:16+01:00 :: requested data : comment => Good evening, Sir\r\nI will update the Content with the CMS and i will get back to you after discussing with the graphic designer.    and attachment => []

2025-03-05T12:38:16+01:00 :: store_attachement => [] 

2025-03-05T12:38:16+01:00 :: insert comment query =>  INSERT INTO `ticket_comment`(`ticket_id`, `user_id`, `user_name`, `user_image`, `comment`, `attachment`) VALUES ('9','25','Rohit Nautiyal','../../uploads/usersImage/Rohit Nautiyal.jpg','Good evening, Sir\r\nI will update the Content with the CMS and i will get back to you after discussing with the graphic designer.   ','[]') 

 ============ End Of Script ================== 

2025-03-05T13:11:47+01:00 :: StoreAndupdateTicket Script Start 

2025-03-05T13:11:47+01:00 :: method inside the InsertTicket 

2025-03-05T13:11:47+01:00 :: requested data => {"task_name":"Create API of Skill App","status":"1","category":"1","priority":"2","department":"12","task_description":"Create an API where- \\r\\n1. Check if students is already exist on the mobile no. the return response \\r\\n2. If it does not exit then store the data with (name, email, mobile and status will be 0) \\r\\n3. Send OTP to students and  and verify it \\\"","attachment":"..\/..\/uploads\/ticket_attachment\/Screenshot 2024-04-23 112813.png"}

2025-03-05T13:11:47+01:00 insert query => INSERT INTO `ticket_record`(`unique_id`, `task_name`, `task_description`,`requestfrom`, `raised_by`, `status`, `priority`, `category`, `department`, `create_person_name`, `create_person_number`, `create_person_email`, `attachment`) VALUES ('ED-9','Create API of Skill App','Create an API where- \r\n1. Check if students is already exist on the mobile no. the return response \r\n2. If it does not exit then store the data with (name, email, mobile and status will be 0) \r\n3. Send OTP to students and  and verify it \"','edtech','25','1','2','1','12','Rohit Nautiyal','97561 27913','Rohitnautiyal@edtechinnovate.com','../../uploads/ticket_attachment/Screenshot 2024-04-23 112813.png') 

2025-03-05T13:11:47+01:00 insert history query => INSERT INTO `ticket_history`(`ticket_id`, `updated_by`,`status`,`priority`, `category`, `department`) VALUES ('10','25','1','2','1','12') 

 ============ End Of Script ================== 

2025-03-05T13:12:32+01:00 :: StoreAndupdateTicket Script Start 

2025-03-05T13:12:32+01:00 :: method inside the updateAssignToUser 

2025-03-05T13:12:32+01:00 :: requested data : ticket_id => 10 and assignBy_user => 25 , assignTo_user => 27 

2025-03-05T13:12:32+01:00 :: updateTicketRecord_query => UPDATE ticket_record SET assign_by = '25' , assign_to = '27' WHERE id = '10' 

2025-03-05T13:12:32+01:00 :: method inside the insertTicketHistory 

2025-03-05T13:12:32+01:00 :: requested data : ticket_id => 10 

2025-03-05T13:12:32+01:00 :: getUpdatedData_query => SELECT assign_by , assign_to , status , priority , category , department FROM `ticket_record` WHERE id = '10' 

2025-03-05T13:12:32+01:00 :: insertTicketHistory_query => INSERT INTO `ticket_history`(`ticket_id`, `updated_by`,`assign_by`,`assign_to`,`status`,`priority`, `category`, `department`) VALUES ('10','25','25','27','1','2','1','12') 

 ============ End Of Script ================== 

2025-03-05T13:16:30+01:00 :: StoreAndupdateTicket Script Start 

2025-03-05T13:16:30+01:00 :: method inside the updateStatus 

2025-03-05T13:16:30+01:00 :: requested data : ticket_id => 10 and status => 2 

2025-03-05T13:16:30+01:00 :: updateTicketRecord_query => UPDATE ticket_record SET status = '2' WHERE id = '10' 

2025-03-05T13:16:30+01:00 :: method inside the insertTicketHistory 

2025-03-05T13:16:30+01:00 :: requested data : ticket_id => 10 

2025-03-05T13:16:30+01:00 :: getUpdatedData_query => SELECT assign_by , assign_to , status , priority , category , department FROM `ticket_record` WHERE id = '10' 

2025-03-05T13:16:30+01:00 :: insertTicketHistory_query => INSERT INTO `ticket_history`(`ticket_id`, `updated_by`,`assign_by`,`assign_to`,`status`,`priority`, `category`, `department`) VALUES ('10','25','25','27','2','2','1','12') 

 ============ End Of Script ================== 

2025-03-05T13:16:36+01:00 :: StoreAndupdateTicket Script Start 

2025-03-05T13:16:36+01:00 :: method inside the updateAssignToUser 

2025-03-05T13:16:36+01:00 :: requested data : ticket_id => 10 and assignBy_user => 25 , assignTo_user => 29 

2025-03-05T13:16:36+01:00 :: updateTicketRecord_query => UPDATE ticket_record SET assign_by = '25' , assign_to = '29' WHERE id = '10' 

2025-03-05T13:16:36+01:00 :: method inside the insertTicketHistory 

2025-03-05T13:16:36+01:00 :: requested data : ticket_id => 10 

2025-03-05T13:16:36+01:00 :: getUpdatedData_query => SELECT assign_by , assign_to , status , priority , category , department FROM `ticket_record` WHERE id = '10' 

2025-03-05T13:16:36+01:00 :: insertTicketHistory_query => INSERT INTO `ticket_history`(`ticket_id`, `updated_by`,`assign_by`,`assign_to`,`status`,`priority`, `category`, `department`) VALUES ('10','25','25','29','2','2','1','12') 

 ============ End Of Script ================== 

2025-03-05T13:16:40+01:00 :: StoreAndupdateTicket Script Start 

2025-03-05T13:16:40+01:00 :: method inside the updateStatus 

2025-03-05T13:16:40+01:00 :: requested data : ticket_id => 10 and status => 3 

2025-03-05T13:16:40+01:00 :: updateTicketRecord_query => UPDATE ticket_record SET status = '3' WHERE id = '10' 

2025-03-05T13:16:40+01:00 :: method inside the insertTicketHistory 

2025-03-05T13:16:40+01:00 :: requested data : ticket_id => 10 

2025-03-05T13:16:40+01:00 :: getUpdatedData_query => SELECT assign_by , assign_to , status , priority , category , department FROM `ticket_record` WHERE id = '10' 

2025-03-05T13:16:40+01:00 :: insertTicketHistory_query => INSERT INTO `ticket_history`(`ticket_id`, `updated_by`,`assign_by`,`assign_to`,`status`,`priority`, `category`, `department`) VALUES ('10','25','25','29','3','2','1','12') 

 ============ End Of Script ================== 

2025-03-05T13:18:44+01:00 :: StoreAndupdateTicket Script Start 

2025-03-05T13:18:44+01:00 :: method inside the updateAssignToUser 

2025-03-05T13:18:44+01:00 :: requested data : ticket_id => 10 and assignBy_user => 25 , assignTo_user => 27 

2025-03-05T13:18:44+01:00 :: updateTicketRecord_query => UPDATE ticket_record SET assign_by = '25' , assign_to = '27' WHERE id = '10' 

2025-03-05T13:18:44+01:00 :: method inside the insertTicketHistory 

2025-03-05T13:18:44+01:00 :: requested data : ticket_id => 10 

2025-03-05T13:18:44+01:00 :: getUpdatedData_query => SELECT assign_by , assign_to , status , priority , category , department FROM `ticket_record` WHERE id = '10' 

2025-03-05T13:18:44+01:00 :: insertTicketHistory_query => INSERT INTO `ticket_history`(`ticket_id`, `updated_by`,`assign_by`,`assign_to`,`status`,`priority`, `category`, `department`) VALUES ('10','25','25','27','3','2','1','12') 

 ============ End Of Script ================== 

2025-03-05T13:19:24+01:00 :: StoreAndupdateTicket Script Start 

2025-03-05T13:19:24+01:00 :: method inside the updateStatus 

2025-03-05T13:19:24+01:00 :: requested data : ticket_id => 10 and status => 2 

2025-03-05T13:19:24+01:00 :: updateTicketRecord_query => UPDATE ticket_record SET status = '2' WHERE id = '10' 

2025-03-05T13:19:24+01:00 :: method inside the insertTicketHistory 

2025-03-05T13:19:24+01:00 :: requested data : ticket_id => 10 

2025-03-05T13:19:24+01:00 :: getUpdatedData_query => SELECT assign_by , assign_to , status , priority , category , department FROM `ticket_record` WHERE id = '10' 

2025-03-05T13:19:24+01:00 :: insertTicketHistory_query => INSERT INTO `ticket_history`(`ticket_id`, `updated_by`,`assign_by`,`assign_to`,`status`,`priority`, `category`, `department`) VALUES ('10','25','25','27','2','2','1','12') 

 ============ End Of Script ================== 

2025-03-05T18:10:11+01:00 :: StoreAndupdateTicket Script Start 

2025-03-05T18:10:11+01:00 :: method inside the InsertComment 

2025-03-05T18:10:11+01:00 :: requested data : comment => rebrjebjbvjbjre b rehvbhbehbhbhvebfhbve and attachment => []

2025-03-05T18:10:11+01:00 :: store_attachement => [] 

2025-03-05T18:10:11+01:00 :: insert comment query =>  INSERT INTO `ticket_comment`(`ticket_id`, `user_id`, `user_name`, `user_image`, `comment`, `attachment`) VALUES ('1','1','Super Admin','/../../assets/images/sample_user.jpeg','rebrjebjbvjbjre b rehvbhbehbhbhvebfhbve','[]') 

 ============ End Of Script ================== 

