2025-03-07T14:01:14+01:00 :: StoreAndupdateTicket Script Start 

2025-03-07T14:01:14+01:00 :: method inside the updateStatus 

2025-03-07T14:01:14+01:00 :: requested data : ticket_id => 3 and status => 6 

2025-03-07T14:01:14+01:00 :: updateTicketRecord_query => UPDATE ticket_record SET status = '6' WHERE id = '3' 

2025-03-07T14:01:14+01:00 :: method inside the insertTicketHistory 

2025-03-07T14:01:14+01:00 :: requested data : ticket_id => 3 

2025-03-07T14:01:14+01:00 :: getUpdatedData_query => SELECT assign_by , assign_to , status , priority , category , department FROM `ticket_record` WHERE id = '3' 

2025-03-07T14:01:14+01:00 :: insertTicketHistory_query => INSERT INTO `ticket_history`(`ticket_id`, `updated_by`,`assign_by`,`assign_to`,`status`,`priority`, `category`, `department`) VALUES ('3','19','','','6','2','3','12') 

 ============ End Of Script ================== 

2025-03-07T16:48:03+01:00 :: StoreAndupdateTicket Script Start 

2025-03-07T16:48:03+01:00 :: method inside the updateStatus 

2025-03-07T16:48:03+01:00 :: requested data : ticket_id => 3 and status => 7 

2025-03-07T16:48:03+01:00 :: updateTicketRecord_query => UPDATE ticket_record SET status = '7' WHERE id = '3' 

2025-03-07T16:48:03+01:00 :: method inside the insertTicketHistory 

2025-03-07T16:48:03+01:00 :: requested data : ticket_id => 3 

2025-03-07T16:48:03+01:00 :: getUpdatedData_query => SELECT assign_by , assign_to , status , priority , category , department FROM `ticket_record` WHERE id = '3' 

2025-03-07T16:48:03+01:00 :: insertTicketHistory_query => INSERT INTO `ticket_history`(`ticket_id`, `updated_by`,`assign_by`,`assign_to`,`status`,`priority`, `category`, `department`) VALUES ('3','19','','','7','2','3','12') 

 ============ End Of Script ================== 

2025-03-07T16:48:03+01:00 :: StoreAndupdateTicket Script Start 

2025-03-07T16:48:03+01:00 :: method inside the updateAssignToUser 

2025-03-07T16:48:03+01:00 :: requested data : ticket_id => 3 and assignBy_user => 19 , assignTo_user => 24 

2025-03-07T16:48:03+01:00 :: updateTicketRecord_query => UPDATE ticket_record SET assign_by = '19' , assign_to = '24' WHERE id = '3' 

2025-03-07T16:48:03+01:00 :: method inside the insertTicketHistory 

2025-03-07T16:48:03+01:00 :: requested data : ticket_id => 3 

2025-03-07T16:48:03+01:00 :: getUpdatedData_query => SELECT assign_by , assign_to , status , priority , category , department FROM `ticket_record` WHERE id = '3' 

2025-03-07T16:48:03+01:00 :: insertTicketHistory_query => INSERT INTO `ticket_history`(`ticket_id`, `updated_by`,`assign_by`,`assign_to`,`status`,`priority`, `category`, `department`) VALUES ('3','19','19','24','7','2','3','12') 

 ============ End Of Script ================== 

