2025-03-10T18:23:38+01:00 :: StoreAndupdateTicket Script Start 

2025-03-10T18:23:38+01:00 :: method inside the updateStatus 

2025-03-10T18:23:38+01:00 :: requested data : ticket_id => 10 and status => 3 

2025-03-10T18:23:38+01:00 :: updateTicketRecord_query => UPDATE ticket_record SET status = '3' WHERE id = '10' 

2025-03-10T18:23:38+01:00 :: method inside the insertTicketHistory 

2025-03-10T18:23:38+01:00 :: requested data : ticket_id => 10 

2025-03-10T18:23:38+01:00 :: getUpdatedData_query => SELECT assign_by , assign_to , status , priority , category , department ,deadline_date FROM `ticket_record` WHERE id = '10' 

2025-03-10T18:23:38+01:00 :: insertTicketHistory_query => INSERT INTO `ticket_history`(`ticket_id`, `updated_by`,`assign_by`,`assign_to`,`status`,`priority`, `category`, `department`,`deadline_date`) VALUES ('10','25','25','27','3','2','1','12','') 

2025-03-10T18:23:38+01:00 :: respose => {"status":200,"message":"Status Updated successfully!"}

 ============ End Of Script ================== 

2025-03-10T18:23:52+01:00 :: StoreAndupdateTicket Script Start 

2025-03-10T18:23:52+01:00 :: method inside the updateStatus 

2025-03-10T18:23:52+01:00 :: requested data : ticket_id => 10 and status => 4 

2025-03-10T18:23:52+01:00 :: updateTicketRecord_query => UPDATE ticket_record SET status = '4' WHERE id = '10' 

2025-03-10T18:23:52+01:00 :: method inside the insertTicketHistory 

2025-03-10T18:23:52+01:00 :: requested data : ticket_id => 10 

2025-03-10T18:23:52+01:00 :: getUpdatedData_query => SELECT assign_by , assign_to , status , priority , category , department ,deadline_date FROM `ticket_record` WHERE id = '10' 

2025-03-10T18:23:52+01:00 :: insertTicketHistory_query => INSERT INTO `ticket_history`(`ticket_id`, `updated_by`,`assign_by`,`assign_to`,`status`,`priority`, `category`, `department`,`deadline_date`) VALUES ('10','25','25','27','4','2','1','12','') 

2025-03-10T18:23:52+01:00 :: respose => {"status":200,"message":"Status Updated successfully!"}

 ============ End Of Script ================== 

2025-03-10T18:24:03+01:00 :: StoreAndupdateTicket Script Start 

2025-03-10T18:24:03+01:00 :: method inside the updateStatus 

2025-03-10T18:24:03+01:00 :: requested data : ticket_id => 10 and status => 3 

2025-03-10T18:24:03+01:00 :: updateTicketRecord_query => UPDATE ticket_record SET status = '3' WHERE id = '10' 

2025-03-10T18:24:03+01:00 :: method inside the insertTicketHistory 

2025-03-10T18:24:03+01:00 :: requested data : ticket_id => 10 

2025-03-10T18:24:03+01:00 :: getUpdatedData_query => SELECT assign_by , assign_to , status , priority , category , department ,deadline_date FROM `ticket_record` WHERE id = '10' 

2025-03-10T18:24:03+01:00 :: insertTicketHistory_query => INSERT INTO `ticket_history`(`ticket_id`, `updated_by`,`assign_by`,`assign_to`,`status`,`priority`, `category`, `department`,`deadline_date`) VALUES ('10','25','25','27','3','2','1','12','') 

2025-03-10T18:24:03+01:00 :: respose => {"status":200,"message":"Status Updated successfully!"}

 ============ End Of Script ================== 

2025-03-10T18:30:53+01:00 :: StoreAndupdateTicket Script Start 

2025-03-10T18:30:53+01:00 :: method inside the updateStatus 

2025-03-10T18:30:53+01:00 :: requested data : ticket_id => 10 and status => 4 

2025-03-10T18:30:53+01:00 :: updateTicketRecord_query => UPDATE ticket_record SET status = '4' WHERE id = '10' 

2025-03-10T18:30:53+01:00 :: method inside the insertTicketHistory 

2025-03-10T18:30:53+01:00 :: requested data : ticket_id => 10 

2025-03-10T18:30:53+01:00 :: getUpdatedData_query => SELECT assign_by , assign_to , status , priority , category , department ,deadline_date FROM `ticket_record` WHERE id = '10' 

2025-03-10T18:30:53+01:00 :: insertTicketHistory_query => INSERT INTO `ticket_history`(`ticket_id`, `updated_by`,`assign_by`,`assign_to`,`status`,`priority`, `category`, `department`,`deadline_date`) VALUES ('10','25','25','27','4','2','1','12','') 

2025-03-10T18:30:53+01:00 :: respose => {"status":200,"message":"Status Updated successfully!"}

 ============ End Of Script ================== 

2025-03-10T18:31:38+01:00 :: StoreAndupdateTicket Script Start 

2025-03-10T18:31:38+01:00 :: method inside the updateStatus 

2025-03-10T18:31:38+01:00 :: requested data : ticket_id => 10 and status => 3 

2025-03-10T18:31:38+01:00 :: updateTicketRecord_query => UPDATE ticket_record SET status = '3' WHERE id = '10' 

2025-03-10T18:31:38+01:00 :: method inside the insertTicketHistory 

2025-03-10T18:31:38+01:00 :: requested data : ticket_id => 10 

2025-03-10T18:31:38+01:00 :: getUpdatedData_query => SELECT assign_by , assign_to , status , priority , category , department ,deadline_date FROM `ticket_record` WHERE id = '10' 

2025-03-10T18:31:38+01:00 :: insertTicketHistory_query => INSERT INTO `ticket_history`(`ticket_id`, `updated_by`,`assign_by`,`assign_to`,`status`,`priority`, `category`, `department`,`deadline_date`) VALUES ('10','25','25','27','3','2','1','12','') 

2025-03-10T18:31:38+01:00 :: respose => {"status":200,"message":"Status Updated successfully!"}

 ============ End Of Script ================== 

2025-03-10T18:31:42+01:00 :: StoreAndupdateTicket Script Start 

2025-03-10T18:31:42+01:00 :: method inside the updateStatus 

2025-03-10T18:31:42+01:00 :: requested data : ticket_id => 10 and status => 4 

2025-03-10T18:31:42+01:00 :: updateTicketRecord_query => UPDATE ticket_record SET status = '4' WHERE id = '10' 

2025-03-10T18:31:42+01:00 :: method inside the insertTicketHistory 

2025-03-10T18:31:42+01:00 :: requested data : ticket_id => 10 

2025-03-10T18:31:42+01:00 :: getUpdatedData_query => SELECT assign_by , assign_to , status , priority , category , department ,deadline_date FROM `ticket_record` WHERE id = '10' 

2025-03-10T18:31:42+01:00 :: insertTicketHistory_query => INSERT INTO `ticket_history`(`ticket_id`, `updated_by`,`assign_by`,`assign_to`,`status`,`priority`, `category`, `department`,`deadline_date`) VALUES ('10','25','25','27','4','2','1','12','') 

2025-03-10T18:31:42+01:00 :: respose => {"status":200,"message":"Status Updated successfully!"}

 ============ End Of Script ================== 

2025-03-10T18:34:57+01:00 :: StoreAndupdateTicket Script Start 

2025-03-10T18:34:57+01:00 :: method inside the updateStatus 

2025-03-10T18:34:57+01:00 :: requested data : ticket_id => 10 and status => 3 

2025-03-10T18:34:57+01:00 :: updateTicketRecord_query => UPDATE ticket_record SET status = '3' WHERE id = '10' 

2025-03-10T18:34:57+01:00 :: method inside the insertTicketHistory 

2025-03-10T18:34:57+01:00 :: requested data : ticket_id => 10 

2025-03-10T18:34:57+01:00 :: getUpdatedData_query => SELECT assign_by , assign_to , status , priority , category , department ,deadline_date FROM `ticket_record` WHERE id = '10' 

2025-03-10T18:34:57+01:00 :: insertTicketHistory_query => INSERT INTO `ticket_history`(`ticket_id`, `updated_by`,`assign_by`,`assign_to`,`status`,`priority`, `category`, `department`,`deadline_date`) VALUES ('10','25','25','27','3','2','1','12','') 

2025-03-10T18:34:57+01:00 :: respose => {"status":200,"message":"Status Updated successfully!"}

 ============ End Of Script ================== 

2025-03-10T18:35:24+01:00 :: StoreAndupdateTicket Script Start 

2025-03-10T18:35:24+01:00 :: method inside the updateStatus 

2025-03-10T18:35:24+01:00 :: requested data : ticket_id => 10 and status => 4 

2025-03-10T18:35:24+01:00 :: updateTicketRecord_query => UPDATE ticket_record SET status = '4' WHERE id = '10' 

2025-03-10T18:35:24+01:00 :: method inside the insertTicketHistory 

2025-03-10T18:35:24+01:00 :: requested data : ticket_id => 10 

2025-03-10T18:35:24+01:00 :: getUpdatedData_query => SELECT assign_by , assign_to , status , priority , category , department ,deadline_date FROM `ticket_record` WHERE id = '10' 

2025-03-10T18:35:24+01:00 :: insertTicketHistory_query => INSERT INTO `ticket_history`(`ticket_id`, `updated_by`,`assign_by`,`assign_to`,`status`,`priority`, `category`, `department`,`deadline_date`) VALUES ('10','25','25','27','4','2','1','12','') 

2025-03-10T18:35:24+01:00 :: respose => {"status":200,"message":"Status Updated successfully!"}

 ============ End Of Script ================== 

2025-03-10T18:35:39+01:00 :: StoreAndupdateTicket Script Start 

2025-03-10T18:35:39+01:00 :: method inside the checkUserIsAssignByUserOrNot 

2025-03-10T18:35:39+01:00 :: requested data : ticket_id => 10 

2025-03-10T18:35:39+01:00 :: respose => {"status":200,"message":"User allowed to close the Ticket successfully!"}

 ============ End Of Script ================== 

2025-03-10T18:48:22+01:00 :: StoreAndupdateTicket Script Start 

2025-03-10T18:48:22+01:00 :: method inside the checkUserIsAssignByUserOrNot 

2025-03-10T18:48:22+01:00 :: requested data : ticket_id => 10 

2025-03-10T18:48:22+01:00 :: respose => {"status":200,"message":"User allowed to close the Ticket successfully!"}

 ============ End Of Script ================== 

2025-03-10T18:50:22+01:00 :: StoreAndupdateTicket Script Start 

2025-03-10T18:50:22+01:00 :: method inside the updateStatus 

2025-03-10T18:50:22+01:00 :: requested data : ticket_id => 9 and status => 4 

2025-03-10T18:50:22+01:00 :: updateTicketRecord_query => UPDATE ticket_record SET status = '4' WHERE id = '9' 

2025-03-10T18:50:22+01:00 :: method inside the insertTicketHistory 

2025-03-10T18:50:22+01:00 :: requested data : ticket_id => 9 

2025-03-10T18:50:22+01:00 :: getUpdatedData_query => SELECT assign_by , assign_to , status , priority , category , department ,deadline_date FROM `ticket_record` WHERE id = '9' 

2025-03-10T18:50:22+01:00 :: insertTicketHistory_query => INSERT INTO `ticket_history`(`ticket_id`, `updated_by`,`assign_by`,`assign_to`,`status`,`priority`, `category`, `department`,`deadline_date`) VALUES ('9','19','1','24','4','3','1','12','2025-03-12') 

2025-03-10T18:50:22+01:00 :: respose => {"status":200,"message":"Status Updated successfully!"}

 ============ End Of Script ================== 

