2025-03-29T07:46:44+01:00 :: StoreAndupdateTicket Script Start 

2025-03-29T07:46:44+01:00 :: method inside the insertNotification 

2025-03-29T07:46:44+01:00 :: requested data : assign_to => 13 

2025-03-29T07:46:44+01:00 :: respose => {"status":200,"message":"Notification already added successfully!"}

 ============ End Of Script ================== 

2025-03-29T07:46:48+01:00 :: StoreAndupdateTicket Script Start 

2025-03-29T07:46:48+01:00 :: method inside the insertNotification 

2025-03-29T07:46:48+01:00 :: requested data : assign_to => 11 

2025-03-29T07:46:48+01:00 :: respose => {"status":200,"message":"Notification already added successfully!"}

 ============ End Of Script ================== 

2025-03-29T07:47:16+01:00 :: StoreAndupdateTicket Script Start 

2025-03-29T07:47:16+01:00 :: method inside the InsertComment 

2025-03-29T07:47:16+01:00 :: requested data : comment => Busy in other work  \nHold By : Saqib  and attachment => []

2025-03-29T07:47:16+01:00 :: store_attachement => [] 

2025-03-29T07:47:16+01:00 :: insert comment query =>  INSERT INTO `ticket_comment`(`ticket_id`, `user_id`, `user_name`, `user_image`, `comment`, `attachment`) VALUES ('11','1','Super Admin','/../../assets/images/sample_user.jpeg','Busy in other work  \nHold By : Saqib ','[]') 

2025-03-29T07:47:16+01:00 :: respose => {"status":200,"message":"Comment send successfully!"}

 ============ End Of Script ================== 

2025-03-29T07:47:16+01:00 :: StoreAndupdateTicket Script Start 

2025-03-29T07:47:16+01:00 :: method inside the updateStatus 

2025-03-29T07:47:16+01:00 :: requested data : ticket_id => 11 and status => 6 

2025-03-29T07:47:16+01:00 :: updateTicketRecord_query => UPDATE ticket_record SET status = '6'  WHERE id = '11' 

2025-03-29T07:47:16+01:00 :: method inside the insertTicketHistory 

2025-03-29T07:47:16+01:00 :: requested data : ticket_id => 11 

2025-03-29T07:47:16+01:00 :: getUpdatedData_query => SELECT assign_by , assign_to , status , priority , category , department ,deadline_date,timer_stop FROM `ticket_record` WHERE id = '11' 

2025-03-29T07:47:16+01:00 :: Insert into ticket_history successful 

2025-03-29T07:47:16+01:00 :: respose => {"status":200,"message":"Status Updated successfully!"}

 ============ End Of Script ================== 

2025-03-29T07:47:17+01:00 :: StoreAndupdateTicket Script Start 

2025-03-29T07:47:17+01:00 :: method inside the insertNotification 

2025-03-29T07:47:17+01:00 :: requested data : assign_to => 11 

2025-03-29T07:47:17+01:00 :: respose => {"status":200,"message":"Notification already added successfully!"}

 ============ End Of Script ================== 

2025-03-29T07:59:04+01:00 :: StoreAndupdateTicket Script Start 

2025-03-29T07:59:04+01:00 :: method inside the insertNotification 

2025-03-29T07:59:04+01:00 :: requested data : assign_to => 13 

2025-03-29T07:59:04+01:00 :: respose => {"status":200,"message":"Notification already added successfully!"}

 ============ End Of Script ================== 

2025-03-29T08:04:50+01:00 :: StoreAndupdateTicket Script Start 

2025-03-29T08:04:50+01:00 :: method inside the insertNotification 

2025-03-29T08:04:50+01:00 :: requested data : assign_to => 13 

2025-03-29T08:04:50+01:00 :: respose => {"status":200,"message":"Notification already added successfully!"}

 ============ End Of Script ================== 

2025-03-29T08:05:19+01:00 :: StoreAndupdateTicket Script Start 

2025-03-29T08:05:19+01:00 :: method inside the insertNotification 

2025-03-29T08:05:19+01:00 :: requested data : assign_to => 11 

2025-03-29T08:05:19+01:00 :: respose => {"status":200,"message":"Notification already added successfully!"}

 ============ End Of Script ================== 

2025-03-29T08:12:25+01:00 :: StoreAndupdateTicket Script Start 

2025-03-29T08:12:25+01:00 :: method inside the insertNotification 

2025-03-29T08:12:25+01:00 :: requested data : assign_to => 13 

2025-03-29T08:12:25+01:00 :: respose => {"status":200,"message":"Notification added successfully!"}

 ============ End Of Script ================== 

2025-03-29T08:12:27+01:00 :: StoreAndupdateTicket Script Start 

2025-03-29T08:12:27+01:00 :: method inside the insertNotification 

2025-03-29T08:12:27+01:00 :: requested data : assign_to => 11 

2025-03-29T08:12:27+01:00 :: respose => {"status":200,"message":"Notification added successfully!"}

 ============ End Of Script ================== 

2025-03-29T08:13:10+01:00 :: StoreAndupdateTicket Script Start 

2025-03-29T08:13:10+01:00 :: method inside the insertNotification 

2025-03-29T08:13:10+01:00 :: requested data : assign_to => 13 

2025-03-29T08:13:10+01:00 :: respose => {"status":200,"message":"Notification already added successfully!"}

 ============ End Of Script ================== 

2025-03-29T08:13:13+01:00 :: StoreAndupdateTicket Script Start 

2025-03-29T08:13:13+01:00 :: method inside the insertNotification 

2025-03-29T08:13:13+01:00 :: requested data : assign_to => 11 

2025-03-29T08:13:13+01:00 :: respose => {"status":200,"message":"Notification already added successfully!"}

 ============ End Of Script ================== 

2025-03-29T08:35:29+01:00 :: StoreAndupdateTicket Script Start 

2025-03-29T08:35:29+01:00 :: method inside the insertNotification 

2025-03-29T08:35:29+01:00 :: requested data : assign_to => 13 

2025-03-29T08:35:29+01:00 :: respose => {"status":200,"message":"Notification already added successfully!"}

 ============ End Of Script ================== 

