2025-03-08T06:47:58+01:00 :: StoreAndupdateTicket Script Start 

2025-03-08T06:47:58+01:00 :: method inside the updateCategory 

2025-03-08T06:47:58+01:00 :: requested data : ticket_id => 9 and deadline_date => 2025-03-13 

2025-03-08T06:47:58+01:00 :: updateTicketRecord_query => UPDATE ticket_record SET deadline_date = '2025-03-13' WHERE id = '9' 

2025-03-08T06:47:58+01:00 :: method inside the insertTicketHistory 

2025-03-08T06:47:58+01:00 :: requested data : ticket_id => 9 

2025-03-08T06:47:58+01:00 :: getUpdatedData_query => SELECT assign_by , assign_to , status , priority , category , department ,deadline_date FROM `ticket_record` WHERE id = '9' 

2025-03-08T06:47:58+01:00 :: insertTicketHistory_query => INSERT INTO `ticket_history`(`ticket_id`, `updated_by`,`assign_by`,`assign_to`,`status`,`priority`, `category`, `department`,`deadline_date`) VALUES ('9','19','','','1','3','1','12','2025-03-13') 

 ============ End Of Script ================== 

2025-03-08T06:53:54+01:00 :: StoreAndupdateTicket Script Start 

2025-03-08T06:53:54+01:00 :: method inside the updateCategory 

2025-03-08T06:53:54+01:00 :: requested data : ticket_id => 9 and deadline_date => 2025-03-13 

2025-03-08T06:53:54+01:00 :: updateTicketRecord_query => UPDATE ticket_record SET deadline_date = '2025-03-13' WHERE id = '9' 

2025-03-08T06:53:54+01:00 :: method inside the insertTicketHistory 

2025-03-08T06:53:54+01:00 :: requested data : ticket_id => 9 

2025-03-08T06:53:54+01:00 :: getUpdatedData_query => SELECT assign_by , assign_to , status , priority , category , department ,deadline_date FROM `ticket_record` WHERE id = '9' 

2025-03-08T06:53:54+01:00 :: insertTicketHistory_query => INSERT INTO `ticket_history`(`ticket_id`, `updated_by`,`assign_by`,`assign_to`,`status`,`priority`, `category`, `department`,`deadline_date`) VALUES ('9','19','','','1','3','1','12','2025-03-13') 

 ============ End Of Script ================== 

2025-03-08T06:56:25+01:00 :: StoreAndupdateTicket Script Start 

2025-03-08T06:56:25+01:00 :: method inside the updateCategory 

2025-03-08T06:56:25+01:00 :: requested data : ticket_id => 9 and deadline_date => 2025-03-19 

2025-03-08T06:56:25+01:00 :: updateTicketRecord_query => UPDATE ticket_record SET deadline_date = '2025-03-19' WHERE id = '9' 

2025-03-08T06:56:25+01:00 :: method inside the insertTicketHistory 

2025-03-08T06:56:25+01:00 :: requested data : ticket_id => 9 

2025-03-08T06:56:25+01:00 :: getUpdatedData_query => SELECT assign_by , assign_to , status , priority , category , department ,deadline_date FROM `ticket_record` WHERE id = '9' 

2025-03-08T06:56:25+01:00 :: insertTicketHistory_query => INSERT INTO `ticket_history`(`ticket_id`, `updated_by`,`assign_by`,`assign_to`,`status`,`priority`, `category`, `department`,`deadline_date`) VALUES ('9','19','','','1','3','1','12','2025-03-19') 

 ============ End Of Script ================== 

2025-03-08T07:01:41+01:00 :: StoreAndupdateTicket Script Start 

2025-03-08T07:01:41+01:00 :: method inside the updateCategory 

2025-03-08T07:01:41+01:00 :: requested data : ticket_id => 9 and deadline_date => 2025-03-12 

2025-03-08T07:01:41+01:00 :: updateTicketRecord_query => UPDATE ticket_record SET deadline_date = '2025-03-12' WHERE id = '9' 

2025-03-08T07:01:41+01:00 :: method inside the insertTicketHistory 

2025-03-08T07:01:41+01:00 :: requested data : ticket_id => 9 

2025-03-08T07:01:41+01:00 :: getUpdatedData_query => SELECT assign_by , assign_to , status , priority , category , department ,deadline_date FROM `ticket_record` WHERE id = '9' 

2025-03-08T07:01:41+01:00 :: insertTicketHistory_query => INSERT INTO `ticket_history`(`ticket_id`, `updated_by`,`assign_by`,`assign_to`,`status`,`priority`, `category`, `department`,`deadline_date`) VALUES ('9','1','','','1','3','1','12','2025-03-12') 

 ============ End Of Script ================== 

2025-03-08T07:01:41+01:00 :: StoreAndupdateTicket Script Start 

2025-03-08T07:01:41+01:00 :: method inside the updateStatus 

2025-03-08T07:01:41+01:00 :: requested data : ticket_id => 9 and status => 7 

2025-03-08T07:01:41+01:00 :: updateTicketRecord_query => UPDATE ticket_record SET status = '7' WHERE id = '9' 

2025-03-08T07:01:41+01:00 :: method inside the insertTicketHistory 

2025-03-08T07:01:41+01:00 :: requested data : ticket_id => 9 

2025-03-08T07:01:41+01:00 :: getUpdatedData_query => SELECT assign_by , assign_to , status , priority , category , department ,deadline_date FROM `ticket_record` WHERE id = '9' 

2025-03-08T07:01:41+01:00 :: insertTicketHistory_query => INSERT INTO `ticket_history`(`ticket_id`, `updated_by`,`assign_by`,`assign_to`,`status`,`priority`, `category`, `department`,`deadline_date`) VALUES ('9','1','','','7','3','1','12','2025-03-12') 

 ============ End Of Script ================== 

2025-03-08T07:01:41+01:00 :: StoreAndupdateTicket Script Start 

2025-03-08T07:01:41+01:00 :: method inside the updateAssignToUser 

2025-03-08T07:01:41+01:00 :: requested data : ticket_id => 9 and assignBy_user => 1 , assignTo_user => 24 

2025-03-08T07:01:41+01:00 :: updateTicketRecord_query => UPDATE ticket_record SET assign_by = '1' , assign_to = '24' WHERE id = '9' 

2025-03-08T07:01:41+01:00 :: method inside the insertTicketHistory 

2025-03-08T07:01:41+01:00 :: requested data : ticket_id => 9 

2025-03-08T07:01:41+01:00 :: getUpdatedData_query => SELECT assign_by , assign_to , status , priority , category , department ,deadline_date FROM `ticket_record` WHERE id = '9' 

2025-03-08T07:01:41+01:00 :: insertTicketHistory_query => INSERT INTO `ticket_history`(`ticket_id`, `updated_by`,`assign_by`,`assign_to`,`status`,`priority`, `category`, `department`,`deadline_date`) VALUES ('9','1','1','24','7','3','1','12','2025-03-12') 

 ============ End Of Script ================== 

2025-03-08T07:26:50+01:00 :: StoreAndupdateTicket Script Start 

2025-03-08T07:26:50+01:00 :: method inside the updateCategory 

2025-03-08T07:26:50+01:00 :: requested data : ticket_id => 7 and deadline_date => 2025-03-14 

2025-03-08T07:26:50+01:00 :: updateTicketRecord_query => UPDATE ticket_record SET deadline_date = '2025-03-14' WHERE id = '7' 

2025-03-08T07:26:50+01:00 :: method inside the insertTicketHistory 

2025-03-08T07:26:50+01:00 :: requested data : ticket_id => 7 

2025-03-08T07:26:50+01:00 :: getUpdatedData_query => SELECT assign_by , assign_to , status , priority , category , department ,deadline_date FROM `ticket_record` WHERE id = '7' 

2025-03-08T07:26:50+01:00 :: insertTicketHistory_query => INSERT INTO `ticket_history`(`ticket_id`, `updated_by`,`assign_by`,`assign_to`,`status`,`priority`, `category`, `department`,`deadline_date`) VALUES ('7','19','','','1','2','3','12','2025-03-14') 

 ============ End Of Script ================== 

2025-03-08T07:26:50+01:00 :: StoreAndupdateTicket Script Start 

2025-03-08T07:26:50+01:00 :: method inside the updateStatus 

2025-03-08T07:26:50+01:00 :: requested data : ticket_id => 7 and status => 7 

2025-03-08T07:26:50+01:00 :: updateTicketRecord_query => UPDATE ticket_record SET status = '7' WHERE id = '7' 

2025-03-08T07:26:50+01:00 :: method inside the insertTicketHistory 

2025-03-08T07:26:50+01:00 :: requested data : ticket_id => 7 

2025-03-08T07:26:50+01:00 :: getUpdatedData_query => SELECT assign_by , assign_to , status , priority , category , department ,deadline_date FROM `ticket_record` WHERE id = '7' 

2025-03-08T07:26:50+01:00 :: insertTicketHistory_query => INSERT INTO `ticket_history`(`ticket_id`, `updated_by`,`assign_by`,`assign_to`,`status`,`priority`, `category`, `department`,`deadline_date`) VALUES ('7','19','','','7','2','3','12','2025-03-14') 

 ============ End Of Script ================== 

2025-03-08T07:26:50+01:00 :: StoreAndupdateTicket Script Start 

2025-03-08T07:26:50+01:00 :: method inside the updateAssignToUser 

2025-03-08T07:26:50+01:00 :: requested data : ticket_id => 7 and assignBy_user => 19 , assignTo_user => 25 

2025-03-08T07:26:50+01:00 :: updateTicketRecord_query => UPDATE ticket_record SET assign_by = '19' , assign_to = '25' WHERE id = '7' 

2025-03-08T07:26:50+01:00 :: method inside the insertTicketHistory 

2025-03-08T07:26:50+01:00 :: requested data : ticket_id => 7 

2025-03-08T07:26:50+01:00 :: getUpdatedData_query => SELECT assign_by , assign_to , status , priority , category , department ,deadline_date FROM `ticket_record` WHERE id = '7' 

2025-03-08T07:26:50+01:00 :: insertTicketHistory_query => INSERT INTO `ticket_history`(`ticket_id`, `updated_by`,`assign_by`,`assign_to`,`status`,`priority`, `category`, `department`,`deadline_date`) VALUES ('7','19','19','25','7','2','3','12','2025-03-14') 

 ============ End Of Script ================== 

2025-03-08T07:36:00+01:00 :: StoreAndupdateTicket Script Start 

2025-03-08T07:36:00+01:00 :: method inside the updateCategory 

2025-03-08T07:36:00+01:00 :: requested data : ticket_id => 4 and deadline_date => 2025-03-11 

2025-03-08T07:36:00+01:00 :: updateTicketRecord_query => UPDATE ticket_record SET deadline_date = '2025-03-11' WHERE id = '4' 

2025-03-08T07:36:00+01:00 :: method inside the insertTicketHistory 

2025-03-08T07:36:00+01:00 :: requested data : ticket_id => 4 

2025-03-08T07:36:00+01:00 :: getUpdatedData_query => SELECT assign_by , assign_to , status , priority , category , department ,deadline_date FROM `ticket_record` WHERE id = '4' 

2025-03-08T07:36:00+01:00 :: insertTicketHistory_query => INSERT INTO `ticket_history`(`ticket_id`, `updated_by`,`assign_by`,`assign_to`,`status`,`priority`, `category`, `department`,`deadline_date`) VALUES ('4','19','','','1','2','1','12','2025-03-11') 

 ============ End Of Script ================== 

2025-03-08T07:36:00+01:00 :: StoreAndupdateTicket Script Start 

2025-03-08T07:36:00+01:00 :: method inside the updateStatus 

2025-03-08T07:36:00+01:00 :: requested data : ticket_id => 4 and status => 7 

2025-03-08T07:36:00+01:00 :: updateTicketRecord_query => UPDATE ticket_record SET status = '7' WHERE id = '4' 

2025-03-08T07:36:00+01:00 :: method inside the insertTicketHistory 

2025-03-08T07:36:00+01:00 :: requested data : ticket_id => 4 

2025-03-08T07:36:00+01:00 :: getUpdatedData_query => SELECT assign_by , assign_to , status , priority , category , department ,deadline_date FROM `ticket_record` WHERE id = '4' 

2025-03-08T07:36:00+01:00 :: insertTicketHistory_query => INSERT INTO `ticket_history`(`ticket_id`, `updated_by`,`assign_by`,`assign_to`,`status`,`priority`, `category`, `department`,`deadline_date`) VALUES ('4','19','','','7','2','1','12','2025-03-11') 

 ============ End Of Script ================== 

2025-03-08T07:36:00+01:00 :: StoreAndupdateTicket Script Start 

2025-03-08T07:36:00+01:00 :: method inside the updateAssignToUser 

2025-03-08T07:36:00+01:00 :: requested data : ticket_id => 4 and assignBy_user => 19 , assignTo_user => 28 

2025-03-08T07:36:00+01:00 :: updateTicketRecord_query => UPDATE ticket_record SET assign_by = '19' , assign_to = '28' WHERE id = '4' 

2025-03-08T07:36:00+01:00 :: method inside the insertTicketHistory 

2025-03-08T07:36:00+01:00 :: requested data : ticket_id => 4 

2025-03-08T07:36:00+01:00 :: getUpdatedData_query => SELECT assign_by , assign_to , status , priority , category , department ,deadline_date FROM `ticket_record` WHERE id = '4' 

2025-03-08T07:36:00+01:00 :: insertTicketHistory_query => INSERT INTO `ticket_history`(`ticket_id`, `updated_by`,`assign_by`,`assign_to`,`status`,`priority`, `category`, `department`,`deadline_date`) VALUES ('4','19','19','28','7','2','1','12','2025-03-11') 

 ============ End Of Script ================== 

2025-03-08T11:06:01+01:00 :: StoreAndupdateTicket Script Start 

2025-03-08T11:06:01+01:00 :: method inside the updateCategory 

2025-03-08T11:06:01+01:00 :: requested data : ticket_id => 2 and deadline_date => 2025-03-09 

2025-03-08T11:06:01+01:00 :: updateTicketRecord_query => UPDATE ticket_record SET deadline_date = '2025-03-09' WHERE id = '2' 

2025-03-08T11:06:01+01:00 :: method inside the insertTicketHistory 

2025-03-08T11:06:01+01:00 :: requested data : ticket_id => 2 

2025-03-08T11:06:01+01:00 :: getUpdatedData_query => SELECT assign_by , assign_to , status , priority , category , department ,deadline_date FROM `ticket_record` WHERE id = '2' 

2025-03-08T11:06:01+01:00 :: insertTicketHistory_query => INSERT INTO `ticket_history`(`ticket_id`, `updated_by`,`assign_by`,`assign_to`,`status`,`priority`, `category`, `department`,`deadline_date`) VALUES ('2','1','','','1','3','1','12','2025-03-09') 

 ============ End Of Script ================== 

2025-03-08T11:06:01+01:00 :: StoreAndupdateTicket Script Start 

2025-03-08T11:06:01+01:00 :: method inside the updateStatus 

2025-03-08T11:06:01+01:00 :: requested data : ticket_id => 2 and status => 7 

2025-03-08T11:06:01+01:00 :: updateTicketRecord_query => UPDATE ticket_record SET status = '7' WHERE id = '2' 

2025-03-08T11:06:01+01:00 :: method inside the insertTicketHistory 

2025-03-08T11:06:01+01:00 :: requested data : ticket_id => 2 

2025-03-08T11:06:01+01:00 :: getUpdatedData_query => SELECT assign_by , assign_to , status , priority , category , department ,deadline_date FROM `ticket_record` WHERE id = '2' 

2025-03-08T11:06:01+01:00 :: insertTicketHistory_query => INSERT INTO `ticket_history`(`ticket_id`, `updated_by`,`assign_by`,`assign_to`,`status`,`priority`, `category`, `department`,`deadline_date`) VALUES ('2','1','','','7','3','1','12','2025-03-09') 

 ============ End Of Script ================== 

2025-03-08T11:06:01+01:00 :: StoreAndupdateTicket Script Start 

2025-03-08T11:06:01+01:00 :: method inside the updateAssignToUser 

2025-03-08T11:06:01+01:00 :: requested data : ticket_id => 2 and assignBy_user => 1 , assignTo_user => 27 

2025-03-08T11:06:01+01:00 :: updateTicketRecord_query => UPDATE ticket_record SET assign_by = '1' , assign_to = '27' WHERE id = '2' 

2025-03-08T11:06:01+01:00 :: method inside the insertTicketHistory 

2025-03-08T11:06:01+01:00 :: requested data : ticket_id => 2 

2025-03-08T11:06:01+01:00 :: getUpdatedData_query => SELECT assign_by , assign_to , status , priority , category , department ,deadline_date FROM `ticket_record` WHERE id = '2' 

2025-03-08T11:06:01+01:00 :: insertTicketHistory_query => INSERT INTO `ticket_history`(`ticket_id`, `updated_by`,`assign_by`,`assign_to`,`status`,`priority`, `category`, `department`,`deadline_date`) VALUES ('2','1','1','27','7','3','1','12','2025-03-09') 

 ============ End Of Script ================== 

