2025-03-04T08:46:24+01:00 :: StoreAndupdateTicket Script Start 

2025-03-04T08:46:24+01:00 :: method inside the updateAssignToUser 

2025-03-04T08:46:24+01:00 :: requested data : ticket_id => 1 and assignBy_user => 19 , assignTo_user => 20 

2025-03-04T08:46:24+01:00 :: updateTicketRecord_query => UPDATE ticket_record SET assign_by = '19' , assign_to = '20' WHERE id = '1' 

2025-03-04T08:46:24+01:00 :: method inside the insertTicketHistory 

2025-03-04T08:46:24+01:00 :: requested data : ticket_id => 1 

2025-03-04T08:46:24+01:00 :: getUpdatedData_query => SELECT assign_by , assign_to , status , priority , category , department FROM `ticket_record` WHERE id = '1' 

 ============ End Of Script ================== 

2025-03-04T08:52:40+01:00 :: StoreAndupdateTicket Script Start 

2025-03-04T08:52:40+01:00 :: method inside the updateAssignToUser 

2025-03-04T08:52:40+01:00 :: requested data : ticket_id => 1 and assignBy_user => 1 , assignTo_user => 20 

2025-03-04T08:52:40+01:00 :: updateTicketRecord_query => UPDATE ticket_record SET assign_by = '1' , assign_to = '20' WHERE id = '1' 

2025-03-04T08:52:40+01:00 :: method inside the insertTicketHistory 

2025-03-04T08:52:40+01:00 :: requested data : ticket_id => 1 

2025-03-04T08:52:40+01:00 :: getUpdatedData_query => SELECT assign_by , assign_to , status , priority , category , department FROM `ticket_record` WHERE id = '1' 

2025-03-04T08:52:40+01:00 :: insertTicketHistory_query => INSERT INTO `ticket_history`(`ticket_id`, `updated_by`,`assign_by`,`assign_to`,`status`,`priority`, `category`, `department`) VALUES ('1','1','1','20','1','3','1','12') 

 ============ End Of Script ================== 

2025-03-04T08:53:31+01:00 :: StoreAndupdateTicket Script Start 

2025-03-04T08:53:31+01:00 :: method inside the updateAssignToUser 

2025-03-04T08:53:31+01:00 :: requested data : ticket_id => 1 and assignBy_user => 19 , assignTo_user => 28 

2025-03-04T08:53:31+01:00 :: updateTicketRecord_query => UPDATE ticket_record SET assign_by = '19' , assign_to = '28' WHERE id = '1' 

2025-03-04T08:53:31+01:00 :: method inside the insertTicketHistory 

2025-03-04T08:53:31+01:00 :: requested data : ticket_id => 1 

2025-03-04T08:53:31+01:00 :: getUpdatedData_query => SELECT assign_by , assign_to , status , priority , category , department FROM `ticket_record` WHERE id = '1' 

2025-03-04T08:53:31+01:00 :: insertTicketHistory_query => INSERT INTO `ticket_history`(`ticket_id`, `updated_by`,`assign_by`,`assign_to`,`status`,`priority`, `category`, `department`) VALUES ('1','19','19','28','1','3','1','12') 

 ============ End Of Script ================== 

