2025-03-27T09:59:38+01:00 :: StoreAndupdateTicket Script Start 

2025-03-27T09:59:38+01:00 :: method inside the insertNotification 

2025-03-27T09:59:38+01:00 :: requested data : assign_to => 11 

2025-03-27T09:59:38+01:00 :: respose => {"status":200,"message":"Notification added successfully!"}

 ============ End Of Script ================== 

2025-03-27T10:00:12+01:00 :: StoreAndupdateTicket Script Start 

2025-03-27T10:00:12+01:00 :: method inside the insertNotification 

2025-03-27T10:00:12+01:00 :: requested data : assign_to => 11 

2025-03-27T10:00:12+01:00 :: respose => {"status":200,"message":"Notification already added successfully!"}

 ============ End Of Script ================== 

2025-03-27T10:02:11+01:00 :: StoreAndupdateTicket Script Start 

2025-03-27T10:02:11+01:00 :: method inside the insertNotification 

2025-03-27T10:02:11+01:00 :: requested data : assign_to => 11 

2025-03-27T10:02:11+01:00 :: respose => {"status":200,"message":"Notification already added successfully!"}

 ============ End Of Script ================== 

2025-03-27T10:02:38+01:00 :: StoreAndupdateTicket Script Start 

2025-03-27T10:02:38+01:00 :: method inside the insertNotification 

2025-03-27T10:02:38+01:00 :: requested data : assign_to => 10 

2025-03-27T10:02:38+01:00 :: respose => {"status":200,"message":"Notification added successfully!"}

 ============ End Of Script ================== 

2025-03-27T10:03:15+01:00 :: StoreAndupdateTicket Script Start 

2025-03-27T10:03:15+01:00 :: method inside the insertNotification 

2025-03-27T10:03:15+01:00 :: requested data : assign_to => 11 

2025-03-27T10:03:15+01:00 :: respose => {"status":200,"message":"Notification already added successfully!"}

 ============ End Of Script ================== 

2025-03-27T10:04:46+01:00 :: StoreAndupdateTicket Script Start 

2025-03-27T10:04:46+01:00 :: method inside the insertNotification 

2025-03-27T10:04:46+01:00 :: requested data : assign_to => 11 

2025-03-27T10:04:46+01:00 :: respose => {"status":200,"message":"Notification already added successfully!"}

 ============ End Of Script ================== 

2025-03-27T10:04:54+01:00 :: StoreAndupdateTicket Script Start 

2025-03-27T10:04:54+01:00 :: method inside the insertNotification 

2025-03-27T10:04:54+01:00 :: requested data : assign_to => 9 

2025-03-27T10:04:54+01:00 :: respose => {"status":200,"message":"Notification added successfully!"}

 ============ End Of Script ================== 

2025-03-27T10:07:41+01:00 :: StoreAndupdateTicket Script Start 

2025-03-27T10:07:41+01:00 :: method inside the insertNotification 

2025-03-27T10:07:41+01:00 :: requested data : assign_to => 11 

2025-03-27T10:07:41+01:00 :: respose => {"status":200,"message":"Notification added successfully!"}

 ============ End Of Script ================== 

2025-03-27T10:08:10+01:00 :: StoreAndupdateTicket Script Start 

2025-03-27T10:08:10+01:00 :: method inside the insertNotification 

2025-03-27T10:08:10+01:00 :: requested data : assign_to => 11 

2025-03-27T10:08:10+01:00 :: respose => {"status":200,"message":"Notification already added successfully!"}

 ============ End Of Script ================== 

2025-03-27T10:08:38+01:00 :: StoreAndupdateTicket Script Start 

2025-03-27T10:08:38+01:00 :: method inside the insertNotification 

2025-03-27T10:08:38+01:00 :: requested data : assign_to => 11 

2025-03-27T10:08:38+01:00 :: respose => {"status":200,"message":"Notification already added successfully!"}

 ============ End Of Script ================== 

2025-03-27T10:11:20+01:00 :: StoreAndupdateTicket Script Start 

2025-03-27T10:11:20+01:00 :: method inside the insertNotification 

2025-03-27T10:11:20+01:00 :: requested data : assign_to => 11 

2025-03-27T10:11:20+01:00 :: respose => {"status":200,"message":"Notification already added successfully!"}

 ============ End Of Script ================== 

2025-03-27T10:57:26+01:00 :: StoreAndupdateTicket Script Start 

2025-03-27T10:57:26+01:00 :: method inside the insertNotification 

2025-03-27T10:57:26+01:00 :: requested data : assign_to => 11 

2025-03-27T10:57:26+01:00 :: respose => {"status":200,"message":"Notification already added successfully!"}

 ============ End Of Script ================== 

2025-03-27T10:57:51+01:00 :: StoreAndupdateTicket Script Start 

2025-03-27T10:57:51+01:00 :: method inside the insertNotification 

2025-03-27T10:57:51+01:00 :: requested data : assign_to => 10 

2025-03-27T10:57:51+01:00 :: respose => {"status":200,"message":"Notification added successfully!"}

 ============ End Of Script ================== 

2025-03-27T11:08:10+01:00 :: StoreAndupdateTicket Script Start 

2025-03-27T11:08:10+01:00 :: method inside the insertNotification 

2025-03-27T11:08:10+01:00 :: requested data : assign_to => 11 

2025-03-27T11:08:10+01:00 :: respose => {"status":200,"message":"Notification already added successfully!"}

 ============ End Of Script ================== 

2025-03-27T11:09:16+01:00 :: StoreAndupdateTicket Script Start 

2025-03-27T11:09:16+01:00 :: method inside the insertNotification 

2025-03-27T11:09:16+01:00 :: requested data : assign_to => 9 

2025-03-27T11:09:16+01:00 :: respose => {"status":200,"message":"Notification added successfully!"}

 ============ End Of Script ================== 

2025-03-27T11:19:58+01:00 :: StoreAndupdateTicket Script Start 

2025-03-27T11:19:58+01:00 :: method inside the insertNotification 

2025-03-27T11:19:58+01:00 :: requested data : assign_to => 11 

2025-03-27T11:19:58+01:00 :: respose => {"status":200,"message":"Notification already added successfully!"}

 ============ End Of Script ================== 

2025-03-27T11:21:22+01:00 :: StoreAndupdateTicket Script Start 

2025-03-27T11:21:22+01:00 :: method inside the insertNotification 

2025-03-27T11:21:22+01:00 :: requested data : assign_to => 1 

2025-03-27T11:21:22+01:00 :: respose => {"status":200,"message":"Notification added successfully!"}

 ============ End Of Script ================== 

2025-03-27T11:29:42+01:00 :: StoreAndupdateTicket Script Start 

2025-03-27T11:29:42+01:00 :: method inside the insertNotification 

2025-03-27T11:29:42+01:00 :: requested data : assign_to => 11 

2025-03-27T11:29:42+01:00 :: respose => {"status":200,"message":"Notification already added successfully!"}

 ============ End Of Script ================== 

2025-03-27T11:29:59+01:00 :: StoreAndupdateTicket Script Start 

2025-03-27T11:29:59+01:00 :: method inside the insertNotification 

2025-03-27T11:29:59+01:00 :: requested data : assign_to => 2 

2025-03-27T11:29:59+01:00 :: respose => {"status":200,"message":"Notification added successfully!"}

 ============ End Of Script ================== 

2025-03-27T11:41:06+01:00 :: StoreAndupdateTicket Script Start 

2025-03-27T11:41:06+01:00 :: method inside the insertNotification 

2025-03-27T11:41:06+01:00 :: requested data : assign_to => 11 

2025-03-27T11:41:06+01:00 :: respose => {"status":200,"message":"Notification already added successfully!"}

 ============ End Of Script ================== 

2025-03-27T11:41:27+01:00 :: StoreAndupdateTicket Script Start 

2025-03-27T11:41:27+01:00 :: method inside the insertNotification 

2025-03-27T11:41:27+01:00 :: requested data : assign_to => 3 

2025-03-27T11:41:27+01:00 :: respose => {"status":200,"message":"Notification added successfully!"}

 ============ End Of Script ================== 

2025-03-27T11:43:05+01:00 :: StoreAndupdateTicket Script Start 

2025-03-27T11:43:05+01:00 :: method inside the insertNotification 

2025-03-27T11:43:05+01:00 :: requested data : assign_to => 11 

2025-03-27T11:43:05+01:00 :: respose => {"status":200,"message":"Notification already added successfully!"}

 ============ End Of Script ================== 

2025-03-27T11:43:13+01:00 :: StoreAndupdateTicket Script Start 

2025-03-27T11:43:13+01:00 :: method inside the insertNotification 

2025-03-27T11:43:13+01:00 :: requested data : assign_to => 4 

2025-03-27T11:43:13+01:00 :: respose => {"status":200,"message":"Notification added successfully!"}

 ============ End Of Script ================== 

2025-03-27T11:44:57+01:00 :: StoreAndupdateTicket Script Start 

2025-03-27T11:44:57+01:00 :: method inside the insertNotification 

2025-03-27T11:44:57+01:00 :: requested data : assign_to => 11 

2025-03-27T11:44:57+01:00 :: respose => {"status":200,"message":"Notification already added successfully!"}

 ============ End Of Script ================== 

2025-03-27T11:49:18+01:00 :: StoreAndupdateTicket Script Start 

2025-03-27T11:49:18+01:00 :: method inside the insertNotification 

2025-03-27T11:49:18+01:00 :: requested data : assign_to => 11 

2025-03-27T11:49:18+01:00 :: respose => {"status":200,"message":"Notification already added successfully!"}

 ============ End Of Script ================== 

2025-03-27T11:49:28+01:00 :: StoreAndupdateTicket Script Start 

2025-03-27T11:49:28+01:00 :: method inside the insertNotification 

2025-03-27T11:49:28+01:00 :: requested data : assign_to => 11 

2025-03-27T11:49:28+01:00 :: respose => {"status":200,"message":"Notification already added successfully!"}

 ============ End Of Script ================== 

2025-03-27T11:51:40+01:00 :: StoreAndupdateTicket Script Start 

2025-03-27T11:51:40+01:00 :: method inside the insertNotification 

2025-03-27T11:51:40+01:00 :: requested data : assign_to => 5 

2025-03-27T11:51:40+01:00 :: respose => {"status":200,"message":"Notification added successfully!"}

 ============ End Of Script ================== 

2025-03-27T11:51:59+01:00 :: StoreAndupdateTicket Script Start 

2025-03-27T11:51:59+01:00 :: method inside the insertNotification 

2025-03-27T11:51:59+01:00 :: requested data : assign_to => 11 

2025-03-27T11:51:59+01:00 :: respose => {"status":200,"message":"Notification already added successfully!"}

 ============ End Of Script ================== 

2025-03-27T11:53:11+01:00 :: StoreAndupdateTicket Script Start 

2025-03-27T11:53:11+01:00 :: method inside the insertNotification 

2025-03-27T11:53:11+01:00 :: requested data : assign_to => 11 

2025-03-27T11:53:11+01:00 :: respose => {"status":200,"message":"Notification already added successfully!"}

 ============ End Of Script ================== 

2025-03-27T11:53:27+01:00 :: StoreAndupdateTicket Script Start 

2025-03-27T11:53:27+01:00 :: method inside the insertNotification 

2025-03-27T11:53:27+01:00 :: requested data : assign_to => 11 

2025-03-27T11:53:27+01:00 :: respose => {"status":200,"message":"Notification already added successfully!"}

 ============ End Of Script ================== 

2025-03-27T11:53:33+01:00 :: StoreAndupdateTicket Script Start 

2025-03-27T11:53:33+01:00 :: method inside the insertNotification 

2025-03-27T11:53:33+01:00 :: requested data : assign_to => 7 

2025-03-27T11:53:33+01:00 :: respose => {"status":200,"message":"Notification added successfully!"}

 ============ End Of Script ================== 

2025-03-27T11:53:53+01:00 :: StoreAndupdateTicket Script Start 

2025-03-27T11:53:53+01:00 :: method inside the insertNotification 

2025-03-27T11:53:53+01:00 :: requested data : assign_to => 8 

2025-03-27T11:53:53+01:00 :: respose => {"status":200,"message":"Notification added successfully!"}

 ============ End Of Script ================== 

2025-03-27T11:53:59+01:00 :: StoreAndupdateTicket Script Start 

2025-03-27T11:53:59+01:00 :: method inside the insertNotification 

2025-03-27T11:53:59+01:00 :: requested data : assign_to => 11 

2025-03-27T11:53:59+01:00 :: respose => {"status":200,"message":"Notification already added successfully!"}

 ============ End Of Script ================== 

2025-03-27T12:06:52+01:00 :: StoreAndupdateTicket Script Start 

2025-03-27T12:06:52+01:00 :: method inside the insertNotification 

2025-03-27T12:06:52+01:00 :: requested data : assign_to => 11 

2025-03-27T12:06:52+01:00 :: respose => {"status":200,"message":"Notification already added successfully!"}

 ============ End Of Script ================== 

2025-03-27T12:08:03+01:00 :: StoreAndupdateTicket Script Start 

2025-03-27T12:08:03+01:00 :: method inside the insertNotification 

2025-03-27T12:08:03+01:00 :: requested data : assign_to => 11 

2025-03-27T12:08:03+01:00 :: respose => {"status":200,"message":"Notification already added successfully!"}

 ============ End Of Script ================== 

2025-03-27T12:09:25+01:00 :: StoreAndupdateTicket Script Start 

2025-03-27T12:09:25+01:00 :: method inside the insertNotification 

2025-03-27T12:09:25+01:00 :: requested data : assign_to => 11 

2025-03-27T12:09:25+01:00 :: respose => {"status":200,"message":"Notification already added successfully!"}

 ============ End Of Script ================== 

2025-03-27T12:09:34+01:00 :: StoreAndupdateTicket Script Start 

2025-03-27T12:09:34+01:00 :: method inside the insertNotification 

2025-03-27T12:09:34+01:00 :: requested data : assign_to => 11 

2025-03-27T12:09:34+01:00 :: respose => {"status":200,"message":"Notification already added successfully!"}

 ============ End Of Script ================== 

2025-03-27T12:10:07+01:00 :: StoreAndupdateTicket Script Start 

2025-03-27T12:10:07+01:00 :: method inside the insertNotification 

2025-03-27T12:10:07+01:00 :: requested data : assign_to => 11 

2025-03-27T12:10:07+01:00 :: respose => {"status":200,"message":"Notification already added successfully!"}

 ============ End Of Script ================== 

2025-03-27T12:10:23+01:00 :: StoreAndupdateTicket Script Start 

2025-03-27T12:10:23+01:00 :: method inside the insertNotification 

2025-03-27T12:10:23+01:00 :: requested data : assign_to => 11 

2025-03-27T12:10:23+01:00 :: respose => {"status":200,"message":"Notification already added successfully!"}

 ============ End Of Script ================== 

2025-03-27T12:54:29+01:00 :: StoreAndupdateTicket Script Start 

2025-03-27T12:54:29+01:00 :: method inside the insertNotification 

2025-03-27T12:54:29+01:00 :: requested data : assign_to => 11 

2025-03-27T12:54:29+01:00 :: respose => {"status":200,"message":"Notification already added successfully!"}

 ============ End Of Script ================== 

2025-03-27T12:55:15+01:00 :: StoreAndupdateTicket Script Start 

2025-03-27T12:55:15+01:00 :: method inside the insertNotification 

2025-03-27T12:55:15+01:00 :: requested data : assign_to => 11 

2025-03-27T12:55:15+01:00 :: respose => {"status":200,"message":"Notification already added successfully!"}

 ============ End Of Script ================== 

2025-03-27T12:55:59+01:00 :: StoreAndupdateTicket Script Start 

2025-03-27T12:55:59+01:00 :: method inside the insertNotification 

2025-03-27T12:55:59+01:00 :: requested data : assign_to => 11 

2025-03-27T12:55:59+01:00 :: respose => {"status":200,"message":"Notification already added successfully!"}

 ============ End Of Script ================== 

2025-03-27T13:13:22+01:00 :: StoreAndupdateTicket Script Start 

2025-03-27T13:13:22+01:00 :: method inside the insertNotification 

2025-03-27T13:13:22+01:00 :: requested data : assign_to => 11 

2025-03-27T13:13:22+01:00 :: respose => {"status":200,"message":"Notification already added successfully!"}

 ============ End Of Script ================== 

2025-03-27T13:14:31+01:00 :: StoreAndupdateTicket Script Start 

2025-03-27T13:14:31+01:00 :: method inside the insertNotification 

2025-03-27T13:14:31+01:00 :: requested data : assign_to => 11 

2025-03-27T13:14:31+01:00 :: respose => {"status":200,"message":"Notification already added successfully!"}

 ============ End Of Script ================== 

2025-03-27T13:15:09+01:00 :: StoreAndupdateTicket Script Start 

2025-03-27T13:15:09+01:00 :: method inside the insertNotification 

2025-03-27T13:15:09+01:00 :: requested data : assign_to => 11 

2025-03-27T13:15:09+01:00 :: respose => {"status":200,"message":"Notification already added successfully!"}

 ============ End Of Script ================== 

2025-03-27T13:19:29+01:00 :: StoreAndupdateTicket Script Start 

2025-03-27T13:19:29+01:00 :: method inside the insertNotification 

2025-03-27T13:19:29+01:00 :: requested data : assign_to => 11 

2025-03-27T13:19:29+01:00 :: respose => {"status":200,"message":"Notification already added successfully!"}

 ============ End Of Script ================== 

2025-03-27T13:19:43+01:00 :: StoreAndupdateTicket Script Start 

2025-03-27T13:19:43+01:00 :: method inside the insertNotification 

2025-03-27T13:19:43+01:00 :: requested data : assign_to => 11 

2025-03-27T13:19:43+01:00 :: respose => {"status":200,"message":"Notification already added successfully!"}

 ============ End Of Script ================== 

2025-03-27T13:20:39+01:00 :: StoreAndupdateTicket Script Start 

2025-03-27T13:20:39+01:00 :: method inside the insertNotification 

2025-03-27T13:20:39+01:00 :: requested data : assign_to => 11 

2025-03-27T13:20:39+01:00 :: respose => {"status":200,"message":"Notification already added successfully!"}

 ============ End Of Script ================== 

2025-03-27T13:21:26+01:00 :: StoreAndupdateTicket Script Start 

2025-03-27T13:21:26+01:00 :: method inside the insertNotification 

2025-03-27T13:21:26+01:00 :: requested data : assign_to => 11 

2025-03-27T13:21:26+01:00 :: respose => {"status":200,"message":"Notification already added successfully!"}

 ============ End Of Script ================== 

2025-03-27T13:22:04+01:00 :: StoreAndupdateTicket Script Start 

2025-03-27T13:22:04+01:00 :: method inside the insertNotification 

2025-03-27T13:22:04+01:00 :: requested data : assign_to => 11 

2025-03-27T13:22:04+01:00 :: respose => {"status":200,"message":"Notification already added successfully!"}

 ============ End Of Script ================== 

2025-03-27T13:23:00+01:00 :: StoreAndupdateTicket Script Start 

2025-03-27T13:23:00+01:00 :: method inside the insertNotification 

2025-03-27T13:23:00+01:00 :: requested data : assign_to => 11 

2025-03-27T13:23:00+01:00 :: respose => {"status":200,"message":"Notification already added successfully!"}

 ============ End Of Script ================== 

2025-03-27T13:23:38+01:00 :: StoreAndupdateTicket Script Start 

2025-03-27T13:23:38+01:00 :: method inside the insertNotification 

2025-03-27T13:23:38+01:00 :: requested data : assign_to => 11 

2025-03-27T13:23:38+01:00 :: respose => {"status":200,"message":"Notification already added successfully!"}

 ============ End Of Script ================== 

2025-03-27T13:23:54+01:00 :: StoreAndupdateTicket Script Start 

2025-03-27T13:23:54+01:00 :: method inside the insertNotification 

2025-03-27T13:23:54+01:00 :: requested data : assign_to => 11 

2025-03-27T13:23:54+01:00 :: respose => {"status":200,"message":"Notification already added successfully!"}

 ============ End Of Script ================== 

2025-03-27T13:24:45+01:00 :: StoreAndupdateTicket Script Start 

2025-03-27T13:24:45+01:00 :: method inside the insertNotification 

2025-03-27T13:24:45+01:00 :: requested data : assign_to => 11 

2025-03-27T13:24:45+01:00 :: respose => {"status":200,"message":"Notification already added successfully!"}

 ============ End Of Script ================== 

2025-03-27T13:24:53+01:00 :: StoreAndupdateTicket Script Start 

2025-03-27T13:24:53+01:00 :: method inside the insertNotification 

2025-03-27T13:24:53+01:00 :: requested data : assign_to => 11 

2025-03-27T13:24:53+01:00 :: respose => {"status":200,"message":"Notification already added successfully!"}

 ============ End Of Script ================== 

2025-03-27T13:25:55+01:00 :: StoreAndupdateTicket Script Start 

2025-03-27T13:25:55+01:00 :: method inside the insertNotification 

2025-03-27T13:25:55+01:00 :: requested data : assign_to => 11 

2025-03-27T13:25:55+01:00 :: respose => {"status":200,"message":"Notification already added successfully!"}

 ============ End Of Script ================== 

2025-03-27T13:26:45+01:00 :: StoreAndupdateTicket Script Start 

2025-03-27T13:26:45+01:00 :: method inside the insertNotification 

2025-03-27T13:26:45+01:00 :: requested data : assign_to => 11 

2025-03-27T13:26:45+01:00 :: respose => {"status":200,"message":"Notification already added successfully!"}

 ============ End Of Script ================== 

2025-03-27T13:31:53+01:00 :: StoreAndupdateTicket Script Start 

2025-03-27T13:31:53+01:00 :: method inside the insertNotification 

2025-03-27T13:31:53+01:00 :: requested data : assign_to => 11 

2025-03-27T13:31:53+01:00 :: respose => {"status":200,"message":"Notification already added successfully!"}

 ============ End Of Script ================== 

2025-03-27T13:32:15+01:00 :: StoreAndupdateTicket Script Start 

2025-03-27T13:32:15+01:00 :: method inside the insertNotification 

2025-03-27T13:32:15+01:00 :: requested data : assign_to => 11 

2025-03-27T13:32:15+01:00 :: respose => {"status":200,"message":"Notification already added successfully!"}

 ============ End Of Script ================== 

2025-03-27T13:34:51+01:00 :: StoreAndupdateTicket Script Start 

2025-03-27T13:34:51+01:00 :: method inside the insertNotification 

2025-03-27T13:34:51+01:00 :: requested data : assign_to => 11 

2025-03-27T13:34:51+01:00 :: respose => {"status":200,"message":"Notification already added successfully!"}

 ============ End Of Script ================== 

2025-03-27T13:34:55+01:00 :: StoreAndupdateTicket Script Start 

2025-03-27T13:34:55+01:00 :: method inside the insertNotification 

2025-03-27T13:34:55+01:00 :: requested data : assign_to => 11 

2025-03-27T13:34:55+01:00 :: respose => {"status":200,"message":"Notification already added successfully!"}

 ============ End Of Script ================== 

2025-03-27T13:34:58+01:00 :: StoreAndupdateTicket Script Start 

2025-03-27T13:34:58+01:00 :: method inside the insertNotification 

2025-03-27T13:34:58+01:00 :: requested data : assign_to => 8 

2025-03-27T13:34:58+01:00 :: respose => {"status":200,"message":"Notification added successfully!"}

 ============ End Of Script ================== 

2025-03-27T13:43:58+01:00 :: StoreAndupdateTicket Script Start 

2025-03-27T13:43:58+01:00 :: method inside the insertNotification 

2025-03-27T13:43:58+01:00 :: requested data : assign_to => 11 

2025-03-27T13:43:58+01:00 :: respose => {"status":200,"message":"Notification already added successfully!"}

 ============ End Of Script ================== 

2025-03-27T13:45:13+01:00 :: StoreAndupdateTicket Script Start 

2025-03-27T13:45:13+01:00 :: method inside the insertNotification 

2025-03-27T13:45:13+01:00 :: requested data : assign_to => 11 

2025-03-27T13:45:13+01:00 :: respose => {"status":200,"message":"Notification added successfully!"}

 ============ End Of Script ================== 

2025-03-27T13:45:25+01:00 :: StoreAndupdateTicket Script Start 

2025-03-27T13:45:25+01:00 :: method inside the insertNotification 

2025-03-27T13:45:25+01:00 :: requested data : assign_to => 10 

2025-03-27T13:45:25+01:00 :: respose => {"status":200,"message":"Notification added successfully!"}

 ============ End Of Script ================== 

2025-03-27T13:45:40+01:00 :: StoreAndupdateTicket Script Start 

2025-03-27T13:45:40+01:00 :: method inside the insertNotification 

2025-03-27T13:45:40+01:00 :: requested data : assign_to => 9 

2025-03-27T13:45:40+01:00 :: respose => {"status":200,"message":"Notification added successfully!"}

 ============ End Of Script ================== 

2025-03-27T13:45:48+01:00 :: StoreAndupdateTicket Script Start 

2025-03-27T13:45:48+01:00 :: method inside the insertNotification 

2025-03-27T13:45:48+01:00 :: requested data : assign_to => 8 

2025-03-27T13:45:48+01:00 :: respose => {"status":200,"message":"Notification added successfully!"}

 ============ End Of Script ================== 

2025-03-27T13:45:54+01:00 :: StoreAndupdateTicket Script Start 

2025-03-27T13:45:54+01:00 :: method inside the insertNotification 

2025-03-27T13:45:54+01:00 :: requested data : assign_to => 7 

2025-03-27T13:45:54+01:00 :: respose => {"status":200,"message":"Notification added successfully!"}

 ============ End Of Script ================== 

2025-03-27T13:46:05+01:00 :: StoreAndupdateTicket Script Start 

2025-03-27T13:46:05+01:00 :: method inside the insertNotification 

2025-03-27T13:46:05+01:00 :: requested data : assign_to => 5 

2025-03-27T13:46:05+01:00 :: respose => {"status":200,"message":"Notification added successfully!"}

 ============ End Of Script ================== 

2025-03-27T13:46:10+01:00 :: StoreAndupdateTicket Script Start 

2025-03-27T13:46:10+01:00 :: method inside the insertNotification 

2025-03-27T13:46:10+01:00 :: requested data : assign_to => 4 

2025-03-27T13:46:10+01:00 :: respose => {"status":200,"message":"Notification added successfully!"}

 ============ End Of Script ================== 

2025-03-27T13:46:14+01:00 :: StoreAndupdateTicket Script Start 

2025-03-27T13:46:14+01:00 :: method inside the insertNotification 

2025-03-27T13:46:14+01:00 :: requested data : assign_to => 3 

2025-03-27T13:46:14+01:00 :: respose => {"status":200,"message":"Notification added successfully!"}

 ============ End Of Script ================== 

2025-03-27T13:46:18+01:00 :: StoreAndupdateTicket Script Start 

2025-03-27T13:46:18+01:00 :: method inside the insertNotification 

2025-03-27T13:46:18+01:00 :: requested data : assign_to => 2 

2025-03-27T13:46:18+01:00 :: respose => {"status":200,"message":"Notification added successfully!"}

 ============ End Of Script ================== 

2025-03-27T13:46:29+01:00 :: StoreAndupdateTicket Script Start 

2025-03-27T13:46:29+01:00 :: method inside the insertNotification 

2025-03-27T13:46:29+01:00 :: requested data : assign_to => 1 

2025-03-27T13:46:29+01:00 :: respose => {"status":200,"message":"Notification added successfully!"}

 ============ End Of Script ================== 

2025-03-27T13:47:17+01:00 :: StoreAndupdateTicket Script Start 

2025-03-27T13:47:17+01:00 :: method inside the insertNotification 

2025-03-27T13:47:17+01:00 :: requested data : assign_to => 11 

2025-03-27T13:47:17+01:00 :: respose => {"status":200,"message":"Notification already added successfully!"}

 ============ End Of Script ================== 

2025-03-27T13:47:53+01:00 :: StoreAndupdateTicket Script Start 

2025-03-27T13:47:53+01:00 :: method inside the insertNotification 

2025-03-27T13:47:53+01:00 :: requested data : assign_to => 11 

2025-03-27T13:47:53+01:00 :: respose => {"status":200,"message":"Notification already added successfully!"}

 ============ End Of Script ================== 

2025-03-27T13:49:07+01:00 :: StoreAndupdateTicket Script Start 

2025-03-27T13:49:07+01:00 :: method inside the insertNotification 

2025-03-27T13:49:07+01:00 :: requested data : assign_to => 11 

2025-03-27T13:49:07+01:00 :: respose => {"status":200,"message":"Notification already added successfully!"}

 ============ End Of Script ================== 

2025-03-27T13:49:21+01:00 :: StoreAndupdateTicket Script Start 

2025-03-27T13:49:21+01:00 :: method inside the insertNotification 

2025-03-27T13:49:21+01:00 :: requested data : assign_to => 11 

2025-03-27T13:49:21+01:00 :: respose => {"status":200,"message":"Notification already added successfully!"}

 ============ End Of Script ================== 

2025-03-27T13:49:23+01:00 :: StoreAndupdateTicket Script Start 

2025-03-27T13:49:23+01:00 :: method inside the insertNotification 

2025-03-27T13:49:23+01:00 :: requested data : assign_to => 5 

2025-03-27T13:49:23+01:00 :: respose => {"status":200,"message":"Notification added successfully!"}

 ============ End Of Script ================== 

2025-03-27T13:49:27+01:00 :: StoreAndupdateTicket Script Start 

2025-03-27T13:49:27+01:00 :: method inside the insertNotification 

2025-03-27T13:49:27+01:00 :: requested data : assign_to => 4 

2025-03-27T13:49:27+01:00 :: respose => {"status":200,"message":"Notification added successfully!"}

 ============ End Of Script ================== 

2025-03-27T13:49:30+01:00 :: StoreAndupdateTicket Script Start 

2025-03-27T13:49:30+01:00 :: method inside the insertNotification 

2025-03-27T13:49:30+01:00 :: requested data : assign_to => 3 

2025-03-27T13:49:30+01:00 :: respose => {"status":200,"message":"Notification added successfully!"}

 ============ End Of Script ================== 

2025-03-27T13:49:32+01:00 :: StoreAndupdateTicket Script Start 

2025-03-27T13:49:32+01:00 :: method inside the insertNotification 

2025-03-27T13:49:32+01:00 :: requested data : assign_to => 2 

2025-03-27T13:49:32+01:00 :: respose => {"status":200,"message":"Notification added successfully!"}

 ============ End Of Script ================== 

2025-03-27T13:49:34+01:00 :: StoreAndupdateTicket Script Start 

2025-03-27T13:49:34+01:00 :: method inside the insertNotification 

2025-03-27T13:49:34+01:00 :: requested data : assign_to => 1 

2025-03-27T13:49:34+01:00 :: respose => {"status":200,"message":"Notification added successfully!"}

 ============ End Of Script ================== 

2025-03-27T13:50:37+01:00 :: StoreAndupdateTicket Script Start 

2025-03-27T13:50:37+01:00 :: method inside the insertNotification 

2025-03-27T13:50:37+01:00 :: requested data : assign_to => 11 

2025-03-27T13:50:37+01:00 :: respose => {"status":200,"message":"Notification added successfully!"}

 ============ End Of Script ================== 

2025-03-27T13:50:47+01:00 :: StoreAndupdateTicket Script Start 

2025-03-27T13:50:47+01:00 :: method inside the insertNotification 

2025-03-27T13:50:47+01:00 :: requested data : assign_to => 1 

2025-03-27T13:50:47+01:00 :: respose => {"status":200,"message":"Notification added successfully!"}

 ============ End Of Script ================== 

2025-03-27T13:50:50+01:00 :: StoreAndupdateTicket Script Start 

2025-03-27T13:50:50+01:00 :: method inside the insertNotification 

2025-03-27T13:50:50+01:00 :: requested data : assign_to => 2 

2025-03-27T13:50:50+01:00 :: respose => {"status":200,"message":"Notification added successfully!"}

 ============ End Of Script ================== 

2025-03-27T13:50:51+01:00 :: StoreAndupdateTicket Script Start 

2025-03-27T13:50:51+01:00 :: method inside the insertNotification 

2025-03-27T13:50:51+01:00 :: requested data : assign_to => 3 

2025-03-27T13:50:51+01:00 :: respose => {"status":200,"message":"Notification added successfully!"}

 ============ End Of Script ================== 

2025-03-27T13:50:52+01:00 :: StoreAndupdateTicket Script Start 

2025-03-27T13:50:52+01:00 :: method inside the insertNotification 

2025-03-27T13:50:52+01:00 :: requested data : assign_to => 4 

2025-03-27T13:50:52+01:00 :: respose => {"status":200,"message":"Notification added successfully!"}

 ============ End Of Script ================== 

2025-03-27T13:50:53+01:00 :: StoreAndupdateTicket Script Start 

2025-03-27T13:50:53+01:00 :: method inside the insertNotification 

2025-03-27T13:50:53+01:00 :: requested data : assign_to => 5 

2025-03-27T13:50:53+01:00 :: respose => {"status":200,"message":"Notification added successfully!"}

 ============ End Of Script ================== 

2025-03-27T13:50:54+01:00 :: StoreAndupdateTicket Script Start 

2025-03-27T13:50:54+01:00 :: method inside the insertNotification 

2025-03-27T13:50:54+01:00 :: requested data : assign_to => 7 

2025-03-27T13:50:54+01:00 :: respose => {"status":200,"message":"Notification added successfully!"}

 ============ End Of Script ================== 

2025-03-27T13:50:55+01:00 :: StoreAndupdateTicket Script Start 

2025-03-27T13:50:55+01:00 :: method inside the insertNotification 

2025-03-27T13:50:55+01:00 :: requested data : assign_to => 8 

2025-03-27T13:50:55+01:00 :: respose => {"status":200,"message":"Notification added successfully!"}

 ============ End Of Script ================== 

2025-03-27T13:50:57+01:00 :: StoreAndupdateTicket Script Start 

2025-03-27T13:50:57+01:00 :: method inside the insertNotification 

2025-03-27T13:50:57+01:00 :: requested data : assign_to => 9 

2025-03-27T13:50:57+01:00 :: respose => {"status":200,"message":"Notification added successfully!"}

 ============ End Of Script ================== 

2025-03-27T13:51:00+01:00 :: StoreAndupdateTicket Script Start 

2025-03-27T13:51:00+01:00 :: method inside the insertNotification 

2025-03-27T13:51:00+01:00 :: requested data : assign_to => 10 

2025-03-27T13:51:00+01:00 :: respose => {"status":200,"message":"Notification added successfully!"}

 ============ End Of Script ================== 

2025-03-27T13:56:05+01:00 :: StoreAndupdateTicket Script Start 

2025-03-27T13:56:05+01:00 :: method inside the insertNotification 

2025-03-27T13:56:05+01:00 :: requested data : assign_to => 11 

2025-03-27T13:56:05+01:00 :: respose => {"status":200,"message":"Notification added successfully!"}

 ============ End Of Script ================== 

2025-03-27T13:56:11+01:00 :: StoreAndupdateTicket Script Start 

2025-03-27T13:56:11+01:00 :: method inside the insertNotification 

2025-03-27T13:56:11+01:00 :: requested data : assign_to => 10 

2025-03-27T13:56:11+01:00 :: respose => {"status":200,"message":"Notification added successfully!"}

 ============ End Of Script ================== 

2025-03-27T13:56:16+01:00 :: StoreAndupdateTicket Script Start 

2025-03-27T13:56:16+01:00 :: method inside the insertNotification 

2025-03-27T13:56:16+01:00 :: requested data : assign_to => 11 

2025-03-27T13:56:16+01:00 :: respose => {"status":200,"message":"Notification already added successfully!"}

 ============ End Of Script ================== 

2025-03-27T13:56:17+01:00 :: StoreAndupdateTicket Script Start 

2025-03-27T13:56:17+01:00 :: method inside the insertNotification 

2025-03-27T13:56:17+01:00 :: requested data : assign_to => 9 

2025-03-27T13:56:17+01:00 :: respose => {"status":200,"message":"Notification added successfully!"}

 ============ End Of Script ================== 

2025-03-27T13:56:18+01:00 :: StoreAndupdateTicket Script Start 

2025-03-27T13:56:18+01:00 :: method inside the insertNotification 

2025-03-27T13:56:18+01:00 :: requested data : assign_to => 8 

2025-03-27T13:56:18+01:00 :: respose => {"status":200,"message":"Notification added successfully!"}

 ============ End Of Script ================== 

2025-03-27T13:56:20+01:00 :: StoreAndupdateTicket Script Start 

2025-03-27T13:56:20+01:00 :: method inside the insertNotification 

2025-03-27T13:56:20+01:00 :: requested data : assign_to => 7 

2025-03-27T13:56:20+01:00 :: respose => {"status":200,"message":"Notification added successfully!"}

 ============ End Of Script ================== 

2025-03-27T13:56:24+01:00 :: StoreAndupdateTicket Script Start 

2025-03-27T13:56:24+01:00 :: method inside the insertNotification 

2025-03-27T13:56:24+01:00 :: requested data : assign_to => 1 

2025-03-27T13:56:24+01:00 :: respose => {"status":200,"message":"Notification added successfully!"}

 ============ End Of Script ================== 

2025-03-27T13:56:27+01:00 :: StoreAndupdateTicket Script Start 

2025-03-27T13:56:27+01:00 :: method inside the insertNotification 

2025-03-27T13:56:27+01:00 :: requested data : assign_to => 2 

2025-03-27T13:56:27+01:00 :: respose => {"status":200,"message":"Notification added successfully!"}

 ============ End Of Script ================== 

2025-03-27T13:56:33+01:00 :: StoreAndupdateTicket Script Start 

2025-03-27T13:56:33+01:00 :: method inside the insertNotification 

2025-03-27T13:56:33+01:00 :: requested data : assign_to => 5 

2025-03-27T13:56:33+01:00 :: respose => {"status":200,"message":"Notification added successfully!"}

 ============ End Of Script ================== 

2025-03-27T13:56:34+01:00 :: StoreAndupdateTicket Script Start 

2025-03-27T13:56:34+01:00 :: method inside the insertNotification 

2025-03-27T13:56:34+01:00 :: requested data : assign_to => 4 

2025-03-27T13:56:34+01:00 :: respose => {"status":200,"message":"Notification added successfully!"}

 ============ End Of Script ================== 

2025-03-27T13:56:37+01:00 :: StoreAndupdateTicket Script Start 

2025-03-27T13:56:37+01:00 :: method inside the insertNotification 

2025-03-27T13:56:37+01:00 :: requested data : assign_to => 3 

2025-03-27T13:56:37+01:00 :: respose => {"status":200,"message":"Notification added successfully!"}

 ============ End Of Script ================== 

