2025-04-11T10:03:35+02:00 :: exceuteWorker method start to execute 

2025-04-11T10:03:35+02:00 :: Queue is empty. Check Empty count => 0 

2025-04-11T10:03:40+02:00 :: Queue is empty. Check Empty count => 1 

2025-04-11T10:03:45+02:00 :: Queue is empty. Check Empty count => 2 

2025-04-11T10:03:50+02:00 :: Queue is empty. Check Empty count => 3 

2025-04-11T10:03:55+02:00 :: Queue is empty. Check Empty count => 4 

2025-04-11T10:03:55+02:00 :: Stopping worker after multiple empty checks.

 ============ End Of Script ================== 

2025-04-11T10:43:47+02:00 :: exceuteWorker method start to execute 

2025-04-11T10:43:47+02:00 :: Queue is empty. Check Empty count => 0 

2025-04-11T10:43:52+02:00 :: Queue is empty. Check Empty count => 1 

2025-04-11T10:43:57+02:00 :: Queue is empty. Check Empty count => 2 

2025-04-11T10:44:02+02:00 :: Queue is empty. Check Empty count => 3 

2025-04-11T10:44:07+02:00 :: Queue is empty. Check Empty count => 4 

2025-04-11T10:44:07+02:00 :: Stopping worker after multiple empty checks.

 ============ End Of Script ================== 

2025-04-11T11:23:46+02:00 :: exceuteWorker method start to execute 

2025-04-11T11:23:46+02:00 :: Job run for => {"cc":null,"to":"sumitpathak901@gmail.com","subject":"This is subject","body":"Test mail is sent properly"}

2025-04-11T11:23:46+02:00 :: Job run for => {"cc":null,"to":"pathaksummit98@gmail.com","subject":"Second Subject","body":"This is another test email"}

2025-04-11T11:23:46+02:00 :: Job run for => {"cc":null,"to":"sumitpathak901@gmail.com","subject":"This is subject","body":"Test mail is sent properly"}

2025-04-11T11:23:46+02:00 :: Job run for => {"cc":null,"to":"pathaksummit98@gmail.com","subject":"Second Subject","body":"This is another test email"}

2025-04-11T11:23:46+02:00 :: Queue is empty. Check Empty count => 0 

2025-04-11T11:23:51+02:00 :: Queue is empty. Check Empty count => 1 

2025-04-11T11:23:56+02:00 :: Queue is empty. Check Empty count => 2 

2025-04-11T11:24:01+02:00 :: Queue is empty. Check Empty count => 3 

2025-04-11T11:24:06+02:00 :: Queue is empty. Check Empty count => 4 

2025-04-11T11:24:06+02:00 :: Stopping worker after multiple empty checks.

 ============ End Of Script ================== 

2025-04-11T11:27:31+02:00 :: exceuteWorker method start to execute 

2025-04-11T11:27:31+02:00 :: Job run for => {"cc":null,"to":"sumitpathak901@gmail.com","subject":"This is subject","body":"Test mail is sent properly"}

2025-04-11T11:27:31+02:00 :: Start Exceution of Send Mail function 
 ============ End Of Script ================== 

2025-04-11T11:37:47+02:00 :: exceuteWorker method start to execute 

2025-04-11T11:37:47+02:00 :: Job run for => {"cc":null,"to":"sumitpathak901@gmail.com","subject":"This is subject","body":"Test mail is sent properly"}

2025-04-11T11:37:47+02:00 :: Start Exceution of Send Mail function 
 ============ End Of Script ================== 

2025-04-11T11:40:47+02:00 :: exceuteWorker method start to execute 

2025-04-11T11:40:47+02:00 :: Job run for => {"cc":null,"to":"pathaksummit98@gmail.com","subject":"Second Subject","body":"This is another test email"}

2025-04-11T11:40:47+02:00 :: Start Exceution of Send Mail function 
 ============ End Of Script ================== 

2025-04-11T11:41:37+02:00 :: exceuteWorker method start to execute 

2025-04-11T11:41:37+02:00 :: Queue is empty. Check Empty count => 0 

2025-04-11T11:41:42+02:00 :: Queue is empty. Check Empty count => 1 

2025-04-11T11:41:47+02:00 :: Queue is empty. Check Empty count => 2 

2025-04-11T11:41:52+02:00 :: Queue is empty. Check Empty count => 3 

2025-04-11T11:41:57+02:00 :: Queue is empty. Check Empty count => 4 

2025-04-11T11:41:57+02:00 :: Stopping worker after multiple empty checks.

 ============ End Of Script ================== 

2025-04-11T11:42:19+02:00 :: exceuteWorker method start to execute 

2025-04-11T11:42:19+02:00 :: Job run for => {"cc":null,"to":"sumitpathak901@gmail.com","subject":"This is subject","body":"Test mail is sent properly"}

2025-04-11T11:42:19+02:00 :: Start Exceution of Send Mail function 
 ============ End Of Script ================== 

2025-04-11T11:43:42+02:00 :: exceuteWorker method start to execute 

2025-04-11T11:43:42+02:00 :: Job run for => {"cc":null,"to":"pathaksummit98@gmail.com","subject":"Second Subject","body":"This is another test email"}

2025-04-11T11:43:42+02:00 :: Start Exceution of Send Mail function 
 ============ End Of Script ================== 

2025-04-11T11:44:41+02:00 :: exceuteWorker method start to execute 

2025-04-11T11:44:41+02:00 :: Job run for => {"cc":null,"to":"sumitpathak901@gmail.com","subject":"This is subject","body":"Test mail is sent properly"}

2025-04-11T11:44:41+02:00 :: Start Exceution of Send Mail function 
2025-04-11T11:44:46+02:00 :: Mail send successfully 

2025-04-11T11:44:46+02:00 :: Job run for => {"cc":null,"to":"pathaksummit98@gmail.com","subject":"Second Subject","body":"This is another test email"}

2025-04-11T11:44:46+02:00 :: Start Exceution of Send Mail function 
2025-04-11T11:44:52+02:00 :: Mail send successfully 

2025-04-11T11:44:52+02:00 :: Job run for => {"cc":null,"to":"sumitpathak901@gmail.com","subject":"This is subject","body":"Test mail is sent properly"}

2025-04-11T11:44:52+02:00 :: Start Exceution of Send Mail function 
2025-04-11T11:44:57+02:00 :: Mail send successfully 

2025-04-11T11:44:57+02:00 :: Job run for => {"cc":null,"to":"pathaksummit98@gmail.com","subject":"Second Subject","body":"This is another test email"}

2025-04-11T11:44:57+02:00 :: Start Exceution of Send Mail function 
2025-04-11T11:45:02+02:00 :: Mail send successfully 

2025-04-11T11:45:02+02:00 :: Queue is empty. Check Empty count => 0 

2025-04-11T11:45:07+02:00 :: Queue is empty. Check Empty count => 1 

2025-04-11T11:45:12+02:00 :: Queue is empty. Check Empty count => 2 

2025-04-11T11:45:17+02:00 :: Queue is empty. Check Empty count => 3 

2025-04-11T11:45:22+02:00 :: Queue is empty. Check Empty count => 4 

2025-04-11T11:45:22+02:00 :: Stopping worker after multiple empty checks.

 ============ End Of Script ================== 

