2025-06-19T18:29:53+02:00: request received => {"assets_category_1":"1","assets_1":"5","method":"insertOrUpdate","user_id":"29"} 

2025-06-19T18:29:53+02:00 :: method inside the insertOrUpdateAssetsAssignation 

2025-06-19T18:29:53+02:00 :: final_group => {"1":"5"} 

2025-06-19T18:29:53+02:00 :: method inside the insertOrUpdateDataOnAssetsAssignationTable 

2025-06-19T18:29:53+02:00 :: fetchUserAssets_query => SELECT id , asset_id , category_id FROM assets_assignment WHERE user_id = '29' 

2025-06-19T18:29:53+02:00 :: userAssets response => [] 

2025-06-19T18:29:53+02:00 :: insertDataInAssignationTable_query => INSERT INTO `assets_assignment`(`asset_id`, `category_id`, `user_id`, `assigned_on`) VALUES ('5','1','29',CURRENT_DATE) 

2025-06-19T18:29:53+02:00 :: insertDataInAssignationTable response => 1 

2025-06-19T18:29:53+02:00 :: insertDataInHistoryTable_query => INSERT INTO `assets_history`(`asset_id`, `category_id`, `user_id`, `assigned_on`) VALUES ('5','1','29',CURRENT_DATE) 

2025-06-19T18:29:53+02:00 :: insertDataInHistoryTable response => 1 

2025-06-19T18:29:53+02:00 :: method inside the updateAsetsTableForAssignation 

2025-06-19T18:29:53+02:00 :: updateForAssignAssetsTable_query => UPDATE assets SET assets_assign_to = '29' , assets_status = (SELECT id FROM `assets_status` WHERE status_name LIKE '%use%') WHERE id = '5' AND assets_category = '1' 

2025-06-19T18:29:53+02:00 :: updateForAssignAssetsTable response => 1 

2025-06-19T18:29:53+02:00 :: method inside the updateUserTable 

2025-06-19T18:29:53+02:00 :: updateUserTable_query => UPDATE users SET assets_assignation = '{"1":"5"}' WHERE ID = '29' 

2025-06-19T18:29:53+02:00 :: updateUserTable response => 1 

2025-06-19T18:29:53+02:00 final response => {"status":200,"message":"Assets Updated successfully"}

 ============ End Of Script ================== 

2025-06-19T18:30:10+02:00: request received => {"user_id":"29","method":"fetchUserAssets"} 

2025-06-19T18:30:10+02:00 :: method inside the fetchUserAssets 

2025-06-19T18:30:10+02:00 :: userAssets_query => SELECT assets_assignation FROM users WHERE ID = '29' 

2025-06-19T18:30:10+02:00 :: userAssets => {"1":"5"} 

2025-06-19T18:30:10+02:00 :: method inside the assetsCategory 

2025-06-19T18:30:10+02:00 :: fetchCategory_query => SELECT id, category_name FROM `assets_category` WHERE Deleted_at IS NULL 

2025-06-19T18:30:10+02:00 final response => {"model_heading":"Update Assets","buttonText":"Save","form_data":{"1":"5"},"dropDownFiled":"{\"assets_category\":{\"1\":\"Laptop\",\"3\":\"Laptop Charger\",\"4\":\"Mobile\"}}"}

 ============ End Of Script ================== 

2025-06-19T18:30:10+02:00: request received => {"category_id":"1","user_id":"29","method":"fetchAssets"} 

2025-06-19T18:30:10+02:00 :: method inside the fetchAssets 

2025-06-19T18:30:10+02:00 :: fetchAssets_query => SELECT id , CONCAT(UPPER(brand_name), ' ' ,model_number , '(', assets_code, ')') AS `assets_name` FROM `assets` WHERE assets_category = '1' AND ( assets_assign_to IS NULL OR assets_assign_to = '29') 

2025-06-19T18:30:10+02:00 final response => {"status":200,"message":"{\"2\":\"DELL E7470(EDLP0001)\",\"5\":\"HP E5470(EDLP0003)\"}"}

 ============ End Of Script ================== 

2025-06-19T18:30:53+02:00: request received => {"user_id":"29","method":"fetchUserAssets"} 

2025-06-19T18:30:53+02:00 :: method inside the fetchUserAssets 

2025-06-19T18:30:53+02:00 :: userAssets_query => SELECT assets_assignation FROM users WHERE ID = '29' 

2025-06-19T18:30:53+02:00 :: userAssets => {"1":"5"} 

2025-06-19T18:30:53+02:00 :: method inside the assetsCategory 

2025-06-19T18:30:53+02:00 :: fetchCategory_query => SELECT id, category_name FROM `assets_category` WHERE Deleted_at IS NULL 

2025-06-19T18:30:53+02:00 final response => {"model_heading":"Update Assets","buttonText":"Save","form_data":{"1":"5"},"dropDownFiled":"{\"assets_category\":{\"1\":\"Laptop\",\"3\":\"Laptop Charger\",\"4\":\"Mobile\"}}"}

 ============ End Of Script ================== 

2025-06-19T18:30:53+02:00: request received => {"category_id":"1","user_id":"29","method":"fetchAssets"} 

2025-06-19T18:30:53+02:00 :: method inside the fetchAssets 

2025-06-19T18:30:53+02:00 :: fetchAssets_query => SELECT id , CONCAT(UPPER(brand_name), ' ' ,model_number , '(', assets_code, ')') AS `assets_name` FROM `assets` WHERE assets_category = '1' AND ( assets_assign_to IS NULL OR assets_assign_to = '29') 

2025-06-19T18:30:53+02:00 final response => {"status":200,"message":"{\"2\":\"DELL E7470(EDLP0001)\",\"5\":\"HP E5470(EDLP0003)\"}"}

 ============ End Of Script ================== 

2025-06-19T18:31:02+02:00: request received => {"category_id":"4","user_id":"29","method":"fetchAssets"} 

2025-06-19T18:31:02+02:00 :: method inside the fetchAssets 

2025-06-19T18:31:02+02:00 :: fetchAssets_query => SELECT id , CONCAT(UPPER(brand_name), ' ' ,model_number , '(', assets_code, ')') AS `assets_name` FROM `assets` WHERE assets_category = '4' AND ( assets_assign_to IS NULL OR assets_assign_to = '29') 

2025-06-19T18:31:02+02:00 final response => {"status":200,"message":"{\"6\":\"MOTOROLA G85(EDMB0002)\"}"}

 ============ End Of Script ================== 

2025-06-19T18:31:07+02:00: request received => {"assets_1":"5","assets_category_2":"4","assets_2":"6","method":"insertOrUpdate","user_id":"29"} 

2025-06-19T18:31:07+02:00 :: method inside the insertOrUpdateAssetsAssignation 

2025-06-19T18:31:07+02:00 :: final_group => {"0":"5","4":"6"} 

2025-06-19T18:31:07+02:00 :: method inside the insertOrUpdateDataOnAssetsAssignationTable 

2025-06-19T18:31:07+02:00 :: fetchUserAssets_query => SELECT id , asset_id , category_id FROM assets_assignment WHERE user_id = '29' 

2025-06-19T18:31:07+02:00 :: userAssets response => {"1":{"asset_id":"5","id":"11"}} 

2025-06-19T18:31:07+02:00 :: method inside the deleteAssetsAssignation 

2025-06-19T18:31:07+02:00 :: deleteassignation_query => DELETE FROM assets_assignment WHERE id = '11' 

2025-06-19T18:31:07+02:00 :: deleteassignation response => 1 

2025-06-19T18:31:07+02:00 :: insertDataInHistoryTabele_query => INSERT INTO `assets_history`(`asset_id`, `category_id`, `user_id`, `return_on`) VALUES ('5','1','29',CURRENT_DATE) 

2025-06-19T18:31:07+02:00 :: insertDataInHistoryTable response => 1 

2025-06-19T18:31:07+02:00 :: insertDataInAssignationTable_query => INSERT INTO `assets_assignment`(`asset_id`, `category_id`, `user_id`, `assigned_on`) VALUES ('5','0','29',CURRENT_DATE),('6','4','29',CURRENT_DATE) 

2025-06-19T18:31:08+02:00 :: Exception => Cannot add or update a child row: a foreign key constraint fails (`organization_structure`.`assets_assignment`, CONSTRAINT `category_id` FOREIGN KEY (`category_id`) REFERENCES `assets_category` (`id`) ON UPDATE CASCADE) on line => 187

2025-06-19T18:31:08+02:00 :: method inside the updateUserTable 

2025-06-19T18:31:08+02:00 :: updateUserTable_query => UPDATE users SET assets_assignation = '{"0":"5","4":"6"}' WHERE ID = '29' 

2025-06-19T18:31:08+02:00 :: updateUserTable response => 1 

2025-06-19T18:31:08+02:00 final response => {"status":200,"message":"Assets Updated successfully"}

 ============ End Of Script ================== 

2025-06-19T18:34:10+02:00: request received => {"user_id":"29","method":"fetchUserAssets"} 

2025-06-19T18:34:10+02:00 :: method inside the fetchUserAssets 

2025-06-19T18:34:10+02:00 :: userAssets_query => SELECT assets_assignation FROM users WHERE ID = '29' 

2025-06-19T18:34:10+02:00 :: userAssets =>  

2025-06-19T18:34:10+02:00 :: method inside the assetsCategory 

2025-06-19T18:34:10+02:00 :: fetchCategory_query => SELECT id, category_name FROM `assets_category` WHERE Deleted_at IS NULL 

2025-06-19T18:34:10+02:00 final response => {"model_heading":"Add Assets","buttonText":"Save","form_data":[],"dropDownFiled":"{\"assets_category\":{\"1\":\"Laptop\",\"3\":\"Laptop Charger\",\"4\":\"Mobile\"}}"}

 ============ End Of Script ================== 

2025-06-19T18:34:14+02:00: request received => {"category_id":"1","user_id":"29","method":"fetchAssets"} 

2025-06-19T18:34:14+02:00 :: method inside the fetchAssets 

2025-06-19T18:34:14+02:00 :: fetchAssets_query => SELECT id , CONCAT(UPPER(brand_name), ' ' ,model_number , '(', assets_code, ')') AS `assets_name` FROM `assets` WHERE assets_category = '1' AND ( assets_assign_to IS NULL OR assets_assign_to = '29') 

2025-06-19T18:34:14+02:00 final response => {"status":200,"message":"{\"2\":\"DELL E7470(EDLP0001)\",\"5\":\"HP E5470(EDLP0003)\"}"}

 ============ End Of Script ================== 

2025-06-19T18:34:42+02:00: request received => {"assets_category_1":"1","assets_1":"5","method":"insertOrUpdate","user_id":"29"} 

2025-06-19T18:34:42+02:00 :: method inside the insertOrUpdateAssetsAssignation 

2025-06-19T18:34:42+02:00 :: final_group => {"1":"5"} 

2025-06-19T18:34:42+02:00 :: method inside the insertOrUpdateDataOnAssetsAssignationTable 

2025-06-19T18:34:42+02:00 :: fetchUserAssets_query => SELECT id , asset_id , category_id FROM assets_assignment WHERE user_id = '29' 

2025-06-19T18:34:42+02:00 :: userAssets response => [] 

2025-06-19T18:34:42+02:00 :: insertDataInAssignationTable_query => INSERT INTO `assets_assignment`(`asset_id`, `category_id`, `user_id`, `assigned_on`) VALUES ('5','1','29',CURRENT_DATE) 

2025-06-19T18:34:42+02:00 :: insertDataInAssignationTable response => 1 

2025-06-19T18:34:42+02:00 :: insertDataInHistoryTable_query => INSERT INTO `assets_history`(`asset_id`, `category_id`, `user_id`, `assigned_on`) VALUES ('5','1','29',CURRENT_DATE) 

2025-06-19T18:34:42+02:00 :: insertDataInHistoryTable response => 1 

2025-06-19T18:34:42+02:00 :: method inside the updateAsetsTableForAssignation 

2025-06-19T18:34:42+02:00 :: updateForAssignAssetsTable_query => UPDATE assets SET assets_assign_to = '29' , assets_status = (SELECT id FROM `assets_status` WHERE status_name LIKE '%use%') WHERE id = '5' AND assets_category = '1' 

2025-06-19T18:34:42+02:00 :: updateForAssignAssetsTable response => 1 

2025-06-19T18:34:42+02:00 :: method inside the updateUserTable 

2025-06-19T18:34:42+02:00 :: updateUserTable_query => UPDATE users SET assets_assignation = '{"1":"5"}' WHERE ID = '29' 

2025-06-19T18:34:42+02:00 :: updateUserTable response => 1 

2025-06-19T18:34:42+02:00 final response => {"status":200,"message":"Assets Updated successfully"}

 ============ End Of Script ================== 

2025-06-19T18:35:40+02:00: request received => {"user_id":"29","method":"fetchUserAssets"} 

2025-06-19T18:35:40+02:00 :: method inside the fetchUserAssets 

2025-06-19T18:35:40+02:00 :: userAssets_query => SELECT assets_assignation FROM users WHERE ID = '29' 

2025-06-19T18:35:40+02:00 :: userAssets => {"1":"5"} 

2025-06-19T18:35:40+02:00 :: method inside the assetsCategory 

2025-06-19T18:35:40+02:00 :: fetchCategory_query => SELECT id, category_name FROM `assets_category` WHERE Deleted_at IS NULL 

2025-06-19T18:35:40+02:00 final response => {"model_heading":"Update Assets","buttonText":"Save","form_data":{"1":"5"},"dropDownFiled":"{\"assets_category\":{\"1\":\"Laptop\",\"3\":\"Laptop Charger\",\"4\":\"Mobile\"}}"}

 ============ End Of Script ================== 

2025-06-19T18:35:40+02:00: request received => {"category_id":"1","user_id":"29","method":"fetchAssets"} 

2025-06-19T18:35:40+02:00 :: method inside the fetchAssets 

2025-06-19T18:35:40+02:00 :: fetchAssets_query => SELECT id , CONCAT(UPPER(brand_name), ' ' ,model_number , '(', assets_code, ')') AS `assets_name` FROM `assets` WHERE assets_category = '1' AND ( assets_assign_to IS NULL OR assets_assign_to = '29') 

2025-06-19T18:35:40+02:00 final response => {"status":200,"message":"{\"2\":\"DELL E7470(EDLP0001)\",\"5\":\"HP E5470(EDLP0003)\"}"}

 ============ End Of Script ================== 

2025-06-19T18:37:44+02:00: request received => {"user_id":"2","method":"fetchUserAssets"} 

2025-06-19T18:37:44+02:00 :: method inside the fetchUserAssets 

2025-06-19T18:37:44+02:00 :: userAssets_query => SELECT assets_assignation FROM users WHERE ID = '2' 

2025-06-19T18:37:44+02:00 :: userAssets => {"1":"3","4":"4"} 

2025-06-19T18:37:44+02:00 :: method inside the assetsCategory 

2025-06-19T18:37:44+02:00 :: fetchCategory_query => SELECT id, category_name FROM `assets_category` WHERE Deleted_at IS NULL 

2025-06-19T18:37:44+02:00 final response => {"model_heading":"Update Assets","buttonText":"Save","form_data":{"1":"3","4":"4"},"dropDownFiled":"{\"assets_category\":{\"1\":\"Laptop\",\"3\":\"Laptop Charger\",\"4\":\"Mobile\"}}"}

 ============ End Of Script ================== 

2025-06-19T18:37:44+02:00: request received => {"category_id":"1","user_id":"2","method":"fetchAssets"} 

2025-06-19T18:37:44+02:00 :: method inside the fetchAssets 

2025-06-19T18:37:44+02:00 :: fetchAssets_query => SELECT id , CONCAT(UPPER(brand_name), ' ' ,model_number , '(', assets_code, ')') AS `assets_name` FROM `assets` WHERE assets_category = '1' AND ( assets_assign_to IS NULL OR assets_assign_to = '2') 

2025-06-19T18:37:44+02:00 final response => {"status":200,"message":"{\"2\":\"DELL E7470(EDLP0001)\",\"3\":\"DELL E7834(EDLP0002)\"}"}

 ============ End Of Script ================== 

2025-06-19T18:37:44+02:00: request received => {"category_id":"4","user_id":"2","method":"fetchAssets"} 

2025-06-19T18:37:44+02:00 :: method inside the fetchAssets 

2025-06-19T18:37:44+02:00 :: fetchAssets_query => SELECT id , CONCAT(UPPER(brand_name), ' ' ,model_number , '(', assets_code, ')') AS `assets_name` FROM `assets` WHERE assets_category = '4' AND ( assets_assign_to IS NULL OR assets_assign_to = '2') 

2025-06-19T18:37:44+02:00 final response => {"status":200,"message":"{\"4\":\"SAMSUNG Galaxy 5i(EDMB0001)\",\"6\":\"MOTOROLA G85(EDMB0002)\"}"}

 ============ End Of Script ================== 

2025-06-19T18:37:50+02:00: request received => {"user_id":"29","method":"fetchUserAssets"} 

2025-06-19T18:37:50+02:00 :: method inside the fetchUserAssets 

2025-06-19T18:37:50+02:00 :: userAssets_query => SELECT assets_assignation FROM users WHERE ID = '29' 

2025-06-19T18:37:50+02:00 :: userAssets => {"1":"5"} 

2025-06-19T18:37:50+02:00 :: method inside the assetsCategory 

2025-06-19T18:37:50+02:00 :: fetchCategory_query => SELECT id, category_name FROM `assets_category` WHERE Deleted_at IS NULL 

2025-06-19T18:37:50+02:00 final response => {"model_heading":"Update Assets","buttonText":"Save","form_data":{"1":"5"},"dropDownFiled":"{\"assets_category\":{\"1\":\"Laptop\",\"3\":\"Laptop Charger\",\"4\":\"Mobile\"}}"}

 ============ End Of Script ================== 

2025-06-19T18:37:50+02:00: request received => {"category_id":"1","user_id":"29","method":"fetchAssets"} 

2025-06-19T18:37:50+02:00 :: method inside the fetchAssets 

2025-06-19T18:37:50+02:00 :: fetchAssets_query => SELECT id , CONCAT(UPPER(brand_name), ' ' ,model_number , '(', assets_code, ')') AS `assets_name` FROM `assets` WHERE assets_category = '1' AND ( assets_assign_to IS NULL OR assets_assign_to = '29') 

2025-06-19T18:37:50+02:00 final response => {"status":200,"message":"{\"2\":\"DELL E7470(EDLP0001)\",\"5\":\"HP E5470(EDLP0003)\"}"}

 ============ End Of Script ================== 

2025-06-19T18:37:57+02:00: request received => {"category_id":"3","user_id":"29","method":"fetchAssets"} 

2025-06-19T18:37:57+02:00 :: method inside the fetchAssets 

2025-06-19T18:37:57+02:00 :: fetchAssets_query => SELECT id , CONCAT(UPPER(brand_name), ' ' ,model_number , '(', assets_code, ')') AS `assets_name` FROM `assets` WHERE assets_category = '3' AND ( assets_assign_to IS NULL OR assets_assign_to = '29') 

2025-06-19T18:37:57+02:00 final response => {"status":200,"message":"[]"}

 ============ End Of Script ================== 

2025-06-19T18:37:59+02:00: request received => {"category_id":"4","user_id":"29","method":"fetchAssets"} 

2025-06-19T18:37:59+02:00 :: method inside the fetchAssets 

2025-06-19T18:37:59+02:00 :: fetchAssets_query => SELECT id , CONCAT(UPPER(brand_name), ' ' ,model_number , '(', assets_code, ')') AS `assets_name` FROM `assets` WHERE assets_category = '4' AND ( assets_assign_to IS NULL OR assets_assign_to = '29') 

2025-06-19T18:37:59+02:00 final response => {"status":200,"message":"{\"6\":\"MOTOROLA G85(EDMB0002)\"}"}

 ============ End Of Script ================== 

2025-06-19T18:48:11+02:00: request received => {"user_id":"29","method":"fetchUserAssets"} 

2025-06-19T18:48:11+02:00 :: method inside the fetchUserAssets 

2025-06-19T18:48:11+02:00 :: userAssets_query => SELECT assets_assignation FROM users WHERE ID = '29' 

2025-06-19T18:48:11+02:00 :: userAssets => {"1":"5"} 

2025-06-19T18:48:11+02:00 :: method inside the assetsCategory 

2025-06-19T18:48:11+02:00 :: fetchCategory_query => SELECT id, category_name FROM `assets_category` WHERE Deleted_at IS NULL 

2025-06-19T18:48:11+02:00 final response => {"model_heading":"Update Assets","buttonText":"Save","form_data":{"1":"5"},"dropDownFiled":"{\"assets_category\":{\"1\":\"Laptop\",\"3\":\"Laptop Charger\",\"4\":\"Mobile\"}}"}

 ============ End Of Script ================== 

2025-06-19T18:48:11+02:00: request received => {"category_id":"1","user_id":"29","method":"fetchAssets"} 

2025-06-19T18:48:11+02:00 :: method inside the fetchAssets 

2025-06-19T18:48:11+02:00 :: fetchAssets_query => SELECT id , CONCAT(UPPER(brand_name), ' ' ,model_number , '(', assets_code, ')') AS `assets_name` FROM `assets` WHERE assets_category = '1' AND ( assets_assign_to IS NULL OR assets_assign_to = '29') 

2025-06-19T18:48:11+02:00 final response => {"status":200,"message":"{\"2\":\"DELL E7470(EDLP0001)\",\"5\":\"HP E5470(EDLP0003)\"}"}

 ============ End Of Script ================== 

2025-06-19T18:48:15+02:00: request received => {"category_id":"4","user_id":"29","method":"fetchAssets"} 

2025-06-19T18:48:15+02:00 :: method inside the fetchAssets 

2025-06-19T18:48:15+02:00 :: fetchAssets_query => SELECT id , CONCAT(UPPER(brand_name), ' ' ,model_number , '(', assets_code, ')') AS `assets_name` FROM `assets` WHERE assets_category = '4' AND ( assets_assign_to IS NULL OR assets_assign_to = '29') 

2025-06-19T18:48:15+02:00 final response => {"status":200,"message":"{\"6\":\"MOTOROLA G85(EDMB0002)\"}"}

 ============ End Of Script ================== 

2025-06-19T18:49:10+02:00: request received => {"user_id":"2","method":"fetchUserAssets"} 

2025-06-19T18:49:10+02:00 :: method inside the fetchUserAssets 

2025-06-19T18:49:10+02:00 :: userAssets_query => SELECT assets_assignation FROM users WHERE ID = '2' 

2025-06-19T18:49:10+02:00 :: userAssets => {"1":"3","4":"4"} 

2025-06-19T18:49:10+02:00 :: method inside the assetsCategory 

2025-06-19T18:49:10+02:00 :: fetchCategory_query => SELECT id, category_name FROM `assets_category` WHERE Deleted_at IS NULL 

2025-06-19T18:49:10+02:00 final response => {"model_heading":"Update Assets","buttonText":"Save","form_data":{"1":"3","4":"4"},"dropDownFiled":"{\"assets_category\":{\"1\":\"Laptop\",\"3\":\"Laptop Charger\",\"4\":\"Mobile\"}}"}

 ============ End Of Script ================== 

2025-06-19T18:49:10+02:00: request received => {"category_id":"1","user_id":"2","method":"fetchAssets"} 

2025-06-19T18:49:10+02:00 :: method inside the fetchAssets 

2025-06-19T18:49:10+02:00 :: fetchAssets_query => SELECT id , CONCAT(UPPER(brand_name), ' ' ,model_number , '(', assets_code, ')') AS `assets_name` FROM `assets` WHERE assets_category = '1' AND ( assets_assign_to IS NULL OR assets_assign_to = '2') 

2025-06-19T18:49:10+02:00 final response => {"status":200,"message":"{\"2\":\"DELL E7470(EDLP0001)\",\"3\":\"DELL E7834(EDLP0002)\"}"}

 ============ End Of Script ================== 

2025-06-19T18:49:10+02:00: request received => {"category_id":"4","user_id":"2","method":"fetchAssets"} 

2025-06-19T18:49:10+02:00 :: method inside the fetchAssets 

2025-06-19T18:49:10+02:00 :: fetchAssets_query => SELECT id , CONCAT(UPPER(brand_name), ' ' ,model_number , '(', assets_code, ')') AS `assets_name` FROM `assets` WHERE assets_category = '4' AND ( assets_assign_to IS NULL OR assets_assign_to = '2') 

2025-06-19T18:49:10+02:00 final response => {"status":200,"message":"{\"4\":\"SAMSUNG Galaxy 5i(EDMB0001)\",\"6\":\"MOTOROLA G85(EDMB0002)\"}"}

 ============ End Of Script ================== 

2025-06-19T18:49:21+02:00: request received => {"user_id":"29","method":"fetchUserAssets"} 

2025-06-19T18:49:21+02:00 :: method inside the fetchUserAssets 

2025-06-19T18:49:21+02:00 :: userAssets_query => SELECT assets_assignation FROM users WHERE ID = '29' 

2025-06-19T18:49:21+02:00 :: userAssets => {"1":"5"} 

2025-06-19T18:49:21+02:00 :: method inside the assetsCategory 

2025-06-19T18:49:21+02:00 :: fetchCategory_query => SELECT id, category_name FROM `assets_category` WHERE Deleted_at IS NULL 

2025-06-19T18:49:21+02:00 final response => {"model_heading":"Update Assets","buttonText":"Save","form_data":{"1":"5"},"dropDownFiled":"{\"assets_category\":{\"1\":\"Laptop\",\"3\":\"Laptop Charger\",\"4\":\"Mobile\"}}"}

 ============ End Of Script ================== 

2025-06-19T18:49:21+02:00: request received => {"category_id":"1","user_id":"29","method":"fetchAssets"} 

2025-06-19T18:49:21+02:00 :: method inside the fetchAssets 

2025-06-19T18:49:21+02:00 :: fetchAssets_query => SELECT id , CONCAT(UPPER(brand_name), ' ' ,model_number , '(', assets_code, ')') AS `assets_name` FROM `assets` WHERE assets_category = '1' AND ( assets_assign_to IS NULL OR assets_assign_to = '29') 

2025-06-19T18:49:21+02:00 final response => {"status":200,"message":"{\"2\":\"DELL E7470(EDLP0001)\",\"5\":\"HP E5470(EDLP0003)\"}"}

 ============ End Of Script ================== 

2025-06-19T18:49:32+02:00: request received => {"category_id":"4","user_id":"29","method":"fetchAssets"} 

2025-06-19T18:49:32+02:00 :: method inside the fetchAssets 

2025-06-19T18:49:32+02:00 :: fetchAssets_query => SELECT id , CONCAT(UPPER(brand_name), ' ' ,model_number , '(', assets_code, ')') AS `assets_name` FROM `assets` WHERE assets_category = '4' AND ( assets_assign_to IS NULL OR assets_assign_to = '29') 

2025-06-19T18:49:32+02:00 final response => {"status":200,"message":"{\"6\":\"MOTOROLA G85(EDMB0002)\"}"}

 ============ End Of Script ================== 

2025-06-19T18:50:26+02:00: request received => {"user_id":"29","method":"fetchUserAssets"} 

2025-06-19T18:50:26+02:00 :: method inside the fetchUserAssets 

2025-06-19T18:50:26+02:00 :: userAssets_query => SELECT assets_assignation FROM users WHERE ID = '29' 

2025-06-19T18:50:26+02:00 :: userAssets => {"1":"5"} 

2025-06-19T18:50:26+02:00 :: method inside the assetsCategory 

2025-06-19T18:50:26+02:00 :: fetchCategory_query => SELECT id, category_name FROM `assets_category` WHERE Deleted_at IS NULL 

2025-06-19T18:50:26+02:00 final response => {"model_heading":"Update Assets","buttonText":"Save","form_data":{"1":"5"},"dropDownFiled":"{\"assets_category\":{\"1\":\"Laptop\",\"3\":\"Laptop Charger\",\"4\":\"Mobile\"}}"}

 ============ End Of Script ================== 

2025-06-19T18:50:26+02:00: request received => {"category_id":"1","user_id":"29","method":"fetchAssets"} 

2025-06-19T18:50:26+02:00 :: method inside the fetchAssets 

2025-06-19T18:50:26+02:00 :: fetchAssets_query => SELECT id , CONCAT(UPPER(brand_name), ' ' ,model_number , '(', assets_code, ')') AS `assets_name` FROM `assets` WHERE assets_category = '1' AND ( assets_assign_to IS NULL OR assets_assign_to = '29') 

2025-06-19T18:50:26+02:00 final response => {"status":200,"message":"{\"2\":\"DELL E7470(EDLP0001)\",\"5\":\"HP E5470(EDLP0003)\"}"}

 ============ End Of Script ================== 

2025-06-19T18:50:30+02:00: request received => {"category_id":"4","user_id":"29","method":"fetchAssets"} 

2025-06-19T18:50:30+02:00 :: method inside the fetchAssets 

2025-06-19T18:50:30+02:00 :: fetchAssets_query => SELECT id , CONCAT(UPPER(brand_name), ' ' ,model_number , '(', assets_code, ')') AS `assets_name` FROM `assets` WHERE assets_category = '4' AND ( assets_assign_to IS NULL OR assets_assign_to = '29') 

2025-06-19T18:50:30+02:00 final response => {"status":200,"message":"{\"6\":\"MOTOROLA G85(EDMB0002)\"}"}

 ============ End Of Script ================== 

2025-06-19T18:50:37+02:00: request received => {"assets_category_1":"1","assets_1":"5","assets_category_2":"4","assets_2":"6","method":"insertOrUpdate","user_id":"29"} 

2025-06-19T18:50:37+02:00 :: method inside the insertOrUpdateAssetsAssignation 

2025-06-19T18:50:37+02:00 :: final_group => {"1":"5","4":"6"} 

2025-06-19T18:50:37+02:00 :: method inside the insertOrUpdateDataOnAssetsAssignationTable 

2025-06-19T18:50:37+02:00 :: fetchUserAssets_query => SELECT id , asset_id , category_id FROM assets_assignment WHERE user_id = '29' 

2025-06-19T18:50:37+02:00 :: userAssets response => {"1":{"asset_id":"5","id":"14"}} 

2025-06-19T18:50:37+02:00 :: insertDataInAssignationTable_query => INSERT INTO `assets_assignment`(`asset_id`, `category_id`, `user_id`, `assigned_on`) VALUES ('6','4','29',CURRENT_DATE) 

2025-06-19T18:50:37+02:00 :: insertDataInAssignationTable response => 1 

2025-06-19T18:50:37+02:00 :: insertDataInHistoryTable_query => INSERT INTO `assets_history`(`asset_id`, `category_id`, `user_id`, `assigned_on`) VALUES ('6','4','29',CURRENT_DATE) 

2025-06-19T18:50:37+02:00 :: insertDataInHistoryTable response => 1 

2025-06-19T18:50:37+02:00 :: method inside the updateAsetsTableForAssignation 

2025-06-19T18:50:37+02:00 :: updateForAssignAssetsTable_query => UPDATE assets SET assets_assign_to = '29' , assets_status = (SELECT id FROM `assets_status` WHERE status_name LIKE '%use%') WHERE id = '6' AND assets_category = '4' 

2025-06-19T18:50:37+02:00 :: updateForAssignAssetsTable response => 1 

2025-06-19T18:50:37+02:00 :: method inside the updateUserTable 

2025-06-19T18:50:37+02:00 :: updateUserTable_query => UPDATE users SET assets_assignation = '{"1":"5","4":"6"}' WHERE ID = '29' 

2025-06-19T18:50:37+02:00 :: updateUserTable response => 1 

2025-06-19T18:50:37+02:00 final response => {"status":200,"message":"Assets Updated successfully"}

 ============ End Of Script ================== 

2025-06-19T18:50:49+02:00: request received => {"user_id":"29","method":"fetchUserAssets"} 

2025-06-19T18:50:49+02:00 :: method inside the fetchUserAssets 

2025-06-19T18:50:49+02:00 :: userAssets_query => SELECT assets_assignation FROM users WHERE ID = '29' 

2025-06-19T18:50:49+02:00 :: userAssets => {"1":"5","4":"6"} 

2025-06-19T18:50:49+02:00 :: method inside the assetsCategory 

2025-06-19T18:50:49+02:00 :: fetchCategory_query => SELECT id, category_name FROM `assets_category` WHERE Deleted_at IS NULL 

2025-06-19T18:50:49+02:00 final response => {"model_heading":"Update Assets","buttonText":"Save","form_data":{"1":"5","4":"6"},"dropDownFiled":"{\"assets_category\":{\"1\":\"Laptop\",\"3\":\"Laptop Charger\",\"4\":\"Mobile\"}}"}

 ============ End Of Script ================== 

2025-06-19T18:50:49+02:00: request received => {"category_id":"1","user_id":"29","method":"fetchAssets"} 

2025-06-19T18:50:49+02:00 :: method inside the fetchAssets 

2025-06-19T18:50:49+02:00 :: fetchAssets_query => SELECT id , CONCAT(UPPER(brand_name), ' ' ,model_number , '(', assets_code, ')') AS `assets_name` FROM `assets` WHERE assets_category = '1' AND ( assets_assign_to IS NULL OR assets_assign_to = '29') 

2025-06-19T18:50:49+02:00 final response => {"status":200,"message":"{\"2\":\"DELL E7470(EDLP0001)\",\"5\":\"HP E5470(EDLP0003)\"}"}

 ============ End Of Script ================== 

2025-06-19T18:50:49+02:00: request received => {"category_id":"4","user_id":"29","method":"fetchAssets"} 

2025-06-19T18:50:49+02:00 :: method inside the fetchAssets 

2025-06-19T18:50:49+02:00 :: fetchAssets_query => SELECT id , CONCAT(UPPER(brand_name), ' ' ,model_number , '(', assets_code, ')') AS `assets_name` FROM `assets` WHERE assets_category = '4' AND ( assets_assign_to IS NULL OR assets_assign_to = '29') 

2025-06-19T18:50:49+02:00 final response => {"status":200,"message":"{\"6\":\"MOTOROLA G85(EDMB0002)\"}"}

 ============ End Of Script ================== 

