2025-06-20T08:38:13+02:00: request received => {"user_id":"2","method":"fetchUserAssets"} 

2025-06-20T08:38:13+02:00 :: method inside the fetchUserAssets 

2025-06-20T08:38:13+02:00 :: userAssets_query => SELECT assets_assignation FROM users WHERE ID = '2' 

2025-06-20T08:38:13+02:00 :: userAssets => {"1":"3","4":"4"} 

2025-06-20T08:38:13+02:00 :: method inside the assetsCategory 

2025-06-20T08:38:13+02:00 :: fetchCategory_query => SELECT id, category_name FROM `assets_category` WHERE Deleted_at IS NULL 

2025-06-20T08:38:13+02:00 final response => {"model_heading":"Update Assets","buttonText":"Save","form_data":{"1":"3","4":"4"},"dropDownFiled":"{\"assets_category\":{\"1\":\"Laptop\",\"3\":\"Laptop Charger\",\"4\":\"Mobile\"}}"}

 ============ End Of Script ================== 

2025-06-20T08:38:13+02:00: request received => {"category_id":"1","user_id":"2","method":"fetchAssets"} 

2025-06-20T08:38:13+02:00 :: method inside the fetchAssets 

2025-06-20T08:38:13+02:00 :: fetchAssets_query => SELECT id , CONCAT(UPPER(brand_name), ' ' ,model_number , '(', assets_code, ')') AS `assets_name` FROM `assets` WHERE assets_category = '1' AND ( assets_assign_to IS NULL OR assets_assign_to = '2') 

2025-06-20T08:38:13+02:00 final response => {"status":200,"message":"{\"2\":\"DELL E7470(EDLP0001)\",\"3\":\"DELL E7834(EDLP0002)\"}"}

 ============ End Of Script ================== 

2025-06-20T08:38:13+02:00: request received => {"category_id":"4","user_id":"2","method":"fetchAssets"} 

2025-06-20T08:38:13+02:00 :: method inside the fetchAssets 

2025-06-20T08:38:13+02:00 :: fetchAssets_query => SELECT id , CONCAT(UPPER(brand_name), ' ' ,model_number , '(', assets_code, ')') AS `assets_name` FROM `assets` WHERE assets_category = '4' AND ( assets_assign_to IS NULL OR assets_assign_to = '2') 

2025-06-20T08:38:13+02:00 final response => {"status":200,"message":"{\"4\":\"SAMSUNG Galaxy 5i(EDMB0001)\"}"}

 ============ End Of Script ================== 

2025-06-20T13:15:35+02:00: request received => {"user_id":"7","method":"fetchUserAssets"} 

2025-06-20T13:15:35+02:00 :: method inside the fetchUserAssets 

2025-06-20T13:15:35+02:00 :: userAssets_query => SELECT assets_assignation FROM users WHERE ID = '7' 

2025-06-20T13:15:35+02:00 :: userAssets =>  

2025-06-20T13:15:35+02:00 :: method inside the assetsCategory 

2025-06-20T13:15:35+02:00 :: fetchCategory_query => SELECT id, category_name FROM `assets_category` WHERE Deleted_at IS NULL 

2025-06-20T13:15:35+02:00 final response => {"model_heading":"Add Assets","buttonText":"Save","form_data":[],"dropDownFiled":"{\"assets_category\":{\"1\":\"Laptop\",\"3\":\"Laptop Charger\",\"4\":\"Mobile\"}}"}

 ============ End Of Script ================== 

2025-06-20T19:14:08+02:00: request received => {"user_id":"19","method":"fetchUserAssets"} 

2025-06-20T19:14:08+02:00 :: method inside the fetchUserAssets 

2025-06-20T19:14:08+02:00 :: userAssets_query => SELECT assets_assignation FROM users WHERE ID = '19' 

2025-06-20T19:14:08+02:00 :: userAssets =>  

2025-06-20T19:14:08+02:00 :: method inside the assetsCategory 

2025-06-20T19:14:08+02:00 :: fetchCategory_query => SELECT id, category_name FROM `assets_category` WHERE Deleted_at IS NULL 

2025-06-20T19:14:08+02:00 final response => {"model_heading":"Add Assets","buttonText":"Save","form_data":[],"dropDownFiled":"{\"assets_category\":{\"1\":\"Laptop\",\"3\":\"Laptop Charger\",\"4\":\"Mobile\"}}"}

 ============ End Of Script ================== 

2025-06-20T19:14:24+02:00: request received => {"user_id":"19","method":"fetchUserAssets"} 

2025-06-20T19:14:24+02:00 :: method inside the fetchUserAssets 

2025-06-20T19:14:24+02:00 :: userAssets_query => SELECT assets_assignation FROM users WHERE ID = '19' 

2025-06-20T19:14:24+02:00 :: userAssets =>  

2025-06-20T19:14:24+02:00 :: method inside the assetsCategory 

2025-06-20T19:14:24+02:00 :: fetchCategory_query => SELECT id, category_name FROM `assets_category` WHERE Deleted_at IS NULL 

2025-06-20T19:14:24+02:00 final response => {"model_heading":"Add Assets","buttonText":"Save","form_data":[],"dropDownFiled":"{\"assets_category\":{\"1\":\"Laptop\",\"3\":\"Laptop Charger\",\"4\":\"Mobile\"}}"}

 ============ End Of Script ================== 

2025-06-20T19:15:31+02:00: request received => {"user_id":"19","method":"fetchUserAssignedAssetsDetails"} 

2025-06-20T19:15:31+02:00 :: method inside the fetchUserAssignedAssetsDetails 

2025-06-20T19:15:31+02:00 :: checkUserAssets_query => SELECT assets_assignation FROM `users` WHERE ID = '19' 

2025-06-20T19:15:31+02:00 :: checkUserAssets response =>  

2025-06-20T19:15:31+02:00 final response => {"status":200,"assets_assignation":false,"message":"No Assets Assign Yet"}

 ============ End Of Script ================== 

2025-06-20T19:16:07+02:00: request received => {"user_id":"19","method":"fetchUserAssignedAssetsDetails"} 

2025-06-20T19:16:07+02:00 :: method inside the fetchUserAssignedAssetsDetails 

2025-06-20T19:16:07+02:00 :: checkUserAssets_query => SELECT assets_assignation FROM `users` WHERE ID = '19' 

2025-06-20T19:16:07+02:00 :: checkUserAssets response =>  

2025-06-20T19:16:07+02:00 final response => {"status":200,"assets_assignation":false,"message":"No Assets Assign Yet"}

 ============ End Of Script ================== 

2025-06-20T19:16:39+02:00: request received => {"user_id":"29","method":"fetchUserAssignedAssetsDetails"} 

2025-06-20T19:16:39+02:00 :: method inside the fetchUserAssignedAssetsDetails 

2025-06-20T19:16:39+02:00 :: checkUserAssets_query => SELECT assets_assignation FROM `users` WHERE ID = '29' 

2025-06-20T19:16:39+02:00 :: checkUserAssets response => {"1":"5","4":"6"} 

2025-06-20T19:16:39+02:00 :: fetchAssetsDetails_query => SELECT assets.id , assets.brand_name , assets.model_number , assets.assets_code , assets_category.category_name as `assets_category` FROM assets LEFT JOIN assets_category ON assets.assets_category = assets_category.id WHERE assets.id = '5' 

2025-06-20T19:16:39+02:00 :: fetchAssetsDetails response => Array 

2025-06-20T19:16:39+02:00 :: fetchAssetsDetails_query => SELECT assets.id , assets.brand_name , assets.model_number , assets.assets_code , assets_category.category_name as `assets_category` FROM assets LEFT JOIN assets_category ON assets.assets_category = assets_category.id WHERE assets.id = '6' 

2025-06-20T19:16:39+02:00 :: fetchAssetsDetails response => Array 

2025-06-20T19:16:39+02:00 final response => {"status":200,"message":"{\"1\":{\"id\":\"5\",\"brand_name\":\"HP\",\"model_number\":\"E5470\",\"assets_code\":\"EDLP0003\",\"assets_category\":\"Laptop\"},\"4\":{\"id\":\"6\",\"brand_name\":\"Motorola\",\"model_number\":\"G85\",\"assets_code\":\"EDMB0002\",\"assets_category\":\"Mobile\"}}"}

 ============ End Of Script ================== 

2025-06-20T19:17:34+02:00: request received => {"user_id":"19","method":"fetchUserAssignedAssetsDetails"} 

2025-06-20T19:17:34+02:00 :: method inside the fetchUserAssignedAssetsDetails 

2025-06-20T19:17:34+02:00 :: checkUserAssets_query => SELECT assets_assignation FROM `users` WHERE ID = '19' 

2025-06-20T19:17:34+02:00 :: checkUserAssets response =>  

2025-06-20T19:17:34+02:00 final response => {"status":200,"assets_assignation":false,"message":"No Assets Assign Yet"}

 ============ End Of Script ================== 

2025-06-20T19:17:49+02:00: request received => {"user_id":"29","method":"fetchUserAssignedAssetsDetails"} 

2025-06-20T19:17:49+02:00 :: method inside the fetchUserAssignedAssetsDetails 

2025-06-20T19:17:49+02:00 :: checkUserAssets_query => SELECT assets_assignation FROM `users` WHERE ID = '29' 

2025-06-20T19:17:49+02:00 :: checkUserAssets response => {"1":"5","4":"6"} 

2025-06-20T19:17:49+02:00 :: fetchAssetsDetails_query => SELECT assets.id , assets.brand_name , assets.model_number , assets.assets_code , assets_category.category_name as `assets_category` FROM assets LEFT JOIN assets_category ON assets.assets_category = assets_category.id WHERE assets.id = '5' 

2025-06-20T19:17:49+02:00 :: fetchAssetsDetails response =>  {"id":"5","brand_name":"HP","model_number":"E5470","assets_code":"EDLP0003","assets_category":"Laptop"}

2025-06-20T19:17:49+02:00 :: fetchAssetsDetails_query => SELECT assets.id , assets.brand_name , assets.model_number , assets.assets_code , assets_category.category_name as `assets_category` FROM assets LEFT JOIN assets_category ON assets.assets_category = assets_category.id WHERE assets.id = '6' 

2025-06-20T19:17:49+02:00 :: fetchAssetsDetails response =>  {"id":"6","brand_name":"Motorola","model_number":"G85","assets_code":"EDMB0002","assets_category":"Mobile"}

2025-06-20T19:17:49+02:00 final response => {"status":200,"message":"{\"1\":{\"id\":\"5\",\"brand_name\":\"HP\",\"model_number\":\"E5470\",\"assets_code\":\"EDLP0003\",\"assets_category\":\"Laptop\"},\"4\":{\"id\":\"6\",\"brand_name\":\"Motorola\",\"model_number\":\"G85\",\"assets_code\":\"EDMB0002\",\"assets_category\":\"Mobile\"}}"}

 ============ End Of Script ================== 

2025-06-20T19:40:48+02:00: request received => {"user_id":"29","method":"fetchUserAssignedAssetsDetails"} 

2025-06-20T19:40:48+02:00 :: method inside the fetchUserAssignedAssetsDetails 

2025-06-20T19:40:48+02:00 :: checkUserAssets_query => SELECT assets_assignation FROM `users` WHERE ID = '29' 

2025-06-20T19:40:48+02:00 :: checkUserAssets response => {"1":"5","4":"6"} 

2025-06-20T19:40:48+02:00 :: fetchAssetsDetails_query => SELECT assets_category.category_name as `assets_category` , assets.assets_code , assets.brand_name , assets.model_number FROM assets LEFT JOIN assets_category ON assets.assets_category = assets_category.id WHERE assets.id = '5' 

2025-06-20T19:40:48+02:00 :: fetchAssetsDetails response =>  {"assets_category":"Laptop","assets_code":"EDLP0003","brand_name":"HP","model_number":"E5470"}

2025-06-20T19:40:48+02:00 :: fetchAssetsDetails_query => SELECT assets_category.category_name as `assets_category` , assets.assets_code , assets.brand_name , assets.model_number FROM assets LEFT JOIN assets_category ON assets.assets_category = assets_category.id WHERE assets.id = '6' 

2025-06-20T19:40:48+02:00 :: fetchAssetsDetails response =>  {"assets_category":"Mobile","assets_code":"EDMB0002","brand_name":"Motorola","model_number":"G85"}

2025-06-20T19:40:48+02:00 final response => {"status":200,"assets_assignation":true,"message":"{\"1\":{\"assets_category\":\"Laptop\",\"assets_code\":\"EDLP0003\",\"brand_name\":\"HP\",\"model_number\":\"E5470\"},\"4\":{\"assets_category\":\"Mobile\",\"assets_code\":\"EDMB0002\",\"brand_name\":\"Motorola\",\"model_number\":\"G85\"}}"}

 ============ End Of Script ================== 

2025-06-20T19:41:58+02:00: request received => {"user_id":"29","method":"fetchUserAssignedAssetsDetails"} 

2025-06-20T19:41:58+02:00 :: method inside the fetchUserAssignedAssetsDetails 

2025-06-20T19:41:58+02:00 :: checkUserAssets_query => SELECT assets_assignation FROM `users` WHERE ID = '29' 

2025-06-20T19:41:58+02:00 :: checkUserAssets response => {"1":"5","4":"6"} 

2025-06-20T19:41:58+02:00 :: fetchAssetsDetails_query => SELECT assets_category.category_name as `assets_category` , assets.assets_code , assets.brand_name , assets.model_number FROM assets LEFT JOIN assets_category ON assets.assets_category = assets_category.id WHERE assets.id = '5' 

2025-06-20T19:41:58+02:00 :: fetchAssetsDetails response =>  {"assets_category":"Laptop","assets_code":"EDLP0003","brand_name":"HP","model_number":"E5470"}

2025-06-20T19:41:58+02:00 :: fetchAssetsDetails_query => SELECT assets_category.category_name as `assets_category` , assets.assets_code , assets.brand_name , assets.model_number FROM assets LEFT JOIN assets_category ON assets.assets_category = assets_category.id WHERE assets.id = '6' 

2025-06-20T19:41:58+02:00 :: fetchAssetsDetails response =>  {"assets_category":"Mobile","assets_code":"EDMB0002","brand_name":"Motorola","model_number":"G85"}

2025-06-20T19:41:58+02:00 final response => {"status":200,"assets_assignation":true,"message":"{\"1\":{\"assets_category\":\"Laptop\",\"assets_code\":\"EDLP0003\",\"brand_name\":\"HP\",\"model_number\":\"E5470\"},\"4\":{\"assets_category\":\"Mobile\",\"assets_code\":\"EDMB0002\",\"brand_name\":\"Motorola\",\"model_number\":\"G85\"}}"}

 ============ End Of Script ================== 

2025-06-20T19:42:43+02:00: request received => {"user_id":"29","method":"fetchUserAssignedAssetsDetails"} 

2025-06-20T19:42:43+02:00 :: method inside the fetchUserAssignedAssetsDetails 

2025-06-20T19:42:43+02:00 :: checkUserAssets_query => SELECT assets_assignation FROM `users` WHERE ID = '29' 

2025-06-20T19:42:43+02:00 :: checkUserAssets response => {"1":"5","4":"6"} 

2025-06-20T19:42:43+02:00 :: fetchAssetsDetails_query => SELECT assets_category.category_name as `assets_category` , assets.assets_code , assets.brand_name , assets.model_number FROM assets LEFT JOIN assets_category ON assets.assets_category = assets_category.id WHERE assets.id = '5' 

2025-06-20T19:42:43+02:00 :: fetchAssetsDetails response =>  {"assets_category":"Laptop","assets_code":"EDLP0003","brand_name":"HP","model_number":"E5470"}

2025-06-20T19:42:43+02:00 :: fetchAssetsDetails_query => SELECT assets_category.category_name as `assets_category` , assets.assets_code , assets.brand_name , assets.model_number FROM assets LEFT JOIN assets_category ON assets.assets_category = assets_category.id WHERE assets.id = '6' 

2025-06-20T19:42:43+02:00 :: fetchAssetsDetails response =>  {"assets_category":"Mobile","assets_code":"EDMB0002","brand_name":"Motorola","model_number":"G85"}

2025-06-20T19:42:43+02:00 final response => {"status":200,"assets_assignation":true,"message":"{\"1\":{\"assets_category\":\"Laptop\",\"assets_code\":\"EDLP0003\",\"brand_name\":\"HP\",\"model_number\":\"E5470\"},\"4\":{\"assets_category\":\"Mobile\",\"assets_code\":\"EDMB0002\",\"brand_name\":\"Motorola\",\"model_number\":\"G85\"}}"}

 ============ End Of Script ================== 

2025-06-20T19:43:21+02:00: request received => {"user_id":"29","method":"fetchUserAssignedAssetsDetails"} 

2025-06-20T19:43:21+02:00 :: method inside the fetchUserAssignedAssetsDetails 

2025-06-20T19:43:21+02:00 :: checkUserAssets_query => SELECT assets_assignation FROM `users` WHERE ID = '29' 

2025-06-20T19:43:21+02:00 :: checkUserAssets response => {"1":"5","4":"6"} 

2025-06-20T19:43:21+02:00 :: fetchAssetsDetails_query => SELECT assets_category.category_name as `assets_category` , assets.assets_code , assets.brand_name , assets.model_number FROM assets LEFT JOIN assets_category ON assets.assets_category = assets_category.id WHERE assets.id = '5' 

2025-06-20T19:43:21+02:00 :: fetchAssetsDetails response =>  {"assets_category":"Laptop","assets_code":"EDLP0003","brand_name":"HP","model_number":"E5470"}

2025-06-20T19:43:21+02:00 :: fetchAssetsDetails_query => SELECT assets_category.category_name as `assets_category` , assets.assets_code , assets.brand_name , assets.model_number FROM assets LEFT JOIN assets_category ON assets.assets_category = assets_category.id WHERE assets.id = '6' 

2025-06-20T19:43:21+02:00 :: fetchAssetsDetails response =>  {"assets_category":"Mobile","assets_code":"EDMB0002","brand_name":"Motorola","model_number":"G85"}

2025-06-20T19:43:21+02:00 final response => {"status":200,"assets_assignation":true,"message":"{\"1\":{\"assets_category\":\"Laptop\",\"assets_code\":\"EDLP0003\",\"brand_name\":\"HP\",\"model_number\":\"E5470\"},\"4\":{\"assets_category\":\"Mobile\",\"assets_code\":\"EDMB0002\",\"brand_name\":\"Motorola\",\"model_number\":\"G85\"}}"}

 ============ End Of Script ================== 

2025-06-20T19:44:13+02:00: request received => {"user_id":"29","method":"fetchUserAssignedAssetsDetails"} 

2025-06-20T19:44:13+02:00 :: method inside the fetchUserAssignedAssetsDetails 

2025-06-20T19:44:13+02:00 :: checkUserAssets_query => SELECT assets_assignation FROM `users` WHERE ID = '29' 

2025-06-20T19:44:13+02:00 :: checkUserAssets response => {"1":"5","4":"6"} 

2025-06-20T19:44:13+02:00 :: fetchAssetsDetails_query => SELECT assets_category.category_name as `assets_category` , assets.assets_code , assets.brand_name , assets.model_number FROM assets LEFT JOIN assets_category ON assets.assets_category = assets_category.id WHERE assets.id = '5' 

2025-06-20T19:44:13+02:00 :: fetchAssetsDetails response =>  {"assets_category":"Laptop","assets_code":"EDLP0003","brand_name":"HP","model_number":"E5470"}

2025-06-20T19:44:13+02:00 :: fetchAssetsDetails_query => SELECT assets_category.category_name as `assets_category` , assets.assets_code , assets.brand_name , assets.model_number FROM assets LEFT JOIN assets_category ON assets.assets_category = assets_category.id WHERE assets.id = '6' 

2025-06-20T19:44:13+02:00 :: fetchAssetsDetails response =>  {"assets_category":"Mobile","assets_code":"EDMB0002","brand_name":"Motorola","model_number":"G85"}

2025-06-20T19:44:13+02:00 final response => {"status":200,"assets_assignation":true,"message":"{\"1\":{\"assets_category\":\"Laptop\",\"assets_code\":\"EDLP0003\",\"brand_name\":\"HP\",\"model_number\":\"E5470\"},\"4\":{\"assets_category\":\"Mobile\",\"assets_code\":\"EDMB0002\",\"brand_name\":\"Motorola\",\"model_number\":\"G85\"}}"}

 ============ End Of Script ================== 

2025-06-20T19:44:35+02:00: request received => {"user_id":"29","method":"fetchUserAssignedAssetsDetails"} 

2025-06-20T19:44:35+02:00 :: method inside the fetchUserAssignedAssetsDetails 

2025-06-20T19:44:35+02:00 :: checkUserAssets_query => SELECT assets_assignation FROM `users` WHERE ID = '29' 

2025-06-20T19:44:35+02:00 :: checkUserAssets response => {"1":"5","4":"6"} 

2025-06-20T19:44:35+02:00 :: fetchAssetsDetails_query => SELECT assets_category.category_name as `assets_category` , assets.assets_code , assets.brand_name , assets.model_number FROM assets LEFT JOIN assets_category ON assets.assets_category = assets_category.id WHERE assets.id = '5' 

2025-06-20T19:44:35+02:00 :: fetchAssetsDetails response =>  {"assets_category":"Laptop","assets_code":"EDLP0003","brand_name":"HP","model_number":"E5470"}

2025-06-20T19:44:35+02:00 :: fetchAssetsDetails_query => SELECT assets_category.category_name as `assets_category` , assets.assets_code , assets.brand_name , assets.model_number FROM assets LEFT JOIN assets_category ON assets.assets_category = assets_category.id WHERE assets.id = '6' 

2025-06-20T19:44:35+02:00 :: fetchAssetsDetails response =>  {"assets_category":"Mobile","assets_code":"EDMB0002","brand_name":"Motorola","model_number":"G85"}

2025-06-20T19:44:35+02:00 final response => {"status":200,"assets_assignation":true,"message":"{\"1\":{\"assets_category\":\"Laptop\",\"assets_code\":\"EDLP0003\",\"brand_name\":\"HP\",\"model_number\":\"E5470\"},\"4\":{\"assets_category\":\"Mobile\",\"assets_code\":\"EDMB0002\",\"brand_name\":\"Motorola\",\"model_number\":\"G85\"}}"}

 ============ End Of Script ================== 

2025-06-20T19:45:03+02:00: request received => {"user_id":"29","method":"fetchUserAssignedAssetsDetails"} 

2025-06-20T19:45:03+02:00 :: method inside the fetchUserAssignedAssetsDetails 

2025-06-20T19:45:03+02:00 :: checkUserAssets_query => SELECT assets_assignation FROM `users` WHERE ID = '29' 

2025-06-20T19:45:03+02:00 :: checkUserAssets response => {"1":"5","4":"6"} 

2025-06-20T19:45:03+02:00 :: fetchAssetsDetails_query => SELECT assets_category.category_name as `assets_category` , assets.assets_code , assets.brand_name , assets.model_number FROM assets LEFT JOIN assets_category ON assets.assets_category = assets_category.id WHERE assets.id = '5' 

2025-06-20T19:45:03+02:00 :: fetchAssetsDetails response =>  {"assets_category":"Laptop","assets_code":"EDLP0003","brand_name":"HP","model_number":"E5470"}

2025-06-20T19:45:03+02:00 :: fetchAssetsDetails_query => SELECT assets_category.category_name as `assets_category` , assets.assets_code , assets.brand_name , assets.model_number FROM assets LEFT JOIN assets_category ON assets.assets_category = assets_category.id WHERE assets.id = '6' 

2025-06-20T19:45:03+02:00 :: fetchAssetsDetails response =>  {"assets_category":"Mobile","assets_code":"EDMB0002","brand_name":"Motorola","model_number":"G85"}

2025-06-20T19:45:03+02:00 final response => {"status":200,"assets_assignation":true,"message":"{\"1\":{\"assets_category\":\"Laptop\",\"assets_code\":\"EDLP0003\",\"brand_name\":\"HP\",\"model_number\":\"E5470\"},\"4\":{\"assets_category\":\"Mobile\",\"assets_code\":\"EDMB0002\",\"brand_name\":\"Motorola\",\"model_number\":\"G85\"}}"}

 ============ End Of Script ================== 

2025-06-20T19:45:27+02:00: request received => {"user_id":"19","method":"fetchUserAssignedAssetsDetails"} 

2025-06-20T19:45:27+02:00 :: method inside the fetchUserAssignedAssetsDetails 

2025-06-20T19:45:27+02:00 :: checkUserAssets_query => SELECT assets_assignation FROM `users` WHERE ID = '19' 

2025-06-20T19:45:27+02:00 :: checkUserAssets response =>  

2025-06-20T19:45:27+02:00 final response => {"status":200,"assets_assignation":false,"message":"No Assets Assign Yet"}

 ============ End Of Script ================== 

2025-06-20T19:47:16+02:00: request received => {"user_id":"19","method":"fetchUserAssignedAssetsDetails"} 

2025-06-20T19:47:16+02:00 :: method inside the fetchUserAssignedAssetsDetails 

2025-06-20T19:47:16+02:00 :: checkUserAssets_query => SELECT assets_assignation FROM `users` WHERE ID = '19' 

2025-06-20T19:47:16+02:00 :: checkUserAssets response =>  

2025-06-20T19:47:16+02:00 final response => {"status":200,"assets_assignation":false,"message":"No Assets Assign Yet"}

 ============ End Of Script ================== 

2025-06-20T19:48:40+02:00: request received => {"user_id":"19","method":"fetchUserAssignedAssetsDetails"} 

2025-06-20T19:48:40+02:00 :: method inside the fetchUserAssignedAssetsDetails 

2025-06-20T19:48:40+02:00 :: checkUserAssets_query => SELECT assets_assignation FROM `users` WHERE ID = '19' 

2025-06-20T19:48:40+02:00 :: checkUserAssets response =>  

2025-06-20T19:48:40+02:00 final response => {"status":200,"assets_assignation":false,"message":"No Assets Assign Yet"}

 ============ End Of Script ================== 

2025-06-20T19:49:32+02:00: request received => {"user_id":"19","method":"fetchUserAssignedAssetsDetails"} 

2025-06-20T19:49:32+02:00 :: method inside the fetchUserAssignedAssetsDetails 

2025-06-20T19:49:32+02:00 :: checkUserAssets_query => SELECT assets_assignation FROM `users` WHERE ID = '19' 

2025-06-20T19:49:32+02:00 :: checkUserAssets response =>  

2025-06-20T19:49:32+02:00 final response => {"status":200,"assets_assignation":false,"message":"No Assets Assign Yet"}

 ============ End Of Script ================== 

2025-06-20T19:50:02+02:00: request received => {"user_id":"19","method":"fetchUserAssignedAssetsDetails"} 

2025-06-20T19:50:02+02:00 :: method inside the fetchUserAssignedAssetsDetails 

2025-06-20T19:50:02+02:00 :: checkUserAssets_query => SELECT assets_assignation FROM `users` WHERE ID = '19' 

2025-06-20T19:50:02+02:00 :: checkUserAssets response =>  

2025-06-20T19:50:02+02:00 final response => {"status":200,"assets_assignation":false,"message":"No Assets Assign Yet"}

 ============ End Of Script ================== 

2025-06-20T19:51:58+02:00: request received => {"user_id":"19","method":"fetchUserAssignedAssetsDetails"} 

2025-06-20T19:51:58+02:00 :: method inside the fetchUserAssignedAssetsDetails 

2025-06-20T19:51:58+02:00 :: checkUserAssets_query => SELECT assets_assignation FROM `users` WHERE ID = '19' 

2025-06-20T19:51:58+02:00 :: checkUserAssets response =>  

2025-06-20T19:51:58+02:00 final response => {"status":200,"assets_assignation":false,"message":"No Assets Assign Yet"}

 ============ End Of Script ================== 

2025-06-20T19:52:06+02:00: request received => {"user_id":"20","method":"fetchUserAssignedAssetsDetails"} 

2025-06-20T19:52:06+02:00 :: method inside the fetchUserAssignedAssetsDetails 

2025-06-20T19:52:06+02:00 :: checkUserAssets_query => SELECT assets_assignation FROM `users` WHERE ID = '20' 

2025-06-20T19:52:06+02:00 :: checkUserAssets response =>  

2025-06-20T19:52:06+02:00 final response => {"status":200,"assets_assignation":false,"message":"No Assets Assign Yet"}

 ============ End Of Script ================== 

2025-06-20T19:52:16+02:00: request received => {"user_id":"29","method":"fetchUserAssignedAssetsDetails"} 

2025-06-20T19:52:16+02:00 :: method inside the fetchUserAssignedAssetsDetails 

2025-06-20T19:52:16+02:00 :: checkUserAssets_query => SELECT assets_assignation FROM `users` WHERE ID = '29' 

2025-06-20T19:52:16+02:00 :: checkUserAssets response => {"1":"5","4":"6"} 

2025-06-20T19:52:16+02:00 :: fetchAssetsDetails_query => SELECT assets_category.category_name as `assets_category` , assets.assets_code , assets.brand_name , assets.model_number FROM assets LEFT JOIN assets_category ON assets.assets_category = assets_category.id WHERE assets.id = '5' 

2025-06-20T19:52:16+02:00 :: fetchAssetsDetails response =>  {"assets_category":"Laptop","assets_code":"EDLP0003","brand_name":"HP","model_number":"E5470"}

2025-06-20T19:52:16+02:00 :: fetchAssetsDetails_query => SELECT assets_category.category_name as `assets_category` , assets.assets_code , assets.brand_name , assets.model_number FROM assets LEFT JOIN assets_category ON assets.assets_category = assets_category.id WHERE assets.id = '6' 

2025-06-20T19:52:16+02:00 :: fetchAssetsDetails response =>  {"assets_category":"Mobile","assets_code":"EDMB0002","brand_name":"Motorola","model_number":"G85"}

2025-06-20T19:52:16+02:00 final response => {"status":200,"assets_assignation":true,"message":"{\"1\":{\"assets_category\":\"Laptop\",\"assets_code\":\"EDLP0003\",\"brand_name\":\"HP\",\"model_number\":\"E5470\"},\"4\":{\"assets_category\":\"Mobile\",\"assets_code\":\"EDMB0002\",\"brand_name\":\"Motorola\",\"model_number\":\"G85\"}}"}

 ============ End Of Script ================== 

