2025-06-18T13:40:55+02:00: request received => {"user_id":"2","method":"fetchUserAssets"} 

2025-06-18T13:40:55+02:00 :: method inside the fetchUserAssets 

2025-06-18T13:40:55+02:00 :: userAssets_query => SELECT assets_assignation FROM users WHERE ID = '2' 

2025-06-18T13:40:55+02:00 :: userAssets => {"1":"3","4":"4"} 

2025-06-18T13:40:55+02:00 :: method inside the assetsCategory 

2025-06-18T13:40:55+02:00 :: fetchCategory_query => SELECT id, category_name FROM `assets_category` WHERE Deleted_at IS NULL 

2025-06-18T13:40:55+02:00 final response => {"model_heading":"Update Assets","buttonText":"Save","form_data":{"1":"3","4":"4"},"dropDownFiled":"{\"assets_category\":{\"1\":\"Laptop\",\"3\":\"Laptop Charger\",\"4\":\"Mobile\"}}"}

 ============ End Of Script ================== 

2025-06-18T13:40:55+02:00: request received => {"category_id":"1","user_id":"2","method":"fetchAssets"} 

2025-06-18T13:40:55+02:00 :: method inside the fetchAssets 

2025-06-18T13:40:55+02:00 :: fetchAssets_query => SELECT id , CONCAT(UPPER(brand_name), ' ' ,model_number , '(', assets_code, ')') AS `assets_name` FROM `assets` WHERE assets_category = '1' AND ( assets_assign_to IS NULL OR assets_assign_to = '2') 

2025-06-18T13:40:55+02:00 final response => {"status":200,"message":"{\"2\":\"DELL E7470(EDLP0001)\",\"3\":\"DELL E7834(EDLP0002)\"}"}

 ============ End Of Script ================== 

2025-06-18T13:40:55+02:00: request received => {"category_id":"4","user_id":"2","method":"fetchAssets"} 

2025-06-18T13:40:55+02:00 :: method inside the fetchAssets 

2025-06-18T13:40:55+02:00 :: fetchAssets_query => SELECT id , CONCAT(UPPER(brand_name), ' ' ,model_number , '(', assets_code, ')') AS `assets_name` FROM `assets` WHERE assets_category = '4' AND ( assets_assign_to IS NULL OR assets_assign_to = '2') 

2025-06-18T13:40:55+02:00 final response => {"status":200,"message":"{\"4\":\"SAMSUNG Galaxy 5i(EDMB0001)\"}"}

 ============ End Of Script ================== 

2025-06-18T13:40:59+02:00: request received => {"assets_category_1":"1","assets_1":"3","method":"insertOrUpdate","user_id":"2"} 

2025-06-18T13:40:59+02:00 :: method inside the insertOrUpdateAssetsAssignation 

2025-06-18T13:40:59+02:00 :: final_group => {"1":"3"} 

2025-06-18T13:40:59+02:00 :: method inside the insertOrUpdateDataOnAssetsAssignationTable 

2025-06-18T13:40:59+02:00 :: fetchUserAssets_query => SELECT id , asset_id , category_id FROM assets_assignment WHERE user_id = '2' 

2025-06-18T13:40:59+02:00 :: userAssets response => {"1":{"asset_id":"3","id":"1"},"4":{"asset_id":"4","id":"2"}} 

2025-06-18T13:40:59+02:00 :: method inside the deleteAssetsAssignation 

2025-06-18T13:40:59+02:00 :: deleteassignation_query => DELETE FROM assets_assignment WHERE id = '2' 

2025-06-18T13:40:59+02:00 :: deleteassignation response => 1 

2025-06-18T13:40:59+02:00 :: insertDataInHistoryTabele_query => INSERT INTO `assets_history`(`asset_id`, `category_id`, `user_id`, `return_on`) VALUES ('4','4','2',CURRENT_DATE) 

2025-06-18T13:40:59+02:00 :: insertDataInHistoryTable response => 1 

2025-06-18T13:40:59+02:00 :: method inside the updateAsetsTableForRemoveAssignation 

2025-06-18T13:40:59+02:00 :: updateAssetsForRemoveTable_query => UPDATE assets SET assets_assign_to = NULL , assets_status = (SELECT id FROM `assets_status` WHERE status_name LIKE '%backup%') WHERE id = '4' AND assets_category = '4' 

2025-06-18T13:40:59+02:00 :: updateAssetsForRemoveTable response => 1 

2025-06-18T13:40:59+02:00 :: method inside the updateUserTable 

2025-06-18T13:40:59+02:00 :: updateUserTable_query => UPDATE users SET assets_assignation = '{"1":"3"}' WHERE ID = '2' 

2025-06-18T13:40:59+02:00 :: updateUserTable response => 1 

2025-06-18T13:40:59+02:00 final response => {"status":200,"message":"Assets Updated successfully"}

 ============ End Of Script ================== 

2025-06-18T13:42:36+02:00: request received => {"user_id":"2","method":"fetchUserAssets"} 

2025-06-18T13:42:36+02:00 :: method inside the fetchUserAssets 

2025-06-18T13:42:36+02:00 :: userAssets_query => SELECT assets_assignation FROM users WHERE ID = '2' 

2025-06-18T13:42:36+02:00 :: userAssets => {"1":"3"} 

2025-06-18T13:42:36+02:00 :: method inside the assetsCategory 

2025-06-18T13:42:36+02:00 :: fetchCategory_query => SELECT id, category_name FROM `assets_category` WHERE Deleted_at IS NULL 

2025-06-18T13:42:36+02:00 final response => {"model_heading":"Update Assets","buttonText":"Save","form_data":{"1":"3"},"dropDownFiled":"{\"assets_category\":{\"1\":\"Laptop\",\"3\":\"Laptop Charger\",\"4\":\"Mobile\"}}"}

 ============ End Of Script ================== 

2025-06-18T13:42:36+02:00: request received => {"category_id":"1","user_id":"2","method":"fetchAssets"} 

2025-06-18T13:42:36+02:00 :: method inside the fetchAssets 

2025-06-18T13:42:36+02:00 :: fetchAssets_query => SELECT id , CONCAT(UPPER(brand_name), ' ' ,model_number , '(', assets_code, ')') AS `assets_name` FROM `assets` WHERE assets_category = '1' AND ( assets_assign_to IS NULL OR assets_assign_to = '2') 

2025-06-18T13:42:36+02:00 final response => {"status":200,"message":"{\"2\":\"DELL E7470(EDLP0001)\",\"3\":\"DELL E7834(EDLP0002)\"}"}

 ============ End Of Script ================== 

2025-06-18T13:43:58+02:00: request received => {"user_id":"2","method":"fetchUserAssets"} 

2025-06-18T13:43:58+02:00 :: method inside the fetchUserAssets 

2025-06-18T13:43:58+02:00 :: userAssets_query => SELECT assets_assignation FROM users WHERE ID = '2' 

2025-06-18T13:43:58+02:00 :: userAssets => {"1":"3"} 

2025-06-18T13:43:58+02:00 :: method inside the assetsCategory 

2025-06-18T13:43:58+02:00 :: fetchCategory_query => SELECT id, category_name FROM `assets_category` WHERE Deleted_at IS NULL 

2025-06-18T13:43:58+02:00 final response => {"model_heading":"Update Assets","buttonText":"Save","form_data":{"1":"3"},"dropDownFiled":"{\"assets_category\":{\"1\":\"Laptop\",\"3\":\"Laptop Charger\",\"4\":\"Mobile\"}}"}

 ============ End Of Script ================== 

2025-06-18T13:43:58+02:00: request received => {"category_id":"1","user_id":"2","method":"fetchAssets"} 

2025-06-18T13:43:58+02:00 :: method inside the fetchAssets 

2025-06-18T13:43:58+02:00 :: fetchAssets_query => SELECT id , CONCAT(UPPER(brand_name), ' ' ,model_number , '(', assets_code, ')') AS `assets_name` FROM `assets` WHERE assets_category = '1' AND ( assets_assign_to IS NULL OR assets_assign_to = '2') 

2025-06-18T13:43:58+02:00 final response => {"status":200,"message":"{\"2\":\"DELL E7470(EDLP0001)\",\"3\":\"DELL E7834(EDLP0002)\"}"}

 ============ End Of Script ================== 

2025-06-18T13:44:23+02:00: request received => {"category_id":"4","user_id":"2","method":"fetchAssets"} 

2025-06-18T13:44:23+02:00 :: method inside the fetchAssets 

2025-06-18T13:44:23+02:00 :: fetchAssets_query => SELECT id , CONCAT(UPPER(brand_name), ' ' ,model_number , '(', assets_code, ')') AS `assets_name` FROM `assets` WHERE assets_category = '4' AND ( assets_assign_to IS NULL OR assets_assign_to = '2') 

2025-06-18T13:44:23+02:00 final response => {"status":200,"message":"{\"4\":\"SAMSUNG Galaxy 5i(EDMB0001)\"}"}

 ============ End Of Script ================== 

2025-06-18T13:44:27+02:00: request received => {"category_id":"3","user_id":"2","method":"fetchAssets"} 

2025-06-18T13:44:27+02:00 :: method inside the fetchAssets 

2025-06-18T13:44:27+02:00 :: fetchAssets_query => SELECT id , CONCAT(UPPER(brand_name), ' ' ,model_number , '(', assets_code, ')') AS `assets_name` FROM `assets` WHERE assets_category = '3' AND ( assets_assign_to IS NULL OR assets_assign_to = '2') 

2025-06-18T13:44:27+02:00 final response => {"status":200,"message":"[]"}

 ============ End Of Script ================== 

2025-06-18T13:44:30+02:00: request received => {"category_id":"1","user_id":"2","method":"fetchAssets"} 

2025-06-18T13:44:30+02:00 :: method inside the fetchAssets 

2025-06-18T13:44:30+02:00 :: fetchAssets_query => SELECT id , CONCAT(UPPER(brand_name), ' ' ,model_number , '(', assets_code, ')') AS `assets_name` FROM `assets` WHERE assets_category = '1' AND ( assets_assign_to IS NULL OR assets_assign_to = '2') 

2025-06-18T13:44:30+02:00 final response => {"status":200,"message":"{\"2\":\"DELL E7470(EDLP0001)\",\"3\":\"DELL E7834(EDLP0002)\"}"}

 ============ End Of Script ================== 

2025-06-18T13:44:36+02:00: request received => {"category_id":"4","user_id":"2","method":"fetchAssets"} 

2025-06-18T13:44:36+02:00 :: method inside the fetchAssets 

2025-06-18T13:44:36+02:00 :: fetchAssets_query => SELECT id , CONCAT(UPPER(brand_name), ' ' ,model_number , '(', assets_code, ')') AS `assets_name` FROM `assets` WHERE assets_category = '4' AND ( assets_assign_to IS NULL OR assets_assign_to = '2') 

2025-06-18T13:44:36+02:00 final response => {"status":200,"message":"{\"4\":\"SAMSUNG Galaxy 5i(EDMB0001)\"}"}

 ============ End Of Script ================== 

2025-06-18T13:44:39+02:00: request received => {"category_id":"4","user_id":"2","method":"fetchAssets"} 

2025-06-18T13:44:39+02:00 :: method inside the fetchAssets 

2025-06-18T13:44:39+02:00 :: fetchAssets_query => SELECT id , CONCAT(UPPER(brand_name), ' ' ,model_number , '(', assets_code, ')') AS `assets_name` FROM `assets` WHERE assets_category = '4' AND ( assets_assign_to IS NULL OR assets_assign_to = '2') 

2025-06-18T13:44:39+02:00 final response => {"status":200,"message":"{\"4\":\"SAMSUNG Galaxy 5i(EDMB0001)\"}"}

 ============ End Of Script ================== 

2025-06-18T13:44:48+02:00: request received => {"category_id":"1","user_id":"2","method":"fetchAssets"} 

2025-06-18T13:44:48+02:00 :: method inside the fetchAssets 

2025-06-18T13:44:48+02:00 :: fetchAssets_query => SELECT id , CONCAT(UPPER(brand_name), ' ' ,model_number , '(', assets_code, ')') AS `assets_name` FROM `assets` WHERE assets_category = '1' AND ( assets_assign_to IS NULL OR assets_assign_to = '2') 

2025-06-18T13:44:48+02:00 final response => {"status":200,"message":"{\"2\":\"DELL E7470(EDLP0001)\",\"3\":\"DELL E7834(EDLP0002)\"}"}

 ============ End Of Script ================== 

2025-06-18T13:44:55+02:00: request received => {"category_id":"3","user_id":"2","method":"fetchAssets"} 

2025-06-18T13:44:55+02:00 :: method inside the fetchAssets 

2025-06-18T13:44:55+02:00 :: fetchAssets_query => SELECT id , CONCAT(UPPER(brand_name), ' ' ,model_number , '(', assets_code, ')') AS `assets_name` FROM `assets` WHERE assets_category = '3' AND ( assets_assign_to IS NULL OR assets_assign_to = '2') 

2025-06-18T13:44:55+02:00 final response => {"status":200,"message":"[]"}

 ============ End Of Script ================== 

2025-06-18T13:45:00+02:00: request received => {"category_id":"3","user_id":"2","method":"fetchAssets"} 

2025-06-18T13:45:00+02:00 :: method inside the fetchAssets 

2025-06-18T13:45:00+02:00 :: fetchAssets_query => SELECT id , CONCAT(UPPER(brand_name), ' ' ,model_number , '(', assets_code, ')') AS `assets_name` FROM `assets` WHERE assets_category = '3' AND ( assets_assign_to IS NULL OR assets_assign_to = '2') 

2025-06-18T13:45:00+02:00 final response => {"status":200,"message":"[]"}

 ============ End Of Script ================== 

2025-06-18T13:45:04+02:00: request received => {"category_id":"4","user_id":"2","method":"fetchAssets"} 

2025-06-18T13:45:04+02:00 :: method inside the fetchAssets 

2025-06-18T13:45:04+02:00 :: fetchAssets_query => SELECT id , CONCAT(UPPER(brand_name), ' ' ,model_number , '(', assets_code, ')') AS `assets_name` FROM `assets` WHERE assets_category = '4' AND ( assets_assign_to IS NULL OR assets_assign_to = '2') 

2025-06-18T13:45:04+02:00 final response => {"status":200,"message":"{\"4\":\"SAMSUNG Galaxy 5i(EDMB0001)\"}"}

 ============ End Of Script ================== 

2025-06-18T13:45:09+02:00: request received => {"category_id":"1","user_id":"2","method":"fetchAssets"} 

2025-06-18T13:45:09+02:00 :: method inside the fetchAssets 

2025-06-18T13:45:09+02:00 :: fetchAssets_query => SELECT id , CONCAT(UPPER(brand_name), ' ' ,model_number , '(', assets_code, ')') AS `assets_name` FROM `assets` WHERE assets_category = '1' AND ( assets_assign_to IS NULL OR assets_assign_to = '2') 

2025-06-18T13:45:09+02:00 final response => {"status":200,"message":"{\"2\":\"DELL E7470(EDLP0001)\",\"3\":\"DELL E7834(EDLP0002)\"}"}

 ============ End Of Script ================== 

2025-06-18T13:45:12+02:00: request received => {"category_id":"3","user_id":"2","method":"fetchAssets"} 

2025-06-18T13:45:12+02:00 :: method inside the fetchAssets 

2025-06-18T13:45:12+02:00 :: fetchAssets_query => SELECT id , CONCAT(UPPER(brand_name), ' ' ,model_number , '(', assets_code, ')') AS `assets_name` FROM `assets` WHERE assets_category = '3' AND ( assets_assign_to IS NULL OR assets_assign_to = '2') 

2025-06-18T13:45:12+02:00 final response => {"status":200,"message":"[]"}

 ============ End Of Script ================== 

2025-06-18T13:55:15+02:00: request received => {"user_id":"2","method":"fetchUserAssets"} 

2025-06-18T13:55:15+02:00 :: method inside the fetchUserAssets 

2025-06-18T13:55:15+02:00 :: userAssets_query => SELECT assets_assignation FROM users WHERE ID = '2' 

2025-06-18T13:55:15+02:00 :: userAssets => {"1":"3"} 

2025-06-18T13:55:15+02:00 :: method inside the assetsCategory 

2025-06-18T13:55:15+02:00 :: fetchCategory_query => SELECT id, category_name FROM `assets_category` WHERE Deleted_at IS NULL 

2025-06-18T13:55:15+02:00 final response => {"model_heading":"Update Assets","buttonText":"Save","form_data":{"1":"3"},"dropDownFiled":"{\"assets_category\":{\"1\":\"Laptop\",\"3\":\"Laptop Charger\",\"4\":\"Mobile\"}}"}

 ============ End Of Script ================== 

2025-06-18T13:55:15+02:00: request received => {"category_id":"1","user_id":"2","method":"fetchAssets"} 

2025-06-18T13:55:15+02:00 :: method inside the fetchAssets 

2025-06-18T13:55:15+02:00 :: fetchAssets_query => SELECT id , CONCAT(UPPER(brand_name), ' ' ,model_number , '(', assets_code, ')') AS `assets_name` FROM `assets` WHERE assets_category = '1' AND ( assets_assign_to IS NULL OR assets_assign_to = '2') 

2025-06-18T13:55:15+02:00 final response => {"status":200,"message":"{\"2\":\"DELL E7470(EDLP0001)\",\"3\":\"DELL E7834(EDLP0002)\"}"}

 ============ End Of Script ================== 

2025-06-18T13:55:22+02:00: request received => {"user_id":"3","method":"fetchUserAssets"} 

2025-06-18T13:55:22+02:00 :: method inside the fetchUserAssets 

2025-06-18T13:55:22+02:00 :: userAssets_query => SELECT assets_assignation FROM users WHERE ID = '3' 

2025-06-18T13:55:22+02:00 :: userAssets =>  

2025-06-18T13:55:22+02:00 :: method inside the assetsCategory 

2025-06-18T13:55:22+02:00 :: fetchCategory_query => SELECT id, category_name FROM `assets_category` WHERE Deleted_at IS NULL 

2025-06-18T13:55:22+02:00 final response => {"model_heading":"Add Assets","buttonText":"Save","form_data":[],"dropDownFiled":"{\"assets_category\":{\"1\":\"Laptop\",\"3\":\"Laptop Charger\",\"4\":\"Mobile\"}}"}

 ============ End Of Script ================== 

2025-06-18T13:55:33+02:00: request received => {"user_id":"3","method":"fetchUserAssets"} 

2025-06-18T13:55:33+02:00 :: method inside the fetchUserAssets 

2025-06-18T13:55:33+02:00 :: userAssets_query => SELECT assets_assignation FROM users WHERE ID = '3' 

2025-06-18T13:55:33+02:00 :: userAssets =>  

2025-06-18T13:55:33+02:00 :: method inside the assetsCategory 

2025-06-18T13:55:33+02:00 :: fetchCategory_query => SELECT id, category_name FROM `assets_category` WHERE Deleted_at IS NULL 

2025-06-18T13:55:33+02:00 final response => {"model_heading":"Add Assets","buttonText":"Save","form_data":[],"dropDownFiled":"{\"assets_category\":{\"1\":\"Laptop\",\"3\":\"Laptop Charger\",\"4\":\"Mobile\"}}"}

 ============ End Of Script ================== 

2025-06-18T13:55:39+02:00: request received => {"category_id":"4","user_id":"3","method":"fetchAssets"} 

2025-06-18T13:55:39+02:00 :: method inside the fetchAssets 

2025-06-18T13:55:39+02:00 :: fetchAssets_query => SELECT id , CONCAT(UPPER(brand_name), ' ' ,model_number , '(', assets_code, ')') AS `assets_name` FROM `assets` WHERE assets_category = '4' AND ( assets_assign_to IS NULL OR assets_assign_to = '3') 

2025-06-18T13:55:39+02:00 final response => {"status":200,"message":"{\"4\":\"SAMSUNG Galaxy 5i(EDMB0001)\"}"}

 ============ End Of Script ================== 

2025-06-18T13:57:22+02:00: request received => {"user_id":"2","method":"fetchUserAssets"} 

2025-06-18T13:57:22+02:00 :: method inside the fetchUserAssets 

2025-06-18T13:57:22+02:00 :: userAssets_query => SELECT assets_assignation FROM users WHERE ID = '2' 

2025-06-18T13:57:22+02:00 :: userAssets => {"1":"3"} 

2025-06-18T13:57:22+02:00 :: method inside the assetsCategory 

2025-06-18T13:57:22+02:00 :: fetchCategory_query => SELECT id, category_name FROM `assets_category` WHERE Deleted_at IS NULL 

2025-06-18T13:57:22+02:00 final response => {"model_heading":"Update Assets","buttonText":"Save","form_data":{"1":"3"},"dropDownFiled":"{\"assets_category\":{\"1\":\"Laptop\",\"3\":\"Laptop Charger\",\"4\":\"Mobile\"}}"}

 ============ End Of Script ================== 

2025-06-18T13:57:22+02:00: request received => {"category_id":"1","user_id":"2","method":"fetchAssets"} 

2025-06-18T13:57:22+02:00 :: method inside the fetchAssets 

2025-06-18T13:57:22+02:00 :: fetchAssets_query => SELECT id , CONCAT(UPPER(brand_name), ' ' ,model_number , '(', assets_code, ')') AS `assets_name` FROM `assets` WHERE assets_category = '1' AND ( assets_assign_to IS NULL OR assets_assign_to = '2') 

2025-06-18T13:57:22+02:00 final response => {"status":200,"message":"{\"2\":\"DELL E7470(EDLP0001)\",\"3\":\"DELL E7834(EDLP0002)\"}"}

 ============ End Of Script ================== 

2025-06-18T13:57:29+02:00: request received => {"user_id":"2","method":"fetchUserAssets"} 

2025-06-18T13:57:29+02:00 :: method inside the fetchUserAssets 

2025-06-18T13:57:29+02:00 :: userAssets_query => SELECT assets_assignation FROM users WHERE ID = '2' 

2025-06-18T13:57:29+02:00 :: userAssets => {"1":"3"} 

2025-06-18T13:57:29+02:00 :: method inside the assetsCategory 

2025-06-18T13:57:29+02:00 :: fetchCategory_query => SELECT id, category_name FROM `assets_category` WHERE Deleted_at IS NULL 

2025-06-18T13:57:29+02:00 final response => {"model_heading":"Update Assets","buttonText":"Save","form_data":{"1":"3"},"dropDownFiled":"{\"assets_category\":{\"1\":\"Laptop\",\"3\":\"Laptop Charger\",\"4\":\"Mobile\"}}"}

 ============ End Of Script ================== 

2025-06-18T13:57:29+02:00: request received => {"category_id":"1","user_id":"2","method":"fetchAssets"} 

2025-06-18T13:57:29+02:00 :: method inside the fetchAssets 

2025-06-18T13:57:29+02:00 :: fetchAssets_query => SELECT id , CONCAT(UPPER(brand_name), ' ' ,model_number , '(', assets_code, ')') AS `assets_name` FROM `assets` WHERE assets_category = '1' AND ( assets_assign_to IS NULL OR assets_assign_to = '2') 

2025-06-18T13:57:29+02:00 final response => {"status":200,"message":"{\"2\":\"DELL E7470(EDLP0001)\",\"3\":\"DELL E7834(EDLP0002)\"}"}

 ============ End Of Script ================== 

2025-06-18T13:57:37+02:00: request received => {"category_id":"4","user_id":"2","method":"fetchAssets"} 

2025-06-18T13:57:37+02:00 :: method inside the fetchAssets 

2025-06-18T13:57:37+02:00 :: fetchAssets_query => SELECT id , CONCAT(UPPER(brand_name), ' ' ,model_number , '(', assets_code, ')') AS `assets_name` FROM `assets` WHERE assets_category = '4' AND ( assets_assign_to IS NULL OR assets_assign_to = '2') 

2025-06-18T13:57:37+02:00 final response => {"status":200,"message":"{\"4\":\"SAMSUNG Galaxy 5i(EDMB0001)\"}"}

 ============ End Of Script ================== 

2025-06-18T13:57:40+02:00: request received => {"assets_category_1":"1","assets_1":"3","assets_category_2":"4","assets_2":"4","method":"insertOrUpdate","user_id":"2"} 

2025-06-18T13:57:40+02:00 :: method inside the insertOrUpdateAssetsAssignation 

2025-06-18T13:57:40+02:00 :: final_group => {"1":"3","4":"4"} 

2025-06-18T13:57:40+02:00 :: method inside the insertOrUpdateDataOnAssetsAssignationTable 

2025-06-18T13:57:40+02:00 :: fetchUserAssets_query => SELECT id , asset_id , category_id FROM assets_assignment WHERE user_id = '2' 

2025-06-18T13:57:40+02:00 :: userAssets response => {"1":{"asset_id":"3","id":"1"}} 

2025-06-18T13:57:40+02:00 :: insertDataInAssignationTable_query => INSERT INTO `assets_assignment`(`asset_id`, `category_id`, `user_id`, `assigned_on`) VALUES ('4','4','2',CURRENT_DATE) 

2025-06-18T13:57:40+02:00 :: insertDataInAssignationTable response => 1 

2025-06-18T13:57:40+02:00 :: insertDataInHistoryTable_query => INSERT INTO `assets_history`(`asset_id`, `category_id`, `user_id`, `assigned_on`) VALUES ('4','4','2',CURRENT_DATE) 

2025-06-18T13:57:40+02:00 :: insertDataInHistoryTable response => 1 

2025-06-18T13:57:40+02:00 :: method inside the updateAsetsTableForAssignation 

2025-06-18T13:57:40+02:00 :: updateForAssignAssetsTable_query => UPDATE assets SET assets_assign_to = '2' , assets_status = (SELECT id FROM `assets_status` WHERE status_name LIKE '%use%') WHERE id = '4' AND assets_category = '4' 

2025-06-18T13:57:40+02:00 :: updateForAssignAssetsTable response => 1 

2025-06-18T13:57:40+02:00 :: method inside the updateUserTable 

2025-06-18T13:57:40+02:00 :: updateUserTable_query => UPDATE users SET assets_assignation = '{"1":"3","4":"4"}' WHERE ID = '2' 

2025-06-18T13:57:40+02:00 :: updateUserTable response => 1 

2025-06-18T13:57:40+02:00 final response => {"status":200,"message":"Assets Updated successfully"}

 ============ End Of Script ================== 

2025-06-18T13:57:42+02:00: request received => {"user_id":"2","method":"fetchUserAssets"} 

2025-06-18T13:57:42+02:00 :: method inside the fetchUserAssets 

2025-06-18T13:57:42+02:00 :: userAssets_query => SELECT assets_assignation FROM users WHERE ID = '2' 

2025-06-18T13:57:42+02:00 :: userAssets => {"1":"3","4":"4"} 

2025-06-18T13:57:42+02:00 :: method inside the assetsCategory 

2025-06-18T13:57:42+02:00 :: fetchCategory_query => SELECT id, category_name FROM `assets_category` WHERE Deleted_at IS NULL 

2025-06-18T13:57:42+02:00 final response => {"model_heading":"Update Assets","buttonText":"Save","form_data":{"1":"3","4":"4"},"dropDownFiled":"{\"assets_category\":{\"1\":\"Laptop\",\"3\":\"Laptop Charger\",\"4\":\"Mobile\"}}"}

 ============ End Of Script ================== 

2025-06-18T13:57:42+02:00: request received => {"category_id":"1","user_id":"2","method":"fetchAssets"} 

2025-06-18T13:57:42+02:00 :: method inside the fetchAssets 

2025-06-18T13:57:42+02:00 :: fetchAssets_query => SELECT id , CONCAT(UPPER(brand_name), ' ' ,model_number , '(', assets_code, ')') AS `assets_name` FROM `assets` WHERE assets_category = '1' AND ( assets_assign_to IS NULL OR assets_assign_to = '2') 

2025-06-18T13:57:42+02:00 final response => {"status":200,"message":"{\"2\":\"DELL E7470(EDLP0001)\",\"3\":\"DELL E7834(EDLP0002)\"}"}

 ============ End Of Script ================== 

2025-06-18T13:57:42+02:00: request received => {"category_id":"4","user_id":"2","method":"fetchAssets"} 

2025-06-18T13:57:42+02:00 :: method inside the fetchAssets 

2025-06-18T13:57:42+02:00 :: fetchAssets_query => SELECT id , CONCAT(UPPER(brand_name), ' ' ,model_number , '(', assets_code, ')') AS `assets_name` FROM `assets` WHERE assets_category = '4' AND ( assets_assign_to IS NULL OR assets_assign_to = '2') 

2025-06-18T13:57:42+02:00 final response => {"status":200,"message":"{\"4\":\"SAMSUNG Galaxy 5i(EDMB0001)\"}"}

 ============ End Of Script ================== 

2025-06-18T14:14:00+02:00: request received => {"user_id":"2","method":"fetchUserAssets"} 

2025-06-18T14:14:00+02:00 :: method inside the fetchUserAssets 

2025-06-18T14:14:00+02:00 :: userAssets_query => SELECT assets_assignation FROM users WHERE ID = '2' 

2025-06-18T14:14:00+02:00 :: userAssets => {"1":"3","4":"4"} 

2025-06-18T14:14:00+02:00 :: method inside the assetsCategory 

2025-06-18T14:14:00+02:00 :: fetchCategory_query => SELECT id, category_name FROM `assets_category` WHERE Deleted_at IS NULL 

2025-06-18T14:14:00+02:00 final response => {"model_heading":"Update Assets","buttonText":"Save","form_data":{"1":"3","4":"4"},"dropDownFiled":"{\"assets_category\":{\"1\":\"Laptop\",\"3\":\"Laptop Charger\",\"4\":\"Mobile\"}}"}

 ============ End Of Script ================== 

2025-06-18T14:14:00+02:00: request received => {"category_id":"1","user_id":"2","method":"fetchAssets"} 

2025-06-18T14:14:00+02:00 :: method inside the fetchAssets 

2025-06-18T14:14:00+02:00 :: fetchAssets_query => SELECT id , CONCAT(UPPER(brand_name), ' ' ,model_number , '(', assets_code, ')') AS `assets_name` FROM `assets` WHERE assets_category = '1' AND ( assets_assign_to IS NULL OR assets_assign_to = '2') 

2025-06-18T14:14:00+02:00 final response => {"status":200,"message":"{\"2\":\"DELL E7470(EDLP0001)\",\"3\":\"DELL E7834(EDLP0002)\"}"}

 ============ End Of Script ================== 

2025-06-18T14:14:00+02:00: request received => {"category_id":"4","user_id":"2","method":"fetchAssets"} 

2025-06-18T14:14:00+02:00 :: method inside the fetchAssets 

2025-06-18T14:14:00+02:00 :: fetchAssets_query => SELECT id , CONCAT(UPPER(brand_name), ' ' ,model_number , '(', assets_code, ')') AS `assets_name` FROM `assets` WHERE assets_category = '4' AND ( assets_assign_to IS NULL OR assets_assign_to = '2') 

2025-06-18T14:14:00+02:00 final response => {"status":200,"message":"{\"4\":\"SAMSUNG Galaxy 5i(EDMB0001)\"}"}

 ============ End Of Script ================== 

2025-06-18T14:23:08+02:00: request received => {"user_id":"2","method":"fetchUserAssets"} 

2025-06-18T14:23:08+02:00 :: method inside the fetchUserAssets 

2025-06-18T14:23:08+02:00 :: userAssets_query => SELECT assets_assignation FROM users WHERE ID = '2' 

2025-06-18T14:23:08+02:00 :: userAssets => {"1":"3","4":"4"} 

2025-06-18T14:23:08+02:00 :: method inside the assetsCategory 

2025-06-18T14:23:08+02:00 :: fetchCategory_query => SELECT id, category_name FROM `assets_category` WHERE Deleted_at IS NULL 

2025-06-18T14:23:08+02:00 final response => {"model_heading":"Update Assets","buttonText":"Save","form_data":{"1":"3","4":"4"},"dropDownFiled":"{\"assets_category\":{\"1\":\"Laptop\",\"3\":\"Laptop Charger\",\"4\":\"Mobile\"}}"}

 ============ End Of Script ================== 

2025-06-18T14:23:08+02:00: request received => {"category_id":"1","user_id":"2","method":"fetchAssets"} 

2025-06-18T14:23:08+02:00 :: method inside the fetchAssets 

2025-06-18T14:23:08+02:00 :: fetchAssets_query => SELECT id , CONCAT(UPPER(brand_name), ' ' ,model_number , '(', assets_code, ')') AS `assets_name` FROM `assets` WHERE assets_category = '1' AND ( assets_assign_to IS NULL OR assets_assign_to = '2') 

2025-06-18T14:23:08+02:00 final response => {"status":200,"message":"{\"2\":\"DELL E7470(EDLP0001)\",\"3\":\"DELL E7834(EDLP0002)\"}"}

 ============ End Of Script ================== 

2025-06-18T14:23:08+02:00: request received => {"category_id":"4","user_id":"2","method":"fetchAssets"} 

2025-06-18T14:23:08+02:00 :: method inside the fetchAssets 

2025-06-18T14:23:08+02:00 :: fetchAssets_query => SELECT id , CONCAT(UPPER(brand_name), ' ' ,model_number , '(', assets_code, ')') AS `assets_name` FROM `assets` WHERE assets_category = '4' AND ( assets_assign_to IS NULL OR assets_assign_to = '2') 

2025-06-18T14:23:08+02:00 final response => {"status":200,"message":"{\"4\":\"SAMSUNG Galaxy 5i(EDMB0001)\"}"}

 ============ End Of Script ================== 

